Using pre-set license
Built from 'HEAD' branch; Version is '2021.3.16f1c1 (56dbfdd6697f) revision 5692413'; Using compiler version '192829333'; Build Type 'Release'
OS: 'Windows 11  (10.0.22621) 64bit CoreCountrySpecific' Language: 'zh' Physical Memory: 32569 MB
BatchMode: 1, IsHumanControllingUs: 0, StartBugReporterOnCrash: 0, Is64bit: 1, IsPro: 1

COMMAND LINE ARGUMENTS:
F:\Softwave\Unity\2021.3.16f1c1\Editor\Unity.exe
-adb2
-batchMode
-noUpm
-name
AssetImportWorker0
-projectPath
F:/UnitySPRLearning/Particles
-logFile
Logs/AssetImportWorker0.log
-srvPort
50150
Successfully changed project path to: F:/UnitySPRLearning/Particles
F:/UnitySPRLearning/Particles
[UnityMemory] Configuration Parameters - Can be set up in boot.config
    "memorysetup-bucket-allocator-granularity=16"
    "memorysetup-bucket-allocator-bucket-count=8"
    "memorysetup-bucket-allocator-block-size=33554432"
    "memorysetup-bucket-allocator-block-count=8"
    "memorysetup-main-allocator-block-size=16777216"
    "memorysetup-thread-allocator-block-size=16777216"
    "memorysetup-gfx-main-allocator-block-size=16777216"
    "memorysetup-gfx-thread-allocator-block-size=16777216"
    "memorysetup-cache-allocator-block-size=4194304"
    "memorysetup-typetree-allocator-block-size=2097152"
    "memorysetup-profiler-bucket-allocator-granularity=16"
    "memorysetup-profiler-bucket-allocator-bucket-count=8"
    "memorysetup-profiler-bucket-allocator-block-size=33554432"
    "memorysetup-profiler-bucket-allocator-block-count=8"
    "memorysetup-profiler-allocator-block-size=16777216"
    "memorysetup-profiler-editor-allocator-block-size=1048576"
    "memorysetup-temp-allocator-size-main=16777216"
    "memorysetup-job-temp-allocator-block-size=2097152"
    "memorysetup-job-temp-allocator-block-size-background=1048576"
    "memorysetup-job-temp-allocator-reduction-small-platforms=262144"
    "memorysetup-temp-allocator-size-background-worker=32768"
    "memorysetup-temp-allocator-size-job-worker=262144"
    "memorysetup-temp-allocator-size-preload-manager=33554432"
    "memorysetup-temp-allocator-size-nav-mesh-worker=65536"
    "memorysetup-temp-allocator-size-audio-worker=65536"
    "memorysetup-temp-allocator-size-cloud-worker=32768"
    "memorysetup-temp-allocator-size-gi-baking-worker=262144"
    "memorysetup-temp-allocator-size-gfx=262144"
Player connection [24628] Host "[IP] 192.168.1.8 [Port] 0 [Flags] 2 [Guid] 3686670752 [EditorId] 3686670752 [Version] 1048832 [Id] WindowsEditor(7,DESKTOP-CP0T468) [Debug] 1 [PackageName] WindowsEditor [ProjectName] Editor" joined multi-casting on [225.0.0.222:54997]...

Player connection [24628] Host "[IP] 192.168.1.8 [Port] 0 [Flags] 2 [Guid] 3686670752 [EditorId] 3686670752 [Version] 1048832 [Id] WindowsEditor(7,DESKTOP-CP0T468) [Debug] 1 [PackageName] WindowsEditor [ProjectName] Editor" joined alternative multi-casting on [225.0.0.222:34997]...

AS: AutoStreaming module initializing.
Refreshing native plugins compatible for Editor in 33.24 ms, found 2 plugins.
Preloading 0 native plugins for Editor in 0.00 ms.
Initialize engine version: 2021.3.16f1c1 (56dbfdd6697f)
[Subsystems] Discovering subsystems at path F:/Softwave/Unity/2021.3.16f1c1/Editor/Data/Resources/UnitySubsystems
[Subsystems] Discovering subsystems at path F:/UnitySPRLearning/Particles/Assets
GfxDevice: creating device client; threaded=0; jobified=0
Direct3D:
    Version:  Direct3D 11.0 [level 11.1]
    Renderer: NVIDIA GeForce RTX 2080 (ID=0x1ed0)
    Vendor:   NVIDIA
    VRAM:     8002 MB
    Driver:   31.0.15.2849
Initialize mono
Mono path[0] = 'F:/Softwave/Unity/2021.3.16f1c1/Editor/Data/Managed'
Mono path[1] = 'F:/Softwave/Unity/2021.3.16f1c1/Editor/Data/MonoBleedingEdge/lib/mono/unityjit-win32'
Mono config path = 'F:/Softwave/Unity/2021.3.16f1c1/Editor/Data/MonoBleedingEdge/etc'
Using monoOptions --debugger-agent=transport=dt_socket,embedding=1,server=y,suspend=n,address=127.0.0.1:56588
Begin MonoManager ReloadAssembly
Registering precompiled unity dll's ...
Register platform support module: F:/Softwave/Unity/2021.3.16f1c1/Editor/Data/PlaybackEngines/WindowsStandaloneSupport/UnityEditor.WindowsStandalone.Extensions.dll
Registered in 0.030881 seconds.
Native extension for WindowsStandalone target not found
Refreshing native plugins compatible for Editor in 36.86 ms, found 2 plugins.
Preloading 0 native plugins for Editor in 0.00 ms.
Mono: successfully reloaded assembly
- Completed reload, in  0.649 seconds
Domain Reload Profiling:
	ReloadAssembly (649ms)
		BeginReloadAssembly (106ms)
			ExecutionOrderSort (0ms)
			DisableScriptedObjects (0ms)
			BackupInstance (0ms)
			ReleaseScriptingObjects (0ms)
			CreateAndSetChildDomain (1ms)
		EndReloadAssembly (402ms)
			LoadAssemblies (98ms)
			RebuildTransferFunctionScriptingTraits (0ms)
			SetupTypeCache (113ms)
			ReleaseScriptCaches (0ms)
			RebuildScriptCaches (24ms)
			SetupLoadedEditorAssemblies (205ms)
				LogAssemblyErrors (0ms)
				InitializePlatformSupportModulesInManaged (9ms)
				SetLoadedEditorAssemblies (0ms)
				RefreshPlugins (37ms)
				BeforeProcessingInitializeOnLoad (1ms)
				ProcessInitializeOnLoadAttributes (110ms)
				ProcessInitializeOnLoadMethodAttributes (47ms)
				AfterProcessingInitializeOnLoad (0ms)
				EditorAssembliesLoaded (0ms)
			ExecutionOrderSort2 (0ms)
			AwakeInstancesAfterBackupRestoration (0ms)
Platform modules already initialized, skipping
Registering precompiled user dll's ...
Registered in 0.008487 seconds.
Begin MonoManager ReloadAssembly
Native extension for WindowsStandalone target not found
Refreshing native plugins compatible for Editor in 29.95 ms, found 2 plugins.
Preloading 0 native plugins for Editor in 0.00 ms.
Mono: successfully reloaded assembly
- Completed reload, in  1.064 seconds
Domain Reload Profiling:
	ReloadAssembly (1064ms)
		BeginReloadAssembly (125ms)
			ExecutionOrderSort (0ms)
			DisableScriptedObjects (5ms)
			BackupInstance (0ms)
			ReleaseScriptingObjects (0ms)
			CreateAndSetChildDomain (18ms)
		EndReloadAssembly (808ms)
			LoadAssemblies (93ms)
			RebuildTransferFunctionScriptingTraits (0ms)
			SetupTypeCache (196ms)
			ReleaseScriptCaches (0ms)
			RebuildScriptCaches (70ms)
			SetupLoadedEditorAssemblies (387ms)
				LogAssemblyErrors (0ms)
				InitializePlatformSupportModulesInManaged (3ms)
				SetLoadedEditorAssemblies (0ms)
				RefreshPlugins (30ms)
				BeforeProcessingInitializeOnLoad (62ms)
				ProcessInitializeOnLoadAttributes (200ms)
				ProcessInitializeOnLoadMethodAttributes (75ms)
				AfterProcessingInitializeOnLoad (16ms)
				EditorAssembliesLoaded (0ms)
			ExecutionOrderSort2 (0ms)
			AwakeInstancesAfterBackupRestoration (8ms)
Platform modules already initialized, skipping
========================================================================
Worker process is ready to serve import requests
Launched and connected shader compiler UnityShaderCompiler.exe after 0.05 seconds
Refreshing native plugins compatible for Editor in 0.40 ms, found 2 plugins.
Preloading 0 native plugins for Editor in 0.00 ms.
Unloading 1955 Unused Serialized files (Serialized files now loaded: 0)
Unloading 21 unused Assets / (343.8 KB). Loaded Objects now: 2425.
Memory consumption went from 83.9 MB to 83.6 MB.
Total: 2.426400 ms (FindLiveObjects: 0.169200 ms CreateObjectMapping: 0.074300 ms MarkObjects: 2.088800 ms  DeleteObjects: 0.093300 ms)

AssetImportParameters requested are different than current active one (requested -> active):
  custom:video-decoder-ogg-theora: a1e56fd34408186e4bbccfd4996cb3dc -> 
  custom:container-muxer-webm: aa71ff27fc2769a1b78a27578f13a17b -> 
  custom:container-demuxer-webm: 4f35f7cbe854078d1ac9338744f61a02 -> 
  custom:video-encoder-webm-vp8: eb34c28f22e8b96e1ab97ce403110664 -> 
  custom:audio-encoder-webm-vorbis: bf7c407c2cedff20999df2af8eb42d56 -> 
  custom:framework-win-MediaFoundation: 216162199b28c13a410421893ffa2e32 -> 
  custom:container-demuxer-ogg: 62fdf1f143b41e24485cea50d1cbac27 -> 
  custom:video-decoder-webm-vp8: 9c59270c3fd7afecdb556c50c9e8de78 -> 
  custom:audio-decoder-ogg-vorbis: bf7c407c2cedff20999df2af8eb42d56 -> 
========================================================================
Received Import Request.
  Time since last request: 69726.034764 seconds.
  path: Assets/CustomRP/Shaders/Unlit-Particle.shader
  artifactKey: Guid(9aecb4656ba41304aa5556d80d45c22c) Importer(815301076,1909f56bfc062723c751e8b465ee728b)
Start importing Assets/CustomRP/Shaders/Unlit-Particle.shader using Guid(9aecb4656ba41304aa5556d80d45c22c) Importer(815301076,1909f56bfc062723c751e8b465ee728b)  -> (artifact id: 'eebcd5c398573a0635437cdc4a4c233c') in 0.033512 seconds 
========================================================================
Received Import Request.
  Time since last request: 5.220580 seconds.
  path: Assets/CustomRP/Shaders/Lit.shader
  artifactKey: Guid(fa5b56141da4b4c4191f4893a0122217) Importer(815301076,1909f56bfc062723c751e8b465ee728b)
Start importing Assets/CustomRP/Shaders/Lit.shader using Guid(fa5b56141da4b4c4191f4893a0122217) Importer(815301076,1909f56bfc062723c751e8b465ee728b)  -> (artifact id: '6c1cd847ee499fb61f3b7a4321539170') in 0.002545 seconds 
========================================================================
Received Import Request.
  Time since last request: 39.789123 seconds.
  path: Assets/CustomRP/Shaders/Lit.shader
  artifactKey: Guid(fa5b56141da4b4c4191f4893a0122217) Importer(815301076,1909f56bfc062723c751e8b465ee728b)
Start importing Assets/CustomRP/Shaders/Lit.shader using Guid(fa5b56141da4b4c4191f4893a0122217) Importer(815301076,1909f56bfc062723c751e8b465ee728b)  -> (artifact id: '01bb65755e2c7852586da6974cd3e3a5') in 0.002261 seconds 
========================================================================
Received Import Request.
  Time since last request: 21.129510 seconds.
  path: Assets/CustomRP/Shaders/Lit.shader
  artifactKey: Guid(fa5b56141da4b4c4191f4893a0122217) Importer(815301076,1909f56bfc062723c751e8b465ee728b)
Start importing Assets/CustomRP/Shaders/Lit.shader using Guid(fa5b56141da4b4c4191f4893a0122217) Importer(815301076,1909f56bfc062723c751e8b465ee728b)  -> (artifact id: '16a4210e8f9f06234ce4f77c36098808') in 0.002148 seconds 
========================================================================
Received Import Request.
  Time since last request: 16.945735 seconds.
  path: Assets/CustomRP/Shaders/Lit.shader
  artifactKey: Guid(fa5b56141da4b4c4191f4893a0122217) Importer(815301076,1909f56bfc062723c751e8b465ee728b)
Start importing Assets/CustomRP/Shaders/Lit.shader using Guid(fa5b56141da4b4c4191f4893a0122217) Importer(815301076,1909f56bfc062723c751e8b465ee728b)  -> (artifact id: 'a2fc5b381b0cb7ca44e7f10c5dc3a41a') in 0.012324 seconds 
========================================================================
Received Prepare
Registering precompiled user dll's ...
Registered in 0.008261 seconds.
Begin MonoManager ReloadAssembly
Native extension for WindowsStandalone target not found
Refreshing native plugins compatible for Editor in 0.51 ms, found 2 plugins.
Preloading 0 native plugins for Editor in 0.00 ms.
Mono: successfully reloaded assembly
- Completed reload, in  1.019 seconds
Domain Reload Profiling:
	ReloadAssembly (1020ms)
		BeginReloadAssembly (154ms)
			ExecutionOrderSort (0ms)
			DisableScriptedObjects (6ms)
			BackupInstance (0ms)
			ReleaseScriptingObjects (0ms)
			CreateAndSetChildDomain (28ms)
		EndReloadAssembly (740ms)
			LoadAssemblies (112ms)
			RebuildTransferFunctionScriptingTraits (0ms)
			SetupTypeCache (179ms)
			ReleaseScriptCaches (1ms)
			RebuildScriptCaches (44ms)
			SetupLoadedEditorAssemblies (366ms)
				LogAssemblyErrors (0ms)
				InitializePlatformSupportModulesInManaged (14ms)
				SetLoadedEditorAssemblies (1ms)
				RefreshPlugins (1ms)
				BeforeProcessingInitializeOnLoad (60ms)
				ProcessInitializeOnLoadAttributes (194ms)
				ProcessInitializeOnLoadMethodAttributes (80ms)
				AfterProcessingInitializeOnLoad (17ms)
				EditorAssembliesLoaded (0ms)
			ExecutionOrderSort2 (0ms)
			AwakeInstancesAfterBackupRestoration (10ms)
Platform modules already initialized, skipping
Refreshing native plugins compatible for Editor in 2.74 ms, found 2 plugins.
Preloading 0 native plugins for Editor in 0.00 ms.
Unloading 1937 Unused Serialized files (Serialized files now loaded: 0)
Unloading 14 unused Assets / (309.8 KB). Loaded Objects now: 2429.
Memory consumption went from 82.5 MB to 82.2 MB.
Total: 2.963000 ms (FindLiveObjects: 0.178000 ms CreateObjectMapping: 0.066000 ms MarkObjects: 2.631800 ms  DeleteObjects: 0.085900 ms)

AssetImportParameters requested are different than current active one (requested -> active):
  custom:video-decoder-ogg-theora: a1e56fd34408186e4bbccfd4996cb3dc -> 
  custom:container-muxer-webm: aa71ff27fc2769a1b78a27578f13a17b -> 
  custom:container-demuxer-webm: 4f35f7cbe854078d1ac9338744f61a02 -> 
  custom:video-encoder-webm-vp8: eb34c28f22e8b96e1ab97ce403110664 -> 
  custom:audio-encoder-webm-vorbis: bf7c407c2cedff20999df2af8eb42d56 -> 
  custom:framework-win-MediaFoundation: 216162199b28c13a410421893ffa2e32 -> 
  custom:container-demuxer-ogg: 62fdf1f143b41e24485cea50d1cbac27 -> 
  custom:video-decoder-webm-vp8: 9c59270c3fd7afecdb556c50c9e8de78 -> 
  custom:audio-decoder-ogg-vorbis: bf7c407c2cedff20999df2af8eb42d56 -> 
========================================================================
Received Import Request.
  Time since last request: 9.853068 seconds.
  path: Assets/CustomRP/Shaders/PostFXStack.shader
  artifactKey: Guid(02560015c38c5b74ca2bb405bd98a4d8) Importer(815301076,1909f56bfc062723c751e8b465ee728b)
Start importing Assets/CustomRP/Shaders/PostFXStack.shader using Guid(02560015c38c5b74ca2bb405bd98a4d8) Importer(815301076,1909f56bfc062723c751e8b465ee728b)  -> (artifact id: '26d1ce72d95ed890ed8a16a4f71d4034') in 0.014202 seconds 
========================================================================
Received Import Request.
  Time since last request: 1.145179 seconds.
  path: Assets/CustomRP/Shaders/Unlit-Particle.shader
  artifactKey: Guid(9aecb4656ba41304aa5556d80d45c22c) Importer(815301076,1909f56bfc062723c751e8b465ee728b)
Start importing Assets/CustomRP/Shaders/Unlit-Particle.shader using Guid(9aecb4656ba41304aa5556d80d45c22c) Importer(815301076,1909f56bfc062723c751e8b465ee728b)  -> (artifact id: 'f6cf0dee64b7708277bcfa056a2948d0') in 0.002115 seconds 
========================================================================
Received Import Request.
  Time since last request: 2.412621 seconds.
  path: Assets/CustomRP/Shaders/Unlit.shader
  artifactKey: Guid(eda327c5a2c481d4ba77d41194538529) Importer(815301076,1909f56bfc062723c751e8b465ee728b)
Start importing Assets/CustomRP/Shaders/Unlit.shader using Guid(eda327c5a2c481d4ba77d41194538529) Importer(815301076,1909f56bfc062723c751e8b465ee728b)  -> (artifact id: 'bbffe3a9595c8c458b1db36e3b854edd') in 0.002512 seconds 
========================================================================
Received Import Request.
  Time since last request: 4.091947 seconds.
  path: Assets/CustomRP/Shaders/PostFXStackPasses.hlsl
  artifactKey: Guid(1eb33bd1b4b4a61499410aa3a436ecc3) Importer(815301076,1909f56bfc062723c751e8b465ee728b)
Start importing Assets/CustomRP/Shaders/PostFXStackPasses.hlsl using Guid(1eb33bd1b4b4a61499410aa3a436ecc3) Importer(815301076,1909f56bfc062723c751e8b465ee728b)  -> (artifact id: '3edd6c06aa53c1c7bbb9dd1d44952deb') in 0.014302 seconds 
