Using pre-set license
Built from 'HEAD' branch; Version is '2021.3.16f1c1 (56dbfdd6697f) revision 5692413'; Using compiler version '192829333'; Build Type 'Release'
OS: 'Windows 11  (10.0.22621) 64bit CoreCountrySpecific' Language: 'zh' Physical Memory: 32569 MB
BatchMode: 1, IsHumanControllingUs: 0, StartBugReporterOnCrash: 0, Is64bit: 1, IsPro: 1

COMMAND LINE ARGUMENTS:
F:\Softwave\Unity\2021.3.16f1c1\Editor\Unity.exe
-adb2
-batchMode
-noUpm
-name
AssetImportWorker0
-projectPath
F:/UnitySPRLearning/ComplexMaps
-logFile
Logs/AssetImportWorker0.log
-srvPort
61477
Successfully changed project path to: F:/UnitySPRLearning/ComplexMaps
F:/UnitySPRLearning/ComplexMaps
[UnityMemory] Configuration Parameters - Can be set up in boot.config
    "memorysetup-bucket-allocator-granularity=16"
    "memorysetup-bucket-allocator-bucket-count=8"
    "memorysetup-bucket-allocator-block-size=33554432"
    "memorysetup-bucket-allocator-block-count=8"
    "memorysetup-main-allocator-block-size=16777216"
    "memorysetup-thread-allocator-block-size=16777216"
    "memorysetup-gfx-main-allocator-block-size=16777216"
    "memorysetup-gfx-thread-allocator-block-size=16777216"
    "memorysetup-cache-allocator-block-size=4194304"
    "memorysetup-typetree-allocator-block-size=2097152"
    "memorysetup-profiler-bucket-allocator-granularity=16"
    "memorysetup-profiler-bucket-allocator-bucket-count=8"
    "memorysetup-profiler-bucket-allocator-block-size=33554432"
    "memorysetup-profiler-bucket-allocator-block-count=8"
    "memorysetup-profiler-allocator-block-size=16777216"
    "memorysetup-profiler-editor-allocator-block-size=1048576"
    "memorysetup-temp-allocator-size-main=16777216"
    "memorysetup-job-temp-allocator-block-size=2097152"
    "memorysetup-job-temp-allocator-block-size-background=1048576"
    "memorysetup-job-temp-allocator-reduction-small-platforms=262144"
    "memorysetup-temp-allocator-size-background-worker=32768"
    "memorysetup-temp-allocator-size-job-worker=262144"
    "memorysetup-temp-allocator-size-preload-manager=33554432"
    "memorysetup-temp-allocator-size-nav-mesh-worker=65536"
    "memorysetup-temp-allocator-size-audio-worker=65536"
    "memorysetup-temp-allocator-size-cloud-worker=32768"
    "memorysetup-temp-allocator-size-gi-baking-worker=262144"
    "memorysetup-temp-allocator-size-gfx=262144"
Player connection [26112] Host "[IP] 192.168.1.3 [Port] 0 [Flags] 2 [Guid] 2851746941 [EditorId] 2851746941 [Version] 1048832 [Id] WindowsEditor(7,DESKTOP-CP0T468) [Debug] 1 [PackageName] WindowsEditor [ProjectName] Editor" joined multi-casting on [225.0.0.222:54997]...

Player connection [26112] Host "[IP] 192.168.1.3 [Port] 0 [Flags] 2 [Guid] 2851746941 [EditorId] 2851746941 [Version] 1048832 [Id] WindowsEditor(7,DESKTOP-CP0T468) [Debug] 1 [PackageName] WindowsEditor [ProjectName] Editor" joined alternative multi-casting on [225.0.0.222:34997]...

AS: AutoStreaming module initializing.
Refreshing native plugins compatible for Editor in 32.23 ms, found 2 plugins.
Preloading 0 native plugins for Editor in 0.00 ms.
Initialize engine version: 2021.3.16f1c1 (56dbfdd6697f)
[Subsystems] Discovering subsystems at path F:/Softwave/Unity/2021.3.16f1c1/Editor/Data/Resources/UnitySubsystems
[Subsystems] Discovering subsystems at path F:/UnitySPRLearning/ComplexMaps/Assets
GfxDevice: creating device client; threaded=0; jobified=0
Direct3D:
    Version:  Direct3D 11.0 [level 11.1]
    Renderer: NVIDIA GeForce RTX 2080 (ID=0x1ed0)
    Vendor:   NVIDIA
    VRAM:     8011 MB
    Driver:   31.0.15.1659
Initialize mono
Mono path[0] = 'F:/Softwave/Unity/2021.3.16f1c1/Editor/Data/Managed'
Mono path[1] = 'F:/Softwave/Unity/2021.3.16f1c1/Editor/Data/MonoBleedingEdge/lib/mono/unityjit-win32'
Mono config path = 'F:/Softwave/Unity/2021.3.16f1c1/Editor/Data/MonoBleedingEdge/etc'
Using monoOptions --debugger-agent=transport=dt_socket,embedding=1,server=y,suspend=n,address=127.0.0.1:56028
Begin MonoManager ReloadAssembly
Registering precompiled unity dll's ...
Register platform support module: F:/Softwave/Unity/2021.3.16f1c1/Editor/Data/PlaybackEngines/WindowsStandaloneSupport/UnityEditor.WindowsStandalone.Extensions.dll
Registered in 0.003902 seconds.
Native extension for WindowsStandalone target not found
Refreshing native plugins compatible for Editor in 28.88 ms, found 2 plugins.
Preloading 0 native plugins for Editor in 0.00 ms.
Mono: successfully reloaded assembly
- Completed reload, in  0.618 seconds
Domain Reload Profiling:
	ReloadAssembly (618ms)
		BeginReloadAssembly (102ms)
			ExecutionOrderSort (0ms)
			DisableScriptedObjects (0ms)
			BackupInstance (0ms)
			ReleaseScriptingObjects (0ms)
			CreateAndSetChildDomain (1ms)
		EndReloadAssembly (401ms)
			LoadAssemblies (95ms)
			RebuildTransferFunctionScriptingTraits (0ms)
			SetupTypeCache (129ms)
			ReleaseScriptCaches (0ms)
			RebuildScriptCaches (30ms)
			SetupLoadedEditorAssemblies (187ms)
				LogAssemblyErrors (0ms)
				InitializePlatformSupportModulesInManaged (6ms)
				SetLoadedEditorAssemblies (0ms)
				RefreshPlugins (29ms)
				BeforeProcessingInitializeOnLoad (1ms)
				ProcessInitializeOnLoadAttributes (105ms)
				ProcessInitializeOnLoadMethodAttributes (45ms)
				AfterProcessingInitializeOnLoad (0ms)
				EditorAssembliesLoaded (0ms)
			ExecutionOrderSort2 (0ms)
			AwakeInstancesAfterBackupRestoration (0ms)
Platform modules already initialized, skipping
Registering precompiled user dll's ...
Registered in 0.008466 seconds.
Begin MonoManager ReloadAssembly
Native extension for WindowsStandalone target not found
Refreshing native plugins compatible for Editor in 31.21 ms, found 2 plugins.
Preloading 0 native plugins for Editor in 0.00 ms.
Mono: successfully reloaded assembly
- Completed reload, in  0.974 seconds
Domain Reload Profiling:
	ReloadAssembly (975ms)
		BeginReloadAssembly (131ms)
			ExecutionOrderSort (0ms)
			DisableScriptedObjects (5ms)
			BackupInstance (0ms)
			ReleaseScriptingObjects (0ms)
			CreateAndSetChildDomain (18ms)
		EndReloadAssembly (716ms)
			LoadAssemblies (99ms)
			RebuildTransferFunctionScriptingTraits (0ms)
			SetupTypeCache (170ms)
			ReleaseScriptCaches (0ms)
			RebuildScriptCaches (39ms)
			SetupLoadedEditorAssemblies (375ms)
				LogAssemblyErrors (0ms)
				InitializePlatformSupportModulesInManaged (3ms)
				SetLoadedEditorAssemblies (0ms)
				RefreshPlugins (31ms)
				BeforeProcessingInitializeOnLoad (59ms)
				ProcessInitializeOnLoadAttributes (199ms)
				ProcessInitializeOnLoadMethodAttributes (65ms)
				AfterProcessingInitializeOnLoad (16ms)
				EditorAssembliesLoaded (0ms)
			ExecutionOrderSort2 (0ms)
			AwakeInstancesAfterBackupRestoration (8ms)
Platform modules already initialized, skipping
========================================================================
Worker process is ready to serve import requests
Launched and connected shader compiler UnityShaderCompiler.exe after 0.05 seconds
Refreshing native plugins compatible for Editor in 0.38 ms, found 2 plugins.
Preloading 0 native plugins for Editor in 0.00 ms.
Unloading 1954 Unused Serialized files (Serialized files now loaded: 0)
Unloading 21 unused Assets / (343.8 KB). Loaded Objects now: 2424.
Memory consumption went from 83.6 MB to 83.3 MB.
Total: 2.743100 ms (FindLiveObjects: 0.156300 ms CreateObjectMapping: 0.070500 ms MarkObjects: 2.419500 ms  DeleteObjects: 0.095900 ms)

AssetImportParameters requested are different than current active one (requested -> active):
  custom:video-decoder-ogg-theora: a1e56fd34408186e4bbccfd4996cb3dc -> 
  custom:container-muxer-webm: aa71ff27fc2769a1b78a27578f13a17b -> 
  custom:container-demuxer-webm: 4f35f7cbe854078d1ac9338744f61a02 -> 
  custom:video-encoder-webm-vp8: eb34c28f22e8b96e1ab97ce403110664 -> 
  custom:audio-encoder-webm-vorbis: bf7c407c2cedff20999df2af8eb42d56 -> 
  custom:framework-win-MediaFoundation: 216162199b28c13a410421893ffa2e32 -> 
  custom:container-demuxer-ogg: 62fdf1f143b41e24485cea50d1cbac27 -> 
  custom:video-decoder-webm-vp8: 9c59270c3fd7afecdb556c50c9e8de78 -> 
  custom:audio-decoder-ogg-vorbis: bf7c407c2cedff20999df2af8eb42d56 -> 
========================================================================
Received Import Request.
  Time since last request: 80027.085380 seconds.
  path: Assets/Scene/Scene1
  artifactKey: Guid(a0be4dff57a2c8244aed719933a85047) Importer(815301076,1909f56bfc062723c751e8b465ee728b)
Start importing Assets/Scene/Scene1 using Guid(a0be4dff57a2c8244aed719933a85047) Importer(815301076,1909f56bfc062723c751e8b465ee728b)  -> (artifact id: 'f699ce07fd5b5872dc3749afc7605546') in 0.005045 seconds 
========================================================================
Received Import Request.
  Time since last request: 9.666650 seconds.
  path: Assets/Scene/Scene14
  artifactKey: Guid(db1884c504c613d44929d02b1d2d1afb) Importer(815301076,1909f56bfc062723c751e8b465ee728b)
Start importing Assets/Scene/Scene14 using Guid(db1884c504c613d44929d02b1d2d1afb) Importer(815301076,1909f56bfc062723c751e8b465ee728b)  -> (artifact id: '3ad2bffabc2cf830309e92d8b5359d78') in 0.003075 seconds 
========================================================================
Received Import Request.
  Time since last request: 13.682392 seconds.
  path: Assets/Scene/Scene14/Scene14.unity
  artifactKey: Guid(2b02a2c24603dd94196da3c14fe5aad3) Importer(815301076,1909f56bfc062723c751e8b465ee728b)
Start importing Assets/Scene/Scene14/Scene14.unity using Guid(2b02a2c24603dd94196da3c14fe5aad3) Importer(815301076,1909f56bfc062723c751e8b465ee728b)  -> (artifact id: '4e7933321c8713e689dca566df41ef3f') in 0.002673 seconds 
========================================================================
Received Import Request.
  Time since last request: 5.297492 seconds.
  path: Assets/Scene/Scene12/Scene12.unity
  artifactKey: Guid(d71316b06f6aeb94caddaa515325b0f9) Importer(815301076,1909f56bfc062723c751e8b465ee728b)
Start importing Assets/Scene/Scene12/Scene12.unity using Guid(d71316b06f6aeb94caddaa515325b0f9) Importer(815301076,1909f56bfc062723c751e8b465ee728b)  -> (artifact id: '79feb016f800c2ba673aed81cb15b226') in 0.002181 seconds 
========================================================================
Received Import Request.
  Time since last request: 164.395046 seconds.
  path: Assets/Scene/Scene14/Gun
  artifactKey: Guid(e2fc0f3a35285214d81e93d04b857338) Importer(815301076,1909f56bfc062723c751e8b465ee728b)
Start importing Assets/Scene/Scene14/Gun using Guid(e2fc0f3a35285214d81e93d04b857338) Importer(815301076,1909f56bfc062723c751e8b465ee728b)  -> (artifact id: 'fc5bc01387de8cabc00896e60ed78d0f') in 0.003142 seconds 
========================================================================
Received Import Request.
  Time since last request: 139.592161 seconds.
  path: Assets/Scene/Scene14/Gun/T_KA47_ALB.PNG
  artifactKey: Guid(fb885a2b192840a458bfe5010cc11fb2) Importer(815301076,1909f56bfc062723c751e8b465ee728b)
Start importing Assets/Scene/Scene14/Gun/T_KA47_ALB.PNG using Guid(fb885a2b192840a458bfe5010cc11fb2) Importer(815301076,1909f56bfc062723c751e8b465ee728b)  -> (artifact id: 'f9bf18ae4b4898161ef0c3d3caa3e766') in 0.071645 seconds 
========================================================================
Received Import Request.
  Time since last request: 20.476073 seconds.
  path: Assets/CustomRP/Assets/Post FX_1 1.asset
  artifactKey: Guid(6db4ba0caabf83044ba524635a62fb85) Importer(815301076,1909f56bfc062723c751e8b465ee728b)
Start importing Assets/CustomRP/Assets/Post FX_1 1.asset using Guid(6db4ba0caabf83044ba524635a62fb85) Importer(815301076,1909f56bfc062723c751e8b465ee728b)  -> (artifact id: '5d1535111de47187b921081398354759') in 0.008269 seconds 
========================================================================
Received Import Request.
  Time since last request: 7.924818 seconds.
  path: Assets/CustomRP/Assets/Post FX.asset
  artifactKey: Guid(6db4ba0caabf83044ba524635a62fb85) Importer(815301076,1909f56bfc062723c751e8b465ee728b)
Start importing Assets/CustomRP/Assets/Post FX.asset using Guid(6db4ba0caabf83044ba524635a62fb85) Importer(815301076,1909f56bfc062723c751e8b465ee728b)  -> (artifact id: 'dbf704551e6d4c3e658837bcf3b3938f') in 0.003217 seconds 
========================================================================
Received Import Request.
  Time since last request: 37.619635 seconds.
  path: Assets/CustomRP/Assets/Post FX.asset
  artifactKey: Guid(6db4ba0caabf83044ba524635a62fb85) Importer(815301076,1909f56bfc062723c751e8b465ee728b)
Start importing Assets/CustomRP/Assets/Post FX.asset using Guid(6db4ba0caabf83044ba524635a62fb85) Importer(815301076,1909f56bfc062723c751e8b465ee728b)  -> (artifact id: 'f57f52fd33e5f058e32d0febd4c0834e') in 0.002344 seconds 
========================================================================
Received Import Request.
  Time since last request: 180.265675 seconds.
  path: Assets/Scene/Scene14/Scene14.unity
  artifactKey: Guid(2b02a2c24603dd94196da3c14fe5aad3) Importer(815301076,1909f56bfc062723c751e8b465ee728b)
Start importing Assets/Scene/Scene14/Scene14.unity using Guid(2b02a2c24603dd94196da3c14fe5aad3) Importer(815301076,1909f56bfc062723c751e8b465ee728b)  -> (artifact id: '65f5731a7e87ecb51984bcf9ba5bc439') in 0.001830 seconds 
========================================================================
Received Import Request.
  Time since last request: 2.991108 seconds.
  path: Assets/CustomRP/Assets/Post FX.asset
  artifactKey: Guid(5d5d424263a395c49b9d488087e5fbdd) Importer(815301076,1909f56bfc062723c751e8b465ee728b)
Start importing Assets/CustomRP/Assets/Post FX.asset using Guid(5d5d424263a395c49b9d488087e5fbdd) Importer(815301076,1909f56bfc062723c751e8b465ee728b)  -> (artifact id: '6d8ee645327a3c972e807a79b9d4a3d2') in 0.002570 seconds 
========================================================================
Received Import Request.
  Time since last request: 25.382133 seconds.
  path: Assets/CustomRP/Assets/Post FX.asset
  artifactKey: Guid(5d5d424263a395c49b9d488087e5fbdd) Importer(815301076,1909f56bfc062723c751e8b465ee728b)
Start importing Assets/CustomRP/Assets/Post FX.asset using Guid(5d5d424263a395c49b9d488087e5fbdd) Importer(815301076,1909f56bfc062723c751e8b465ee728b)  -> (artifact id: '4ab3b980a1d03208d6a6aeb629e3b760') in 0.002547 seconds 
========================================================================
Received Import Request.
  Time since last request: 4406.552605 seconds.
  path: Assets/Scene/Scene14/Scene14/Gun.obj
  artifactKey: Guid(bc0112051c1f13d4ca9219189855522f) Importer(815301076,1909f56bfc062723c751e8b465ee728b)
Start importing Assets/Scene/Scene14/Scene14/Gun.obj using Guid(bc0112051c1f13d4ca9219189855522f) Importer(815301076,1909f56bfc062723c751e8b465ee728b)  -> (artifact id: '08d340e380ae3723275c529e08823d38') in 0.340134 seconds 
========================================================================
Received Import Request.
  Time since last request: 7.299929 seconds.
  path: Assets/Scene/Scene14/Gun/SK_KA47.FBX
  artifactKey: Guid(756a5348655868244af8d040df310214) Importer(815301076,1909f56bfc062723c751e8b465ee728b)
Start importing Assets/Scene/Scene14/Gun/SK_KA47.FBX using Guid(756a5348655868244af8d040df310214) Importer(815301076,1909f56bfc062723c751e8b465ee728b)  -> (artifact id: 'fc6b71e7a620b154d06913079d61c9c4') in 0.067240 seconds 
========================================================================
Received Import Request.
  Time since last request: 288.192190 seconds.
  path: Assets/Scene/Scene14/Gun/Gun.obj
  artifactKey: Guid(bc0112051c1f13d4ca9219189855522f) Importer(815301076,1909f56bfc062723c751e8b465ee728b)
Start importing Assets/Scene/Scene14/Gun/Gun.obj using Guid(bc0112051c1f13d4ca9219189855522f) Importer(815301076,1909f56bfc062723c751e8b465ee728b)  -> (artifact id: '50852d4092a549023dfc160ff0475b02') in 0.016135 seconds 
========================================================================
Received Import Request.
  Time since last request: 4.050917 seconds.
  path: Assets/Scene/Scene14/Scene14
  artifactKey: Guid(98ca63ce44e2ead498719d57d6f2f95a) Importer(815301076,1909f56bfc062723c751e8b465ee728b)
Start importing Assets/Scene/Scene14/Scene14 using Guid(98ca63ce44e2ead498719d57d6f2f95a) Importer(815301076,1909f56bfc062723c751e8b465ee728b)  -> (artifact id: '583d48bffbee099cf96c3d6e724044b8') in 0.002049 seconds 
========================================================================
Received Import Request.
  Time since last request: 397.459587 seconds.
  path: Assets/CustomRP/Assets/Post FX.asset
  artifactKey: Guid(5d5d424263a395c49b9d488087e5fbdd) Importer(815301076,1909f56bfc062723c751e8b465ee728b)
Start importing Assets/CustomRP/Assets/Post FX.asset using Guid(5d5d424263a395c49b9d488087e5fbdd) Importer(815301076,1909f56bfc062723c751e8b465ee728b)  -> (artifact id: 'ee0c6429628763c26db3df53cc56d288') in 0.002939 seconds 
