Using pre-set license
Built from 'HEAD' branch; Version is '2021.3.16f1c1 (56dbfdd6697f) revision 5692413'; Using compiler version '192829333'; Build Type 'Release'
OS: 'Windows 11  (10.0.22000) 64bit CoreCountrySpecific' Language: 'zh' Physical Memory: 32569 MB
BatchMode: 1, IsHumanControllingUs: 0, StartBugReporterOnCrash: 0, Is64bit: 1, IsPro: 1

COMMAND LINE ARGUMENTS:
F:\Softwave\Unity\2021.3.16f1c1\Editor\Unity.exe
-adb2
-batchMode
-noUpm
-name
AssetImportWorker1
-projectPath
F:/UnitySPRLearning/PointandSpotLights
-logFile
Logs/AssetImportWorker1.log
-srvPort
57364
Successfully changed project path to: F:/UnitySPRLearning/PointandSpotLights
F:/UnitySPRLearning/PointandSpotLights
[UnityMemory] Configuration Parameters - Can be set up in boot.config
    "memorysetup-bucket-allocator-granularity=16"
    "memorysetup-bucket-allocator-bucket-count=8"
    "memorysetup-bucket-allocator-block-size=33554432"
    "memorysetup-bucket-allocator-block-count=8"
    "memorysetup-main-allocator-block-size=16777216"
    "memorysetup-thread-allocator-block-size=16777216"
    "memorysetup-gfx-main-allocator-block-size=16777216"
    "memorysetup-gfx-thread-allocator-block-size=16777216"
    "memorysetup-cache-allocator-block-size=4194304"
    "memorysetup-typetree-allocator-block-size=2097152"
    "memorysetup-profiler-bucket-allocator-granularity=16"
    "memorysetup-profiler-bucket-allocator-bucket-count=8"
    "memorysetup-profiler-bucket-allocator-block-size=33554432"
    "memorysetup-profiler-bucket-allocator-block-count=8"
    "memorysetup-profiler-allocator-block-size=16777216"
    "memorysetup-profiler-editor-allocator-block-size=1048576"
    "memorysetup-temp-allocator-size-main=16777216"
    "memorysetup-job-temp-allocator-block-size=2097152"
    "memorysetup-job-temp-allocator-block-size-background=1048576"
    "memorysetup-job-temp-allocator-reduction-small-platforms=262144"
    "memorysetup-temp-allocator-size-background-worker=32768"
    "memorysetup-temp-allocator-size-job-worker=262144"
    "memorysetup-temp-allocator-size-preload-manager=33554432"
    "memorysetup-temp-allocator-size-nav-mesh-worker=65536"
    "memorysetup-temp-allocator-size-audio-worker=65536"
    "memorysetup-temp-allocator-size-cloud-worker=32768"
    "memorysetup-temp-allocator-size-gi-baking-worker=262144"
    "memorysetup-temp-allocator-size-gfx=262144"
Player connection [4052] Host "[IP] 192.168.1.3 [Port] 0 [Flags] 2 [Guid] 2386314225 [EditorId] 2386314225 [Version] 1048832 [Id] WindowsEditor(7,DESKTOP-CP0T468) [Debug] 1 [PackageName] WindowsEditor [ProjectName] Editor" joined multi-casting on [225.0.0.222:54997]...

Player connection [4052] Host "[IP] 192.168.1.3 [Port] 0 [Flags] 2 [Guid] 2386314225 [EditorId] 2386314225 [Version] 1048832 [Id] WindowsEditor(7,DESKTOP-CP0T468) [Debug] 1 [PackageName] WindowsEditor [ProjectName] Editor" joined alternative multi-casting on [225.0.0.222:34997]...

AS: AutoStreaming module initializing.
Refreshing native plugins compatible for Editor in 32.65 ms, found 2 plugins.
Preloading 0 native plugins for Editor in 0.00 ms.
Initialize engine version: 2021.3.16f1c1 (56dbfdd6697f)
[Subsystems] Discovering subsystems at path F:/Softwave/Unity/2021.3.16f1c1/Editor/Data/Resources/UnitySubsystems
[Subsystems] Discovering subsystems at path F:/UnitySPRLearning/PointandSpotLights/Assets
GfxDevice: creating device client; threaded=0; jobified=0
Direct3D:
    Version:  Direct3D 11.0 [level 11.1]
    Renderer: NVIDIA GeForce RTX 2080 (ID=0x1ed0)
    Vendor:   NVIDIA
    VRAM:     8011 MB
    Driver:   31.0.15.1659
Initialize mono
Mono path[0] = 'F:/Softwave/Unity/2021.3.16f1c1/Editor/Data/Managed'
Mono path[1] = 'F:/Softwave/Unity/2021.3.16f1c1/Editor/Data/MonoBleedingEdge/lib/mono/unityjit-win32'
Mono config path = 'F:/Softwave/Unity/2021.3.16f1c1/Editor/Data/MonoBleedingEdge/etc'
Using monoOptions --debugger-agent=transport=dt_socket,embedding=1,server=y,suspend=n,address=127.0.0.1:56596
Begin MonoManager ReloadAssembly
Registering precompiled unity dll's ...
Register platform support module: F:/Softwave/Unity/2021.3.16f1c1/Editor/Data/PlaybackEngines/WindowsStandaloneSupport/UnityEditor.WindowsStandalone.Extensions.dll
Registered in 0.003052 seconds.
Native extension for WindowsStandalone target not found
Refreshing native plugins compatible for Editor in 29.41 ms, found 2 plugins.
Preloading 0 native plugins for Editor in 0.00 ms.
Mono: successfully reloaded assembly
- Completed reload, in  0.584 seconds
Domain Reload Profiling:
	ReloadAssembly (585ms)
		BeginReloadAssembly (91ms)
			ExecutionOrderSort (0ms)
			DisableScriptedObjects (0ms)
			BackupInstance (0ms)
			ReleaseScriptingObjects (0ms)
			CreateAndSetChildDomain (1ms)
		EndReloadAssembly (377ms)
			LoadAssemblies (83ms)
			RebuildTransferFunctionScriptingTraits (0ms)
			SetupTypeCache (108ms)
			ReleaseScriptCaches (0ms)
			RebuildScriptCaches (26ms)
			SetupLoadedEditorAssemblies (191ms)
				LogAssemblyErrors (0ms)
				InitializePlatformSupportModulesInManaged (6ms)
				SetLoadedEditorAssemblies (0ms)
				RefreshPlugins (30ms)
				BeforeProcessingInitializeOnLoad (1ms)
				ProcessInitializeOnLoadAttributes (112ms)
				ProcessInitializeOnLoadMethodAttributes (43ms)
				AfterProcessingInitializeOnLoad (0ms)
				EditorAssembliesLoaded (0ms)
			ExecutionOrderSort2 (0ms)
			AwakeInstancesAfterBackupRestoration (0ms)
Platform modules already initialized, skipping
Registering precompiled user dll's ...
Registered in 0.008472 seconds.
Begin MonoManager ReloadAssembly
Native extension for WindowsStandalone target not found
Refreshing native plugins compatible for Editor in 27.45 ms, found 2 plugins.
Preloading 0 native plugins for Editor in 0.00 ms.
Mono: successfully reloaded assembly
- Completed reload, in  0.959 seconds
Domain Reload Profiling:
	ReloadAssembly (960ms)
		BeginReloadAssembly (128ms)
			ExecutionOrderSort (0ms)
			DisableScriptedObjects (5ms)
			BackupInstance (0ms)
			ReleaseScriptingObjects (0ms)
			CreateAndSetChildDomain (17ms)
		EndReloadAssembly (698ms)
			LoadAssemblies (96ms)
			RebuildTransferFunctionScriptingTraits (0ms)
			SetupTypeCache (170ms)
			ReleaseScriptCaches (1ms)
			RebuildScriptCaches (38ms)
			SetupLoadedEditorAssemblies (365ms)
				LogAssemblyErrors (0ms)
				InitializePlatformSupportModulesInManaged (3ms)
				SetLoadedEditorAssemblies (0ms)
				RefreshPlugins (28ms)
				BeforeProcessingInitializeOnLoad (57ms)
				ProcessInitializeOnLoadAttributes (189ms)
				ProcessInitializeOnLoadMethodAttributes (74ms)
				AfterProcessingInitializeOnLoad (14ms)
				EditorAssembliesLoaded (0ms)
			ExecutionOrderSort2 (0ms)
			AwakeInstancesAfterBackupRestoration (6ms)
Platform modules already initialized, skipping
========================================================================
Worker process is ready to serve import requests
Launched and connected shader compiler UnityShaderCompiler.exe after 0.04 seconds
Refreshing native plugins compatible for Editor in 0.38 ms, found 2 plugins.
Preloading 0 native plugins for Editor in 0.00 ms.
Unloading 1941 Unused Serialized files (Serialized files now loaded: 0)
Unloading 21 unused Assets / (343.5 KB). Loaded Objects now: 2410.
Memory consumption went from 82.8 MB to 82.5 MB.
Total: 2.627600 ms (FindLiveObjects: 0.155400 ms CreateObjectMapping: 0.076400 ms MarkObjects: 2.302400 ms  DeleteObjects: 0.092700 ms)

AssetImportParameters requested are different than current active one (requested -> active):
  custom:video-decoder-ogg-theora: a1e56fd34408186e4bbccfd4996cb3dc -> 
  custom:container-muxer-webm: aa71ff27fc2769a1b78a27578f13a17b -> 
  custom:container-demuxer-webm: 4f35f7cbe854078d1ac9338744f61a02 -> 
  custom:video-encoder-webm-vp8: eb34c28f22e8b96e1ab97ce403110664 -> 
  custom:audio-encoder-webm-vorbis: bf7c407c2cedff20999df2af8eb42d56 -> 
  custom:framework-win-MediaFoundation: 216162199b28c13a410421893ffa2e32 -> 
  custom:container-demuxer-ogg: 62fdf1f143b41e24485cea50d1cbac27 -> 
  custom:video-decoder-webm-vp8: 9c59270c3fd7afecdb556c50c9e8de78 -> 
  custom:audio-decoder-ogg-vorbis: bf7c407c2cedff20999df2af8eb42d56 -> 
========================================================================
Received Prepare
Registering precompiled user dll's ...
Registered in 0.007839 seconds.
Begin MonoManager ReloadAssembly
Native extension for WindowsStandalone target not found
Refreshing native plugins compatible for Editor in 0.39 ms, found 2 plugins.
Preloading 0 native plugins for Editor in 0.00 ms.
Mono: successfully reloaded assembly
- Completed reload, in  0.983 seconds
Domain Reload Profiling:
	ReloadAssembly (984ms)
		BeginReloadAssembly (155ms)
			ExecutionOrderSort (0ms)
			DisableScriptedObjects (6ms)
			BackupInstance (0ms)
			ReleaseScriptingObjects (0ms)
			CreateAndSetChildDomain (33ms)
		EndReloadAssembly (723ms)
			LoadAssemblies (105ms)
			RebuildTransferFunctionScriptingTraits (0ms)
			SetupTypeCache (209ms)
			ReleaseScriptCaches (1ms)
			RebuildScriptCaches (38ms)
			SetupLoadedEditorAssemblies (333ms)
				LogAssemblyErrors (0ms)
				InitializePlatformSupportModulesInManaged (11ms)
				SetLoadedEditorAssemblies (0ms)
				RefreshPlugins (0ms)
				BeforeProcessingInitializeOnLoad (63ms)
				ProcessInitializeOnLoadAttributes (177ms)
				ProcessInitializeOnLoadMethodAttributes (67ms)
				AfterProcessingInitializeOnLoad (14ms)
				EditorAssembliesLoaded (0ms)
			ExecutionOrderSort2 (0ms)
			AwakeInstancesAfterBackupRestoration (7ms)
Platform modules already initialized, skipping
Refreshing native plugins compatible for Editor in 1.81 ms, found 2 plugins.
Preloading 0 native plugins for Editor in 0.00 ms.
Unloading 1926 Unused Serialized files (Serialized files now loaded: 0)
Unloading 14 unused Assets / (309.8 KB). Loaded Objects now: 2413.
Memory consumption went from 81.7 MB to 81.4 MB.
Total: 2.712800 ms (FindLiveObjects: 0.142800 ms CreateObjectMapping: 0.059600 ms MarkObjects: 2.450800 ms  DeleteObjects: 0.058600 ms)

AssetImportParameters requested are different than current active one (requested -> active):
  custom:video-decoder-ogg-theora: a1e56fd34408186e4bbccfd4996cb3dc -> 
  custom:container-muxer-webm: aa71ff27fc2769a1b78a27578f13a17b -> 
  custom:container-demuxer-webm: 4f35f7cbe854078d1ac9338744f61a02 -> 
  custom:video-encoder-webm-vp8: eb34c28f22e8b96e1ab97ce403110664 -> 
  custom:audio-encoder-webm-vorbis: bf7c407c2cedff20999df2af8eb42d56 -> 
  custom:framework-win-MediaFoundation: 216162199b28c13a410421893ffa2e32 -> 
  custom:container-demuxer-ogg: 62fdf1f143b41e24485cea50d1cbac27 -> 
  custom:video-decoder-webm-vp8: 9c59270c3fd7afecdb556c50c9e8de78 -> 
  custom:audio-decoder-ogg-vorbis: bf7c407c2cedff20999df2af8eb42d56 -> 
========================================================================
Received Prepare
Registering precompiled user dll's ...
Registered in 0.009124 seconds.
Begin MonoManager ReloadAssembly
Native extension for WindowsStandalone target not found
Refreshing native plugins compatible for Editor in 0.61 ms, found 2 plugins.
Preloading 0 native plugins for Editor in 0.00 ms.
Mono: successfully reloaded assembly
- Completed reload, in  0.942 seconds
Domain Reload Profiling:
	ReloadAssembly (942ms)
		BeginReloadAssembly (146ms)
			ExecutionOrderSort (0ms)
			DisableScriptedObjects (6ms)
			BackupInstance (0ms)
			ReleaseScriptingObjects (0ms)
			CreateAndSetChildDomain (28ms)
		EndReloadAssembly (683ms)
			LoadAssemblies (104ms)
			RebuildTransferFunctionScriptingTraits (0ms)
			SetupTypeCache (207ms)
			ReleaseScriptCaches (1ms)
			RebuildScriptCaches (35ms)
			SetupLoadedEditorAssemblies (307ms)
				LogAssemblyErrors (0ms)
				InitializePlatformSupportModulesInManaged (12ms)
				SetLoadedEditorAssemblies (1ms)
				RefreshPlugins (1ms)
				BeforeProcessingInitializeOnLoad (51ms)
				ProcessInitializeOnLoadAttributes (165ms)
				ProcessInitializeOnLoadMethodAttributes (63ms)
				AfterProcessingInitializeOnLoad (15ms)
				EditorAssembliesLoaded (0ms)
			ExecutionOrderSort2 (0ms)
			AwakeInstancesAfterBackupRestoration (7ms)
Platform modules already initialized, skipping
Refreshing native plugins compatible for Editor in 3.37 ms, found 2 plugins.
Preloading 0 native plugins for Editor in 0.00 ms.
Unloading 1926 Unused Serialized files (Serialized files now loaded: 0)
Unloading 14 unused Assets / (309.9 KB). Loaded Objects now: 2416.
Memory consumption went from 81.7 MB to 81.4 MB.
Total: 2.439300 ms (FindLiveObjects: 0.150900 ms CreateObjectMapping: 0.064500 ms MarkObjects: 2.167200 ms  DeleteObjects: 0.055700 ms)

AssetImportParameters requested are different than current active one (requested -> active):
  custom:video-decoder-ogg-theora: a1e56fd34408186e4bbccfd4996cb3dc -> 
  custom:container-muxer-webm: aa71ff27fc2769a1b78a27578f13a17b -> 
  custom:container-demuxer-webm: 4f35f7cbe854078d1ac9338744f61a02 -> 
  custom:video-encoder-webm-vp8: eb34c28f22e8b96e1ab97ce403110664 -> 
  custom:audio-encoder-webm-vorbis: bf7c407c2cedff20999df2af8eb42d56 -> 
  custom:framework-win-MediaFoundation: 216162199b28c13a410421893ffa2e32 -> 
  custom:container-demuxer-ogg: 62fdf1f143b41e24485cea50d1cbac27 -> 
  custom:video-decoder-webm-vp8: 9c59270c3fd7afecdb556c50c9e8de78 -> 
  custom:audio-decoder-ogg-vorbis: bf7c407c2cedff20999df2af8eb42d56 -> 
========================================================================
Received Prepare
Registering precompiled user dll's ...
Registered in 0.008691 seconds.
Begin MonoManager ReloadAssembly
Native extension for WindowsStandalone target not found
Refreshing native plugins compatible for Editor in 0.70 ms, found 2 plugins.
Preloading 0 native plugins for Editor in 0.00 ms.
Mono: successfully reloaded assembly
- Completed reload, in  1.028 seconds
Domain Reload Profiling:
	ReloadAssembly (1029ms)
		BeginReloadAssembly (175ms)
			ExecutionOrderSort (0ms)
			DisableScriptedObjects (5ms)
			BackupInstance (0ms)
			ReleaseScriptingObjects (0ms)
			CreateAndSetChildDomain (30ms)
		EndReloadAssembly (737ms)
			LoadAssemblies (106ms)
			RebuildTransferFunctionScriptingTraits (0ms)
			SetupTypeCache (206ms)
			ReleaseScriptCaches (1ms)
			RebuildScriptCaches (45ms)
			SetupLoadedEditorAssemblies (341ms)
				LogAssemblyErrors (0ms)
				InitializePlatformSupportModulesInManaged (14ms)
				SetLoadedEditorAssemblies (1ms)
				RefreshPlugins (1ms)
				BeforeProcessingInitializeOnLoad (60ms)
				ProcessInitializeOnLoadAttributes (188ms)
				ProcessInitializeOnLoadMethodAttributes (64ms)
				AfterProcessingInitializeOnLoad (14ms)
				EditorAssembliesLoaded (0ms)
			ExecutionOrderSort2 (0ms)
			AwakeInstancesAfterBackupRestoration (7ms)
Platform modules already initialized, skipping
Refreshing native plugins compatible for Editor in 1.91 ms, found 2 plugins.
Preloading 0 native plugins for Editor in 0.00 ms.
Unloading 1926 Unused Serialized files (Serialized files now loaded: 0)
Unloading 14 unused Assets / (309.9 KB). Loaded Objects now: 2419.
Memory consumption went from 81.7 MB to 81.4 MB.
Total: 2.489300 ms (FindLiveObjects: 0.148100 ms CreateObjectMapping: 0.056500 ms MarkObjects: 2.223700 ms  DeleteObjects: 0.059800 ms)

AssetImportParameters requested are different than current active one (requested -> active):
  custom:video-decoder-ogg-theora: a1e56fd34408186e4bbccfd4996cb3dc -> 
  custom:container-muxer-webm: aa71ff27fc2769a1b78a27578f13a17b -> 
  custom:container-demuxer-webm: 4f35f7cbe854078d1ac9338744f61a02 -> 
  custom:video-encoder-webm-vp8: eb34c28f22e8b96e1ab97ce403110664 -> 
  custom:audio-encoder-webm-vorbis: bf7c407c2cedff20999df2af8eb42d56 -> 
  custom:framework-win-MediaFoundation: 216162199b28c13a410421893ffa2e32 -> 
  custom:container-demuxer-ogg: 62fdf1f143b41e24485cea50d1cbac27 -> 
  custom:video-decoder-webm-vp8: 9c59270c3fd7afecdb556c50c9e8de78 -> 
  custom:audio-decoder-ogg-vorbis: bf7c407c2cedff20999df2af8eb42d56 -> 
========================================================================
Received Prepare
Registering precompiled user dll's ...
Registered in 0.009824 seconds.
Begin MonoManager ReloadAssembly
Native extension for WindowsStandalone target not found
Refreshing native plugins compatible for Editor in 0.38 ms, found 2 plugins.
Preloading 0 native plugins for Editor in 0.00 ms.
Mono: successfully reloaded assembly
- Completed reload, in  0.981 seconds
Domain Reload Profiling:
	ReloadAssembly (982ms)
		BeginReloadAssembly (149ms)
			ExecutionOrderSort (0ms)
			DisableScriptedObjects (6ms)
			BackupInstance (0ms)
			ReleaseScriptingObjects (0ms)
			CreateAndSetChildDomain (28ms)
		EndReloadAssembly (703ms)
			LoadAssemblies (101ms)
			RebuildTransferFunctionScriptingTraits (0ms)
			SetupTypeCache (216ms)
			ReleaseScriptCaches (1ms)
			RebuildScriptCaches (37ms)
			SetupLoadedEditorAssemblies (316ms)
				LogAssemblyErrors (0ms)
				InitializePlatformSupportModulesInManaged (11ms)
				SetLoadedEditorAssemblies (0ms)
				RefreshPlugins (0ms)
				BeforeProcessingInitializeOnLoad (49ms)
				ProcessInitializeOnLoadAttributes (173ms)
				ProcessInitializeOnLoadMethodAttributes (68ms)
				AfterProcessingInitializeOnLoad (15ms)
				EditorAssembliesLoaded (0ms)
			ExecutionOrderSort2 (0ms)
			AwakeInstancesAfterBackupRestoration (7ms)
Platform modules already initialized, skipping
Refreshing native plugins compatible for Editor in 1.87 ms, found 2 plugins.
Preloading 0 native plugins for Editor in 0.00 ms.
Unloading 1926 Unused Serialized files (Serialized files now loaded: 0)
Unloading 14 unused Assets / (309.9 KB). Loaded Objects now: 2422.
Memory consumption went from 81.7 MB to 81.4 MB.
Total: 2.299500 ms (FindLiveObjects: 0.148100 ms CreateObjectMapping: 0.053100 ms MarkObjects: 2.043800 ms  DeleteObjects: 0.053400 ms)

AssetImportParameters requested are different than current active one (requested -> active):
  custom:video-decoder-ogg-theora: a1e56fd34408186e4bbccfd4996cb3dc -> 
  custom:container-muxer-webm: aa71ff27fc2769a1b78a27578f13a17b -> 
  custom:container-demuxer-webm: 4f35f7cbe854078d1ac9338744f61a02 -> 
  custom:video-encoder-webm-vp8: eb34c28f22e8b96e1ab97ce403110664 -> 
  custom:audio-encoder-webm-vorbis: bf7c407c2cedff20999df2af8eb42d56 -> 
  custom:framework-win-MediaFoundation: 216162199b28c13a410421893ffa2e32 -> 
  custom:container-demuxer-ogg: 62fdf1f143b41e24485cea50d1cbac27 -> 
  custom:video-decoder-webm-vp8: 9c59270c3fd7afecdb556c50c9e8de78 -> 
  custom:audio-decoder-ogg-vorbis: bf7c407c2cedff20999df2af8eb42d56 -> 
========================================================================
Received Prepare
Registering precompiled user dll's ...
Registered in 0.008221 seconds.
Begin MonoManager ReloadAssembly
Native extension for WindowsStandalone target not found
Refreshing native plugins compatible for Editor in 0.53 ms, found 2 plugins.
Preloading 0 native plugins for Editor in 0.00 ms.
Mono: successfully reloaded assembly
- Completed reload, in  1.015 seconds
Domain Reload Profiling:
	ReloadAssembly (1016ms)
		BeginReloadAssembly (158ms)
			ExecutionOrderSort (0ms)
			DisableScriptedObjects (6ms)
			BackupInstance (0ms)
			ReleaseScriptingObjects (0ms)
			CreateAndSetChildDomain (33ms)
		EndReloadAssembly (737ms)
			LoadAssemblies (106ms)
			RebuildTransferFunctionScriptingTraits (0ms)
			SetupTypeCache (190ms)
			ReleaseScriptCaches (1ms)
			RebuildScriptCaches (40ms)
			SetupLoadedEditorAssemblies (357ms)
				LogAssemblyErrors (0ms)
				InitializePlatformSupportModulesInManaged (12ms)
				SetLoadedEditorAssemblies (1ms)
				RefreshPlugins (1ms)
				BeforeProcessingInitializeOnLoad (61ms)
				ProcessInitializeOnLoadAttributes (195ms)
				ProcessInitializeOnLoadMethodAttributes (70ms)
				AfterProcessingInitializeOnLoad (17ms)
				EditorAssembliesLoaded (0ms)
			ExecutionOrderSort2 (0ms)
			AwakeInstancesAfterBackupRestoration (8ms)
Platform modules already initialized, skipping
Refreshing native plugins compatible for Editor in 2.01 ms, found 2 plugins.
Preloading 0 native plugins for Editor in 0.00 ms.
Unloading 1926 Unused Serialized files (Serialized files now loaded: 0)
Unloading 14 unused Assets / (309.9 KB). Loaded Objects now: 2425.
Memory consumption went from 81.7 MB to 81.4 MB.
Total: 2.550900 ms (FindLiveObjects: 0.153200 ms CreateObjectMapping: 0.057200 ms MarkObjects: 2.278200 ms  DeleteObjects: 0.060800 ms)

AssetImportParameters requested are different than current active one (requested -> active):
  custom:video-decoder-ogg-theora: a1e56fd34408186e4bbccfd4996cb3dc -> 
  custom:container-muxer-webm: aa71ff27fc2769a1b78a27578f13a17b -> 
  custom:container-demuxer-webm: 4f35f7cbe854078d1ac9338744f61a02 -> 
  custom:video-encoder-webm-vp8: eb34c28f22e8b96e1ab97ce403110664 -> 
  custom:audio-encoder-webm-vorbis: bf7c407c2cedff20999df2af8eb42d56 -> 
  custom:framework-win-MediaFoundation: 216162199b28c13a410421893ffa2e32 -> 
  custom:container-demuxer-ogg: 62fdf1f143b41e24485cea50d1cbac27 -> 
  custom:video-decoder-webm-vp8: 9c59270c3fd7afecdb556c50c9e8de78 -> 
  custom:audio-decoder-ogg-vorbis: bf7c407c2cedff20999df2af8eb42d56 -> 
========================================================================
Received Prepare
Registering precompiled user dll's ...
Registered in 0.008088 seconds.
Begin MonoManager ReloadAssembly
Native extension for WindowsStandalone target not found
Refreshing native plugins compatible for Editor in 0.43 ms, found 2 plugins.
Preloading 0 native plugins for Editor in 0.00 ms.
Mono: successfully reloaded assembly
- Completed reload, in  0.956 seconds
Domain Reload Profiling:
	ReloadAssembly (957ms)
		BeginReloadAssembly (148ms)
			ExecutionOrderSort (0ms)
			DisableScriptedObjects (6ms)
			BackupInstance (0ms)
			ReleaseScriptingObjects (0ms)
			CreateAndSetChildDomain (32ms)
		EndReloadAssembly (698ms)
			LoadAssemblies (100ms)
			RebuildTransferFunctionScriptingTraits (0ms)
			SetupTypeCache (199ms)
			ReleaseScriptCaches (1ms)
			RebuildScriptCaches (36ms)
			SetupLoadedEditorAssemblies (327ms)
				LogAssemblyErrors (0ms)
				InitializePlatformSupportModulesInManaged (11ms)
				SetLoadedEditorAssemblies (1ms)
				RefreshPlugins (1ms)
				BeforeProcessingInitializeOnLoad (50ms)
				ProcessInitializeOnLoadAttributes (178ms)
				ProcessInitializeOnLoadMethodAttributes (71ms)
				AfterProcessingInitializeOnLoad (15ms)
				EditorAssembliesLoaded (0ms)
			ExecutionOrderSort2 (0ms)
			AwakeInstancesAfterBackupRestoration (7ms)
Platform modules already initialized, skipping
Refreshing native plugins compatible for Editor in 1.85 ms, found 2 plugins.
Preloading 0 native plugins for Editor in 0.00 ms.
Unloading 1926 Unused Serialized files (Serialized files now loaded: 0)
Unloading 14 unused Assets / (310.0 KB). Loaded Objects now: 2428.
Memory consumption went from 81.7 MB to 81.4 MB.
Total: 2.561400 ms (FindLiveObjects: 0.173700 ms CreateObjectMapping: 0.081600 ms MarkObjects: 2.240800 ms  DeleteObjects: 0.064200 ms)

AssetImportParameters requested are different than current active one (requested -> active):
  custom:video-decoder-ogg-theora: a1e56fd34408186e4bbccfd4996cb3dc -> 
  custom:container-muxer-webm: aa71ff27fc2769a1b78a27578f13a17b -> 
  custom:container-demuxer-webm: 4f35f7cbe854078d1ac9338744f61a02 -> 
  custom:video-encoder-webm-vp8: eb34c28f22e8b96e1ab97ce403110664 -> 
  custom:audio-encoder-webm-vorbis: bf7c407c2cedff20999df2af8eb42d56 -> 
  custom:framework-win-MediaFoundation: 216162199b28c13a410421893ffa2e32 -> 
  custom:container-demuxer-ogg: 62fdf1f143b41e24485cea50d1cbac27 -> 
  custom:video-decoder-webm-vp8: 9c59270c3fd7afecdb556c50c9e8de78 -> 
  custom:audio-decoder-ogg-vorbis: bf7c407c2cedff20999df2af8eb42d56 -> 
========================================================================
Received Prepare
Registering precompiled user dll's ...
Registered in 0.008169 seconds.
Begin MonoManager ReloadAssembly
Native extension for WindowsStandalone target not found
Refreshing native plugins compatible for Editor in 0.38 ms, found 2 plugins.
Preloading 0 native plugins for Editor in 0.00 ms.
Mono: successfully reloaded assembly
- Completed reload, in  1.004 seconds
Domain Reload Profiling:
	ReloadAssembly (1004ms)
		BeginReloadAssembly (153ms)
			ExecutionOrderSort (0ms)
			DisableScriptedObjects (6ms)
			BackupInstance (0ms)
			ReleaseScriptingObjects (0ms)
			CreateAndSetChildDomain (27ms)
		EndReloadAssembly (736ms)
			LoadAssemblies (92ms)
			RebuildTransferFunctionScriptingTraits (0ms)
			SetupTypeCache (201ms)
			ReleaseScriptCaches (1ms)
			RebuildScriptCaches (70ms)
			SetupLoadedEditorAssemblies (305ms)
				LogAssemblyErrors (0ms)
				InitializePlatformSupportModulesInManaged (11ms)
				SetLoadedEditorAssemblies (0ms)
				RefreshPlugins (0ms)
				BeforeProcessingInitializeOnLoad (49ms)
				ProcessInitializeOnLoadAttributes (167ms)
				ProcessInitializeOnLoadMethodAttributes (63ms)
				AfterProcessingInitializeOnLoad (14ms)
				EditorAssembliesLoaded (0ms)
			ExecutionOrderSort2 (0ms)
			AwakeInstancesAfterBackupRestoration (7ms)
Platform modules already initialized, skipping
Refreshing native plugins compatible for Editor in 1.85 ms, found 2 plugins.
Preloading 0 native plugins for Editor in 0.00 ms.
Unloading 1926 Unused Serialized files (Serialized files now loaded: 0)
Unloading 14 unused Assets / (309.9 KB). Loaded Objects now: 2431.
Memory consumption went from 81.7 MB to 81.4 MB.
Total: 2.793700 ms (FindLiveObjects: 0.142700 ms CreateObjectMapping: 0.053200 ms MarkObjects: 2.543400 ms  DeleteObjects: 0.053400 ms)

AssetImportParameters requested are different than current active one (requested -> active):
  custom:video-decoder-ogg-theora: a1e56fd34408186e4bbccfd4996cb3dc -> 
  custom:container-muxer-webm: aa71ff27fc2769a1b78a27578f13a17b -> 
  custom:container-demuxer-webm: 4f35f7cbe854078d1ac9338744f61a02 -> 
  custom:video-encoder-webm-vp8: eb34c28f22e8b96e1ab97ce403110664 -> 
  custom:audio-encoder-webm-vorbis: bf7c407c2cedff20999df2af8eb42d56 -> 
  custom:framework-win-MediaFoundation: 216162199b28c13a410421893ffa2e32 -> 
  custom:container-demuxer-ogg: 62fdf1f143b41e24485cea50d1cbac27 -> 
  custom:video-decoder-webm-vp8: 9c59270c3fd7afecdb556c50c9e8de78 -> 
  custom:audio-decoder-ogg-vorbis: bf7c407c2cedff20999df2af8eb42d56 -> 
========================================================================
Received Prepare
Registering precompiled user dll's ...
Registered in 0.008007 seconds.
Begin MonoManager ReloadAssembly
Native extension for WindowsStandalone target not found
Refreshing native plugins compatible for Editor in 0.38 ms, found 2 plugins.
Preloading 0 native plugins for Editor in 0.00 ms.
Mono: successfully reloaded assembly
- Completed reload, in  0.968 seconds
Domain Reload Profiling:
	ReloadAssembly (969ms)
		BeginReloadAssembly (155ms)
			ExecutionOrderSort (0ms)
			DisableScriptedObjects (6ms)
			BackupInstance (0ms)
			ReleaseScriptingObjects (0ms)
			CreateAndSetChildDomain (32ms)
		EndReloadAssembly (703ms)
			LoadAssemblies (107ms)
			RebuildTransferFunctionScriptingTraits (0ms)
			SetupTypeCache (204ms)
			ReleaseScriptCaches (1ms)
			RebuildScriptCaches (45ms)
			SetupLoadedEditorAssemblies (321ms)
				LogAssemblyErrors (0ms)
				InitializePlatformSupportModulesInManaged (11ms)
				SetLoadedEditorAssemblies (0ms)
				RefreshPlugins (0ms)
				BeforeProcessingInitializeOnLoad (49ms)
				ProcessInitializeOnLoadAttributes (177ms)
				ProcessInitializeOnLoadMethodAttributes (68ms)
				AfterProcessingInitializeOnLoad (15ms)
				EditorAssembliesLoaded (0ms)
			ExecutionOrderSort2 (0ms)
			AwakeInstancesAfterBackupRestoration (7ms)
Platform modules already initialized, skipping
Refreshing native plugins compatible for Editor in 1.92 ms, found 2 plugins.
Preloading 0 native plugins for Editor in 0.00 ms.
Unloading 1926 Unused Serialized files (Serialized files now loaded: 0)
Unloading 14 unused Assets / (309.9 KB). Loaded Objects now: 2434.
Memory consumption went from 81.7 MB to 81.4 MB.
Total: 2.489300 ms (FindLiveObjects: 0.148600 ms CreateObjectMapping: 0.062800 ms MarkObjects: 2.216700 ms  DeleteObjects: 0.060400 ms)

AssetImportParameters requested are different than current active one (requested -> active):
  custom:video-decoder-ogg-theora: a1e56fd34408186e4bbccfd4996cb3dc -> 
  custom:container-muxer-webm: aa71ff27fc2769a1b78a27578f13a17b -> 
  custom:container-demuxer-webm: 4f35f7cbe854078d1ac9338744f61a02 -> 
  custom:video-encoder-webm-vp8: eb34c28f22e8b96e1ab97ce403110664 -> 
  custom:audio-encoder-webm-vorbis: bf7c407c2cedff20999df2af8eb42d56 -> 
  custom:framework-win-MediaFoundation: 216162199b28c13a410421893ffa2e32 -> 
  custom:container-demuxer-ogg: 62fdf1f143b41e24485cea50d1cbac27 -> 
  custom:video-decoder-webm-vp8: 9c59270c3fd7afecdb556c50c9e8de78 -> 
  custom:audio-decoder-ogg-vorbis: bf7c407c2cedff20999df2af8eb42d56 -> 
========================================================================
Received Prepare
Registering precompiled user dll's ...
Registered in 0.009928 seconds.
Begin MonoManager ReloadAssembly
Native extension for WindowsStandalone target not found
Refreshing native plugins compatible for Editor in 0.58 ms, found 2 plugins.
Preloading 0 native plugins for Editor in 0.00 ms.
Mono: successfully reloaded assembly
- Completed reload, in  1.024 seconds
Domain Reload Profiling:
	ReloadAssembly (1024ms)
		BeginReloadAssembly (163ms)
			ExecutionOrderSort (0ms)
			DisableScriptedObjects (5ms)
			BackupInstance (0ms)
			ReleaseScriptingObjects (0ms)
			CreateAndSetChildDomain (27ms)
		EndReloadAssembly (740ms)
			LoadAssemblies (101ms)
			RebuildTransferFunctionScriptingTraits (0ms)
			SetupTypeCache (206ms)
			ReleaseScriptCaches (1ms)
			RebuildScriptCaches (64ms)
			SetupLoadedEditorAssemblies (308ms)
				LogAssemblyErrors (0ms)
				InitializePlatformSupportModulesInManaged (12ms)
				SetLoadedEditorAssemblies (1ms)
				RefreshPlugins (1ms)
				BeforeProcessingInitializeOnLoad (48ms)
				ProcessInitializeOnLoadAttributes (167ms)
				ProcessInitializeOnLoadMethodAttributes (63ms)
				AfterProcessingInitializeOnLoad (15ms)
				EditorAssembliesLoaded (0ms)
			ExecutionOrderSort2 (0ms)
			AwakeInstancesAfterBackupRestoration (7ms)
Platform modules already initialized, skipping
Refreshing native plugins compatible for Editor in 1.86 ms, found 2 plugins.
Preloading 0 native plugins for Editor in 0.00 ms.
Unloading 1926 Unused Serialized files (Serialized files now loaded: 0)
Unloading 14 unused Assets / (309.9 KB). Loaded Objects now: 2437.
Memory consumption went from 81.7 MB to 81.4 MB.
Total: 2.514500 ms (FindLiveObjects: 0.149500 ms CreateObjectMapping: 0.063400 ms MarkObjects: 2.244200 ms  DeleteObjects: 0.056600 ms)

AssetImportParameters requested are different than current active one (requested -> active):
  custom:video-decoder-ogg-theora: a1e56fd34408186e4bbccfd4996cb3dc -> 
  custom:container-muxer-webm: aa71ff27fc2769a1b78a27578f13a17b -> 
  custom:container-demuxer-webm: 4f35f7cbe854078d1ac9338744f61a02 -> 
  custom:video-encoder-webm-vp8: eb34c28f22e8b96e1ab97ce403110664 -> 
  custom:audio-encoder-webm-vorbis: bf7c407c2cedff20999df2af8eb42d56 -> 
  custom:framework-win-MediaFoundation: 216162199b28c13a410421893ffa2e32 -> 
  custom:container-demuxer-ogg: 62fdf1f143b41e24485cea50d1cbac27 -> 
  custom:video-decoder-webm-vp8: 9c59270c3fd7afecdb556c50c9e8de78 -> 
  custom:audio-decoder-ogg-vorbis: bf7c407c2cedff20999df2af8eb42d56 -> 
========================================================================
Received Prepare
Registering precompiled user dll's ...
Registered in 0.008315 seconds.
Begin MonoManager ReloadAssembly
Native extension for WindowsStandalone target not found
Refreshing native plugins compatible for Editor in 0.37 ms, found 2 plugins.
Preloading 0 native plugins for Editor in 0.00 ms.
Mono: successfully reloaded assembly
- Completed reload, in  0.919 seconds
Domain Reload Profiling:
	ReloadAssembly (920ms)
		BeginReloadAssembly (144ms)
			ExecutionOrderSort (0ms)
			DisableScriptedObjects (5ms)
			BackupInstance (0ms)
			ReleaseScriptingObjects (0ms)
			CreateAndSetChildDomain (31ms)
		EndReloadAssembly (668ms)
			LoadAssemblies (95ms)
			RebuildTransferFunctionScriptingTraits (0ms)
			SetupTypeCache (191ms)
			ReleaseScriptCaches (1ms)
			RebuildScriptCaches (40ms)
			SetupLoadedEditorAssemblies (300ms)
				LogAssemblyErrors (0ms)
				InitializePlatformSupportModulesInManaged (11ms)
				SetLoadedEditorAssemblies (0ms)
				RefreshPlugins (0ms)
				BeforeProcessingInitializeOnLoad (47ms)
				ProcessInitializeOnLoadAttributes (165ms)
				ProcessInitializeOnLoadMethodAttributes (62ms)
				AfterProcessingInitializeOnLoad (15ms)
				EditorAssembliesLoaded (0ms)
			ExecutionOrderSort2 (0ms)
			AwakeInstancesAfterBackupRestoration (7ms)
Platform modules already initialized, skipping
Refreshing native plugins compatible for Editor in 2.05 ms, found 2 plugins.
Preloading 0 native plugins for Editor in 0.00 ms.
Unloading 1927 Unused Serialized files (Serialized files now loaded: 0)
Unloading 14 unused Assets / (309.9 KB). Loaded Objects now: 2441.
Memory consumption went from 81.8 MB to 81.5 MB.
Total: 2.759800 ms (FindLiveObjects: 0.147100 ms CreateObjectMapping: 0.057400 ms MarkObjects: 2.497600 ms  DeleteObjects: 0.056900 ms)

AssetImportParameters requested are different than current active one (requested -> active):
  custom:video-decoder-ogg-theora: a1e56fd34408186e4bbccfd4996cb3dc -> 
  custom:container-muxer-webm: aa71ff27fc2769a1b78a27578f13a17b -> 
  custom:container-demuxer-webm: 4f35f7cbe854078d1ac9338744f61a02 -> 
  custom:video-encoder-webm-vp8: eb34c28f22e8b96e1ab97ce403110664 -> 
  custom:audio-encoder-webm-vorbis: bf7c407c2cedff20999df2af8eb42d56 -> 
  custom:framework-win-MediaFoundation: 216162199b28c13a410421893ffa2e32 -> 
  custom:container-demuxer-ogg: 62fdf1f143b41e24485cea50d1cbac27 -> 
  custom:video-decoder-webm-vp8: 9c59270c3fd7afecdb556c50c9e8de78 -> 
  custom:audio-decoder-ogg-vorbis: bf7c407c2cedff20999df2af8eb42d56 -> 
========================================================================
Received Prepare
Registering precompiled user dll's ...
Registered in 0.011132 seconds.
Begin MonoManager ReloadAssembly
Native extension for WindowsStandalone target not found
Refreshing native plugins compatible for Editor in 0.37 ms, found 2 plugins.
Preloading 0 native plugins for Editor in 0.00 ms.
Mono: successfully reloaded assembly
- Completed reload, in  1.217 seconds
Domain Reload Profiling:
	ReloadAssembly (1218ms)
		BeginReloadAssembly (199ms)
			ExecutionOrderSort (0ms)
			DisableScriptedObjects (6ms)
			BackupInstance (0ms)
			ReleaseScriptingObjects (0ms)
			CreateAndSetChildDomain (41ms)
		EndReloadAssembly (855ms)
			LoadAssemblies (128ms)
			RebuildTransferFunctionScriptingTraits (0ms)
			SetupTypeCache (243ms)
			ReleaseScriptCaches (1ms)
			RebuildScriptCaches (35ms)
			SetupLoadedEditorAssemblies (384ms)
				LogAssemblyErrors (0ms)
				InitializePlatformSupportModulesInManaged (11ms)
				SetLoadedEditorAssemblies (0ms)
				RefreshPlugins (0ms)
				BeforeProcessingInitializeOnLoad (53ms)
				ProcessInitializeOnLoadAttributes (227ms)
				ProcessInitializeOnLoadMethodAttributes (77ms)
				AfterProcessingInitializeOnLoad (15ms)
				EditorAssembliesLoaded (0ms)
			ExecutionOrderSort2 (0ms)
			AwakeInstancesAfterBackupRestoration (8ms)
Platform modules already initialized, skipping
Refreshing native plugins compatible for Editor in 2.33 ms, found 2 plugins.
Preloading 0 native plugins for Editor in 0.00 ms.
Unloading 1927 Unused Serialized files (Serialized files now loaded: 0)
Unloading 14 unused Assets / (309.9 KB). Loaded Objects now: 2444.
Memory consumption went from 81.8 MB to 81.5 MB.
Total: 2.778900 ms (FindLiveObjects: 0.202400 ms CreateObjectMapping: 0.078800 ms MarkObjects: 2.314300 ms  DeleteObjects: 0.181700 ms)

AssetImportParameters requested are different than current active one (requested -> active):
  custom:video-decoder-ogg-theora: a1e56fd34408186e4bbccfd4996cb3dc -> 
  custom:container-muxer-webm: aa71ff27fc2769a1b78a27578f13a17b -> 
  custom:container-demuxer-webm: 4f35f7cbe854078d1ac9338744f61a02 -> 
  custom:video-encoder-webm-vp8: eb34c28f22e8b96e1ab97ce403110664 -> 
  custom:audio-encoder-webm-vorbis: bf7c407c2cedff20999df2af8eb42d56 -> 
  custom:framework-win-MediaFoundation: 216162199b28c13a410421893ffa2e32 -> 
  custom:container-demuxer-ogg: 62fdf1f143b41e24485cea50d1cbac27 -> 
  custom:video-decoder-webm-vp8: 9c59270c3fd7afecdb556c50c9e8de78 -> 
  custom:audio-decoder-ogg-vorbis: bf7c407c2cedff20999df2af8eb42d56 -> 
========================================================================
Received Prepare
Registering precompiled user dll's ...
Registered in 0.008684 seconds.
Begin MonoManager ReloadAssembly
Native extension for WindowsStandalone target not found
Refreshing native plugins compatible for Editor in 0.37 ms, found 2 plugins.
Preloading 0 native plugins for Editor in 0.00 ms.
Mono: successfully reloaded assembly
- Completed reload, in  0.931 seconds
Domain Reload Profiling:
	ReloadAssembly (932ms)
		BeginReloadAssembly (148ms)
			ExecutionOrderSort (0ms)
			DisableScriptedObjects (5ms)
			BackupInstance (0ms)
			ReleaseScriptingObjects (0ms)
			CreateAndSetChildDomain (26ms)
		EndReloadAssembly (672ms)
			LoadAssemblies (105ms)
			RebuildTransferFunctionScriptingTraits (0ms)
			SetupTypeCache (193ms)
			ReleaseScriptCaches (1ms)
			RebuildScriptCaches (38ms)
			SetupLoadedEditorAssemblies (309ms)
				LogAssemblyErrors (0ms)
				InitializePlatformSupportModulesInManaged (11ms)
				SetLoadedEditorAssemblies (0ms)
				RefreshPlugins (0ms)
				BeforeProcessingInitializeOnLoad (49ms)
				ProcessInitializeOnLoadAttributes (169ms)
				ProcessInitializeOnLoadMethodAttributes (63ms)
				AfterProcessingInitializeOnLoad (16ms)
				EditorAssembliesLoaded (0ms)
			ExecutionOrderSort2 (0ms)
			AwakeInstancesAfterBackupRestoration (7ms)
Platform modules already initialized, skipping
Refreshing native plugins compatible for Editor in 2.12 ms, found 2 plugins.
Preloading 0 native plugins for Editor in 0.00 ms.
Unloading 1928 Unused Serialized files (Serialized files now loaded: 0)
Unloading 14 unused Assets / (309.8 KB). Loaded Objects now: 2448.
Memory consumption went from 81.8 MB to 81.5 MB.
Total: 2.429200 ms (FindLiveObjects: 0.148900 ms CreateObjectMapping: 0.061600 ms MarkObjects: 2.159100 ms  DeleteObjects: 0.058500 ms)

AssetImportParameters requested are different than current active one (requested -> active):
  custom:video-decoder-ogg-theora: a1e56fd34408186e4bbccfd4996cb3dc -> 
  custom:container-muxer-webm: aa71ff27fc2769a1b78a27578f13a17b -> 
  custom:container-demuxer-webm: 4f35f7cbe854078d1ac9338744f61a02 -> 
  custom:video-encoder-webm-vp8: eb34c28f22e8b96e1ab97ce403110664 -> 
  custom:audio-encoder-webm-vorbis: bf7c407c2cedff20999df2af8eb42d56 -> 
  custom:framework-win-MediaFoundation: 216162199b28c13a410421893ffa2e32 -> 
  custom:container-demuxer-ogg: 62fdf1f143b41e24485cea50d1cbac27 -> 
  custom:video-decoder-webm-vp8: 9c59270c3fd7afecdb556c50c9e8de78 -> 
  custom:audio-decoder-ogg-vorbis: bf7c407c2cedff20999df2af8eb42d56 -> 
========================================================================
Received Prepare
Registering precompiled user dll's ...
Registered in 0.010329 seconds.
Begin MonoManager ReloadAssembly
Native extension for WindowsStandalone target not found
Refreshing native plugins compatible for Editor in 0.37 ms, found 2 plugins.
Preloading 0 native plugins for Editor in 0.00 ms.
Mono: successfully reloaded assembly
- Completed reload, in  0.974 seconds
Domain Reload Profiling:
	ReloadAssembly (974ms)
		BeginReloadAssembly (152ms)
			ExecutionOrderSort (0ms)
			DisableScriptedObjects (6ms)
			BackupInstance (0ms)
			ReleaseScriptingObjects (0ms)
			CreateAndSetChildDomain (28ms)
		EndReloadAssembly (707ms)
			LoadAssemblies (106ms)
			RebuildTransferFunctionScriptingTraits (0ms)
			SetupTypeCache (204ms)
			ReleaseScriptCaches (1ms)
			RebuildScriptCaches (38ms)
			SetupLoadedEditorAssemblies (329ms)
				LogAssemblyErrors (0ms)
				InitializePlatformSupportModulesInManaged (11ms)
				SetLoadedEditorAssemblies (1ms)
				RefreshPlugins (0ms)
				BeforeProcessingInitializeOnLoad (48ms)
				ProcessInitializeOnLoadAttributes (186ms)
				ProcessInitializeOnLoadMethodAttributes (67ms)
				AfterProcessingInitializeOnLoad (14ms)
				EditorAssembliesLoaded (0ms)
			ExecutionOrderSort2 (0ms)
			AwakeInstancesAfterBackupRestoration (7ms)
Platform modules already initialized, skipping
Refreshing native plugins compatible for Editor in 1.88 ms, found 2 plugins.
Preloading 0 native plugins for Editor in 0.00 ms.
Unloading 1928 Unused Serialized files (Serialized files now loaded: 0)
Unloading 14 unused Assets / (309.8 KB). Loaded Objects now: 2451.
Memory consumption went from 81.8 MB to 81.5 MB.
Total: 2.348300 ms (FindLiveObjects: 0.146400 ms CreateObjectMapping: 0.054900 ms MarkObjects: 2.088900 ms  DeleteObjects: 0.057500 ms)

AssetImportParameters requested are different than current active one (requested -> active):
  custom:video-decoder-ogg-theora: a1e56fd34408186e4bbccfd4996cb3dc -> 
  custom:container-muxer-webm: aa71ff27fc2769a1b78a27578f13a17b -> 
  custom:container-demuxer-webm: 4f35f7cbe854078d1ac9338744f61a02 -> 
  custom:video-encoder-webm-vp8: eb34c28f22e8b96e1ab97ce403110664 -> 
  custom:audio-encoder-webm-vorbis: bf7c407c2cedff20999df2af8eb42d56 -> 
  custom:framework-win-MediaFoundation: 216162199b28c13a410421893ffa2e32 -> 
  custom:container-demuxer-ogg: 62fdf1f143b41e24485cea50d1cbac27 -> 
  custom:video-decoder-webm-vp8: 9c59270c3fd7afecdb556c50c9e8de78 -> 
  custom:audio-decoder-ogg-vorbis: bf7c407c2cedff20999df2af8eb42d56 -> 
========================================================================
Received Prepare
Registering precompiled user dll's ...
Registered in 0.009256 seconds.
Begin MonoManager ReloadAssembly
Native extension for WindowsStandalone target not found
Refreshing native plugins compatible for Editor in 0.55 ms, found 2 plugins.
Preloading 0 native plugins for Editor in 0.00 ms.
Mono: successfully reloaded assembly
- Completed reload, in  0.935 seconds
Domain Reload Profiling:
	ReloadAssembly (936ms)
		BeginReloadAssembly (149ms)
			ExecutionOrderSort (0ms)
			DisableScriptedObjects (5ms)
			BackupInstance (0ms)
			ReleaseScriptingObjects (0ms)
			CreateAndSetChildDomain (27ms)
		EndReloadAssembly (677ms)
			LoadAssemblies (109ms)
			RebuildTransferFunctionScriptingTraits (0ms)
			SetupTypeCache (191ms)
			ReleaseScriptCaches (1ms)
			RebuildScriptCaches (43ms)
			SetupLoadedEditorAssemblies (302ms)
				LogAssemblyErrors (0ms)
				InitializePlatformSupportModulesInManaged (10ms)
				SetLoadedEditorAssemblies (1ms)
				RefreshPlugins (1ms)
				BeforeProcessingInitializeOnLoad (48ms)
				ProcessInitializeOnLoadAttributes (163ms)
				ProcessInitializeOnLoadMethodAttributes (63ms)
				AfterProcessingInitializeOnLoad (16ms)
				EditorAssembliesLoaded (0ms)
			ExecutionOrderSort2 (0ms)
			AwakeInstancesAfterBackupRestoration (7ms)
Platform modules already initialized, skipping
Refreshing native plugins compatible for Editor in 1.98 ms, found 2 plugins.
Preloading 0 native plugins for Editor in 0.00 ms.
Unloading 1928 Unused Serialized files (Serialized files now loaded: 0)
Unloading 14 unused Assets / (309.9 KB). Loaded Objects now: 2454.
Memory consumption went from 81.8 MB to 81.5 MB.
Total: 2.531000 ms (FindLiveObjects: 0.146000 ms CreateObjectMapping: 0.051200 ms MarkObjects: 2.267800 ms  DeleteObjects: 0.065400 ms)

AssetImportParameters requested are different than current active one (requested -> active):
  custom:video-decoder-ogg-theora: a1e56fd34408186e4bbccfd4996cb3dc -> 
  custom:container-muxer-webm: aa71ff27fc2769a1b78a27578f13a17b -> 
  custom:container-demuxer-webm: 4f35f7cbe854078d1ac9338744f61a02 -> 
  custom:video-encoder-webm-vp8: eb34c28f22e8b96e1ab97ce403110664 -> 
  custom:audio-encoder-webm-vorbis: bf7c407c2cedff20999df2af8eb42d56 -> 
  custom:framework-win-MediaFoundation: 216162199b28c13a410421893ffa2e32 -> 
  custom:container-demuxer-ogg: 62fdf1f143b41e24485cea50d1cbac27 -> 
  custom:video-decoder-webm-vp8: 9c59270c3fd7afecdb556c50c9e8de78 -> 
  custom:audio-decoder-ogg-vorbis: bf7c407c2cedff20999df2af8eb42d56 -> 
========================================================================
Received Prepare
Registering precompiled user dll's ...
Registered in 0.008040 seconds.
Begin MonoManager ReloadAssembly
Native extension for WindowsStandalone target not found
Refreshing native plugins compatible for Editor in 0.38 ms, found 2 plugins.
Preloading 0 native plugins for Editor in 0.00 ms.
Mono: successfully reloaded assembly
- Completed reload, in  0.955 seconds
Domain Reload Profiling:
	ReloadAssembly (956ms)
		BeginReloadAssembly (154ms)
			ExecutionOrderSort (0ms)
			DisableScriptedObjects (5ms)
			BackupInstance (0ms)
			ReleaseScriptingObjects (0ms)
			CreateAndSetChildDomain (32ms)
		EndReloadAssembly (681ms)
			LoadAssemblies (103ms)
			RebuildTransferFunctionScriptingTraits (0ms)
			SetupTypeCache (186ms)
			ReleaseScriptCaches (1ms)
			RebuildScriptCaches (43ms)
			SetupLoadedEditorAssemblies (312ms)
				LogAssemblyErrors (0ms)
				InitializePlatformSupportModulesInManaged (12ms)
				SetLoadedEditorAssemblies (0ms)
				RefreshPlugins (0ms)
				BeforeProcessingInitializeOnLoad (58ms)
				ProcessInitializeOnLoadAttributes (165ms)
				ProcessInitializeOnLoadMethodAttributes (61ms)
				AfterProcessingInitializeOnLoad (14ms)
				EditorAssembliesLoaded (0ms)
			ExecutionOrderSort2 (0ms)
			AwakeInstancesAfterBackupRestoration (7ms)
Platform modules already initialized, skipping
Refreshing native plugins compatible for Editor in 1.89 ms, found 2 plugins.
Preloading 0 native plugins for Editor in 0.00 ms.
Unloading 1928 Unused Serialized files (Serialized files now loaded: 0)
Unloading 14 unused Assets / (309.8 KB). Loaded Objects now: 2457.
Memory consumption went from 81.8 MB to 81.5 MB.
Total: 2.642100 ms (FindLiveObjects: 0.148200 ms CreateObjectMapping: 0.050200 ms MarkObjects: 2.371100 ms  DeleteObjects: 0.071500 ms)

AssetImportParameters requested are different than current active one (requested -> active):
  custom:video-decoder-ogg-theora: a1e56fd34408186e4bbccfd4996cb3dc -> 
  custom:container-muxer-webm: aa71ff27fc2769a1b78a27578f13a17b -> 
  custom:container-demuxer-webm: 4f35f7cbe854078d1ac9338744f61a02 -> 
  custom:video-encoder-webm-vp8: eb34c28f22e8b96e1ab97ce403110664 -> 
  custom:audio-encoder-webm-vorbis: bf7c407c2cedff20999df2af8eb42d56 -> 
  custom:framework-win-MediaFoundation: 216162199b28c13a410421893ffa2e32 -> 
  custom:container-demuxer-ogg: 62fdf1f143b41e24485cea50d1cbac27 -> 
  custom:video-decoder-webm-vp8: 9c59270c3fd7afecdb556c50c9e8de78 -> 
  custom:audio-decoder-ogg-vorbis: bf7c407c2cedff20999df2af8eb42d56 -> 
========================================================================
Received Prepare
Registering precompiled user dll's ...
Registered in 0.007948 seconds.
Begin MonoManager ReloadAssembly
The file 'MemoryStream' is corrupted! Remove it and launch unity again!
[Position out of bounds!]
Fatal Error! The file 'MemoryStream' is corrupted! Remove it and launch unity again!
[Position out of bounds!]
Crash!!!
SymInit: Symbol-SearchPath: 'F:/Softwave/Unity/2021.3.16f1c1/Editor/Data/Mono;.;F:\UnitySPRLearning\PointandSpotLights;F:\UnitySPRLearning\PointandSpotLights\Library\BurstCache\JIT;F:\Softwave\Unity\2021.3.16f1c1\Editor;C:\WINDOWS;C:\WINDOWS\system32;', symOptions: 534, UserName: '47459'
OS-Version: 10.0.0
F:\Softwave\Unity\2021.3.16f1c1\Editor\Unity.exe:Unity.exe (00007FF6B2100000), size: 80973824 (result: 0), SymType: '-deferred-', PDB: '', fileVersion: 2021.3.16.56317
C:\WINDOWS\SYSTEM32\ntdll.dll:ntdll.dll (00007FF802A60000), size: 2134016 (result: 0), SymType: '-deferred-', PDB: '', fileVersion: 10.0.22000.918
C:\WINDOWS\System32\KERNEL32.DLL:KERNEL32.DLL (00007FF801210000), size: 778240 (result: 0), SymType: '-deferred-', PDB: '', fileVersion: 10.0.22000.1335
C:\WINDOWS\System32\KERNELBASE.dll:KERNELBASE.dll (00007FF800440000), size: 3649536 (result: 0), SymType: '-deferred-', PDB: '', fileVersion: 10.0.22000.1335
C:\WINDOWS\System32\user32.dll:user32.dll (00007FF801640000), size: 1757184 (result: 0), SymType: '-deferred-', PDB: '', fileVersion: 10.0.22000.1455
C:\WINDOWS\System32\win32u.dll:win32u.dll (00007FF800110000), size: 155648 (result: 0), SymType: '-deferred-', PDB: '', fileVersion: 10.0.22000.1455
C:\WINDOWS\System32\GDI32.dll:GDI32.dll (00007FF800EA0000), size: 167936 (result: 0), SymType: '-deferred-', PDB: '', fileVersion: 10.0.22000.832
C:\WINDOWS\System32\gdi32full.dll:gdi32full.dll (00007FF800320000), size: 1146880 (result: 0), SymType: '-deferred-', PDB: '', fileVersion: 10.0.22000.1335
C:\WINDOWS\System32\msvcp_win.dll:msvcp_win.dll (00007FF800200000), size: 643072 (result: 0), SymType: '-deferred-', PDB: '', fileVersion: 10.0.22000.1
C:\WINDOWS\System32\ucrtbase.dll:ucrtbase.dll (00007FF8007C0000), size: 1118208 (result: 0), SymType: '-deferred-', PDB: '', fileVersion: 10.0.22000.1
C:\WINDOWS\System32\advapi32.dll:advapi32.dll (00007FF802720000), size: 712704 (result: 0), SymType: '-deferred-', PDB: '', fileVersion: 10.0.22000.1098
C:\WINDOWS\System32\msvcrt.dll:msvcrt.dll (00007FF800DB0000), size: 667648 (result: 0), SymType: '-deferred-', PDB: '', fileVersion: 7.0.22000.1
C:\WINDOWS\System32\sechost.dll:sechost.dll (00007FF801540000), size: 647168 (result: 0), SymType: '-deferred-', PDB: '', fileVersion: 10.0.22000.708
C:\WINDOWS\System32\RPCRT4.dll:RPCRT4.dll (00007FF801E30000), size: 1179648 (result: 0), SymType: '-deferred-', PDB: '', fileVersion: 10.0.22000.1455
C:\WINDOWS\System32\shell32.dll:shell32.dll (00007FF801F50000), size: 8089600 (result: 0), SymType: '-deferred-', PDB: '', fileVersion: 10.0.22000.1455
C:\WINDOWS\System32\setupapi.dll:setupapi.dll (00007FF8008E0000), size: 4636672 (result: 0), SymType: '-deferred-', PDB: '', fileVersion: 10.0.22000.469
C:\WINDOWS\SYSTEM32\iphlpapi.dll:iphlpapi.dll (00007FFFFEB10000), size: 184320 (result: 0), SymType: '-deferred-', PDB: '', fileVersion: 10.0.22000.282
C:\WINDOWS\System32\psapi.dll:psapi.dll (00007FF801100000), size: 32768 (result: 0), SymType: '-deferred-', PDB: '', fileVersion: 10.0.22000.1
C:\WINDOWS\SYSTEM32\hid.dll:hid.dll (00007FFFFE880000), size: 57344 (result: 0), SymType: '-deferred-', PDB: '', fileVersion: 10.0.22000.1
C:\WINDOWS\System32\WS2_32.dll:WS2_32.dll (00007FF800ED0000), size: 454656 (result: 0), SymType: '-deferred-', PDB: '', fileVersion: 10.0.22000.1
C:\WINDOWS\SYSTEM32\dhcpcsvc.dll:dhcpcsvc.dll (00007FFFF99E0000), size: 122880 (result: 0), SymType: '-deferred-', PDB: '', fileVersion: 10.0.22000.1098
C:\WINDOWS\System32\WINTRUST.dll:WINTRUST.dll (00007FF8000A0000), size: 425984 (result: 0), SymType: '-deferred-', PDB: '', fileVersion: 10.0.22000.1281
C:\WINDOWS\SYSTEM32\dhcpcsvc6.dll:dhcpcsvc6.dll (00007FFFF9600000), size: 102400 (result: 0), SymType: '-deferred-', PDB: '', fileVersion: 10.0.22000.1098
C:\WINDOWS\SYSTEM32\wsock32.dll:wsock32.dll (00007FFFE6AE0000), size: 36864 (result: 0), SymType: '-deferred-', PDB: '', fileVersion: 10.0.22000.1
C:\WINDOWS\System32\OLEAUT32.dll:OLEAUT32.dll (00007FF802940000), size: 876544 (result: 0), SymType: '-deferred-', PDB: '', fileVersion: 10.0.22000.1
C:\WINDOWS\System32\combase.dll:combase.dll (00007FF8017F0000), size: 3637248 (result: 0), SymType: '-deferred-', PDB: '', fileVersion: 10.0.22000.1165
F:\Softwave\Unity\2021.3.16f1c1\Editor\libfbxsdk.dll:libfbxsdk.dll (00007FFF85780000), size: 10215424 (result: 0), SymType: '-deferred-', PDB: '', fileVersion: 2020.2.0.0
F:\Softwave\Unity\2021.3.16f1c1\Editor\optix.6.0.0.dll:optix.6.0.0.dll (00007FFFD8A80000), size: 208896 (result: 0), SymType: '-deferred-', PDB: '', fileVersion: 6.0.0.0
F:\Softwave\Unity\2021.3.16f1c1\Editor\s3tcompress.dll:s3tcompress.dll (00007FFFD8A50000), size: 180224 (result: 0), SymType: '-deferred-', PDB: ''
C:\WINDOWS\System32\IMM32.dll:IMM32.dll (00007FF800E60000), size: 204800 (result: 0), SymType: '-deferred-', PDB: '', fileVersion: 10.0.22000.1165
C:\WINDOWS\System32\ole32.dll:ole32.dll (00007FF801B70000), size: 1679360 (result: 0), SymType: '-deferred-', PDB: '', fileVersion: 10.0.22000.120
F:\Softwave\Unity\2021.3.16f1c1\Editor\etccompress.dll:etccompress.dll (00007FFF8C6A0000), size: 5066752 (result: 0), SymType: '-deferred-', PDB: ''
C:\WINDOWS\System32\SHLWAPI.dll:SHLWAPI.dll (00007FF800D50000), size: 380928 (result: 0), SymType: '-deferred-', PDB: '', fileVersion: 10.0.22000.1
C:\WINDOWS\System32\CRYPT32.dll:CRYPT32.dll (00007FFFFFE80000), size: 1449984 (result: 0), SymType: '-deferred-', PDB: '', fileVersion: 10.0.22000.1098
F:\Softwave\Unity\2021.3.16f1c1\Editor\ispc_texcomp.dll:ispc_texcomp.dll (00007FFF8D310000), size: 1740800 (result: 0), SymType: '-deferred-', PDB: ''
F:\Softwave\Unity\2021.3.16f1c1\Editor\compress_bc7e.dll:compress_bc7e.dll (00007FFF8D4C0000), size: 1441792 (result: 0), SymType: '-deferred-', PDB: ''
F:\Softwave\Unity\2021.3.16f1c1\Editor\FreeImage.dll:FreeImage.dll (0000000180000000), size: 6582272 (result: 0), SymType: '-deferred-', PDB: '', fileVersion: 3.18.0.0
F:\Softwave\Unity\2021.3.16f1c1\Editor\OpenImageDenoise.dll:OpenImageDenoise.dll (00007FFF70650000), size: 48848896 (result: 0), SymType: '-deferred-', PDB: '', fileVersion: 1.4.2.0
F:\Softwave\Unity\2021.3.16f1c1\Editor\WinPixEventRuntime.dll:WinPixEventRuntime.dll (00007FFFD8A40000), size: 45056 (result: 0), SymType: '-deferred-', PDB: '', fileVersion: 1.0.1812.6001
F:\Softwave\Unity\2021.3.16f1c1\Editor\umbraoptimizer64.dll:umbraoptimizer64.dll (00007FFF8D1E0000), size: 1187840 (result: 0), SymType: '-deferred-', PDB: ''
F:\Softwave\Unity\2021.3.16f1c1\Editor\RadeonImageFilters.dll:RadeonImageFilters.dll (00007FFF8C3C0000), size: 2961408 (result: 0), SymType: '-deferred-', PDB: '', fileVersion: 1.7.0.0
C:\WINDOWS\SYSTEM32\VERSION.dll:VERSION.dll (00007FFFF9620000), size: 40960 (result: 0), SymType: '-deferred-', PDB: '', fileVersion: 10.0.22000.1
C:\WINDOWS\SYSTEM32\dwmapi.dll:dwmapi.dll (00007FFFFD4E0000), size: 192512 (result: 0), SymType: '-deferred-', PDB: '', fileVersion: 10.0.22000.41
F:\Softwave\Unity\2021.3.16f1c1\Editor\SketchUpAPI.dll:SketchUpAPI.dll (00007FFF84EA0000), size: 9306112 (result: 0), SymType: '-deferred-', PDB: '', fileVersion: 20.2.172.0
C:\WINDOWS\SYSTEM32\bcrypt.dll:bcrypt.dll (00007FFFFF900000), size: 159744 (result: 0), SymType: '-deferred-', PDB: '', fileVersion: 10.0.22000.1455
C:\WINDOWS\SYSTEM32\WINMM.dll:WINMM.dll (00007FFFF9A40000), size: 208896 (result: 0), SymType: '-deferred-', PDB: '', fileVersion: 10.0.22000.1
C:\WINDOWS\SYSTEM32\WINHTTP.dll:WINHTTP.dll (00007FFFF9160000), size: 1130496 (result: 0), SymType: '-deferred-', PDB: '', fileVersion: 10.0.22000.1165
C:\WINDOWS\SYSTEM32\GLU32.dll:GLU32.dll (00007FFFD6230000), size: 184320 (result: 0), SymType: '-deferred-', PDB: '', fileVersion: 10.0.22000.1042
C:\WINDOWS\SYSTEM32\OPENGL32.dll:OPENGL32.dll (00007FFFCDC90000), size: 1052672 (result: 0), SymType: '-deferred-', PDB: '', fileVersion: 10.0.22000.1042
C:\WINDOWS\SYSTEM32\VCRUNTIME140.dll:VCRUNTIME140.dll (00007FFFEC4E0000), size: 110592 (result: 0), SymType: '-deferred-', PDB: '', fileVersion: 14.34.31931.0
F:\Softwave\Unity\2021.3.16f1c1\Editor\tbb12.dll:tbb12.dll (00007FFF90FF0000), size: 434176 (result: 0), SymType: '-deferred-', PDB: ''
C:\WINDOWS\SYSTEM32\MSVCP140.dll:MSVCP140.dll (00007FFFEC340000), size: 581632 (result: 0), SymType: '-deferred-', PDB: '', fileVersion: 14.34.31931.0
F:\Softwave\Unity\2021.3.16f1c1\Editor\RadeonML.dll:RadeonML.dll (00007FFFD8A20000), size: 94208 (result: 0), SymType: '-deferred-', PDB: '', fileVersion: 0.9.11.0
C:\WINDOWS\SYSTEM32\Secur32.dll:Secur32.dll (00007FFFEC080000), size: 49152 (result: 0), SymType: '-deferred-', PDB: '', fileVersion: 10.0.22000.675
F:\Softwave\Unity\2021.3.16f1c1\Editor\SketchUpCommonPreferences.dll:SketchUpCommonPreferences.dll (00007FFF90DB0000), size: 479232 (result: 0), SymType: '-deferred-', PDB: '', fileVersion: 20.2.172.37
C:\WINDOWS\SYSTEM32\VCRUNTIME140_1.dll:VCRUNTIME140_1.dll (00007FFFEC190000), size: 49152 (result: 0), SymType: '-deferred-', PDB: '', fileVersion: 14.34.31931.0
F:\Softwave\Unity\2021.3.16f1c1\Editor\tbbmalloc.dll:tbbmalloc.dll (00007FFF91A50000), size: 282624 (result: 0), SymType: '-deferred-', PDB: ''
C:\WINDOWS\SYSTEM32\dxcore.dll:dxcore.dll (00007FFFFD230000), size: 229376 (result: 0), SymType: '-deferred-', PDB: '', fileVersion: 10.0.22000.653
C:\WINDOWS\SYSTEM32\SSPICLI.DLL:SSPICLI.DLL (00007FFFFF230000), size: 270336 (result: 0), SymType: '-deferred-', PDB: '', fileVersion: 10.0.22000.1098
F:\Softwave\Unity\2021.3.16f1c1\Editor\OpenRL.dll:OpenRL.dll (000001FE288F0000), size: 12779520 (result: 0), SymType: '-deferred-', PDB: '', fileVersion: 1.5.0.2907
C:\WINDOWS\SYSTEM32\MSVCP100.dll:MSVCP100.dll (0000000073970000), size: 622592 (result: 0), SymType: '-deferred-', PDB: '', fileVersion: 10.0.40219.325
C:\WINDOWS\SYSTEM32\MSVCR100.dll:MSVCR100.dll (0000000073890000), size: 860160 (result: 0), SymType: '-deferred-', PDB: '', fileVersion: 10.0.40219.325
F:\Softwave\Unity\2021.3.16f1c1\Editor\embree.dll:embree.dll (00007FFF83EB0000), size: 16711680 (result: 0), SymType: '-deferred-', PDB: '', fileVersion: 2.14.0.0
F:\Softwave\Unity\2021.3.16f1c1\Editor\tbb.dll:tbb.dll (00007FFF8F9A0000), size: 413696 (result: 0), SymType: '-deferred-', PDB: '', fileVersion: 2017.0.2016.1004
C:\WINDOWS\SYSTEM32\MSVCP120.dll:MSVCP120.dll (00007FFF8E530000), size: 679936 (result: 0), SymType: '-deferred-', PDB: '', fileVersion: 12.0.40664.0
C:\WINDOWS\SYSTEM32\MSVCR120.dll:MSVCR120.dll (00007FFF8C2D0000), size: 978944 (result: 0), SymType: '-deferred-', PDB: '', fileVersion: 12.0.40664.0
F:\Softwave\Unity\2021.3.16f1c1\Editor\OpenRL_pthread.dll:OpenRL_pthread.dll (000001FE29540000), size: 61440 (result: 0), SymType: '-deferred-', PDB: '', fileVersion: 2.9.0.0
C:\WINDOWS\SYSTEM32\MSASN1.dll:MSASN1.dll (00007FFFFF750000), size: 73728 (result: 0), SymType: '-deferred-', PDB: '', fileVersion: 10.0.22000.1219
C:\WINDOWS\SYSTEM32\CRYPTSP.dll:CRYPTSP.dll (00007FFFFF700000), size: 98304 (result: 0), SymType: '-deferred-', PDB: '', fileVersion: 10.0.22000.1
C:\WINDOWS\system32\rsaenh.dll:rsaenh.dll (00007FFFFEF00000), size: 217088 (result: 0), SymType: '-deferred-', PDB: '', fileVersion: 10.0.22000.282
C:\WINDOWS\SYSTEM32\CRYPTBASE.dll:CRYPTBASE.dll (00007FFFFF6F0000), size: 49152 (result: 0), SymType: '-deferred-', PDB: '', fileVersion: 10.0.22000.1
C:\WINDOWS\System32\bcryptPrimitives.dll:bcryptPrimitives.dll (00007FF8002A0000), size: 520192 (result: 0), SymType: '-deferred-', PDB: '', fileVersion: 10.0.22000.1455
C:\WINDOWS\SYSTEM32\MSWSOCK.DLL:MSWSOCK.DLL (00007FFFFF440000), size: 421888 (result: 0), SymType: '-deferred-', PDB: '', fileVersion: 10.0.22000.1
C:\WINDOWS\SYSTEM32\cfgmgr32.DLL:cfgmgr32.DLL (00007FFFFFC20000), size: 311296 (result: 0), SymType: '-deferred-', PDB: '', fileVersion: 10.0.22000.1
C:\WINDOWS\SYSTEM32\kernel.appcore.dll:kernel.appcore.dll (00007FFFFEFA0000), size: 98304 (result: 0), SymType: '-deferred-', PDB: '', fileVersion: 10.0.22000.71
C:\WINDOWS\system32\uxtheme.dll:uxtheme.dll (00007FFFFD120000), size: 704512 (result: 0), SymType: '-deferred-', PDB: '', fileVersion: 10.0.22000.832
C:\WINDOWS\System32\shcore.dll:shcore.dll (00007FF801110000), size: 958464 (result: 0), SymType: '-deferred-', PDB: '', fileVersion: 10.0.22000.613
C:\WINDOWS\SYSTEM32\windows.storage.dll:windows.storage.dll (00007FFFFE010000), size: 8802304 (result: 0), SymType: '-deferred-', PDB: '', fileVersion: 10.0.22000.1281
C:\WINDOWS\SYSTEM32\wintypes.dll:wintypes.dll (00007FFFFDEA0000), size: 1466368 (result: 0), SymType: '-deferred-', PDB: '', fileVersion: 10.0.22000.1165
C:\WINDOWS\SYSTEM32\profapi.dll:profapi.dll (00007FFFFFE50000), size: 135168 (result: 0), SymType: '-deferred-', PDB: '', fileVersion: 10.0.22000.1
C:\WINDOWS\system32\IconCodecService.dll:IconCodecService.dll (00007FFFEBDC0000), size: 36864 (result: 0), SymType: '-deferred-', PDB: '', fileVersion: 10.0.22000.1
C:\WINDOWS\SYSTEM32\WindowsCodecs.dll:WindowsCodecs.dll (00007FFFF85A0000), size: 1761280 (result: 0), SymType: '-deferred-', PDB: '', fileVersion: 10.0.22000.1042
C:\WINDOWS\System32\clbcatq.dll:clbcatq.dll (00007FF801040000), size: 741376 (result: 0), SymType: '-deferred-', PDB: '', fileVersion: 2001.12.10941.16384
C:\WINDOWS\System32\netprofm.dll:netprofm.dll (00007FFFFB490000), size: 462848 (result: 0), SymType: '-deferred-', PDB: '', fileVersion: 10.0.22000.1281
C:\WINDOWS\System32\npmproxy.dll:npmproxy.dll (00007FFFF8000000), size: 73728 (result: 0), SymType: '-deferred-', PDB: '', fileVersion: 10.0.22000.1281
C:\WINDOWS\System32\NSI.dll:NSI.dll (00007FF801510000), size: 36864 (result: 0), SymType: '-deferred-', PDB: '', fileVersion: 10.0.22000.1
C:\WINDOWS\SYSTEM32\DNSAPI.dll:DNSAPI.dll (00007FFFFEB40000), size: 950272 (result: 0), SymType: '-deferred-', PDB: '', fileVersion: 10.0.22000.1165
C:\WINDOWS\system32\napinsp.dll:napinsp.dll (00007FFFE96A0000), size: 94208 (result: 0), SymType: '-deferred-', PDB: '', fileVersion: 10.0.22000.1
C:\WINDOWS\system32\pnrpnsp.dll:pnrpnsp.dll (00007FFFE9500000), size: 110592 (result: 0), SymType: '-deferred-', PDB: '', fileVersion: 10.0.22000.1
C:\WINDOWS\System32\winrnr.dll:winrnr.dll (00007FFFE9420000), size: 73728 (result: 0), SymType: '-deferred-', PDB: '', fileVersion: 10.0.22000.1
C:\WINDOWS\system32\wshbth.dll:wshbth.dll (00007FFFE9400000), size: 86016 (result: 0), SymType: '-deferred-', PDB: '', fileVersion: 10.0.22000.653
C:\WINDOWS\system32\nlansp_c.dll:nlansp_c.dll (00007FFFE93E0000), size: 126976 (result: 0), SymType: '-deferred-', PDB: '', fileVersion: 10.0.22000.653
C:\Program Files\Bonjour\mdnsNSP.dll:mdnsNSP.dll (0000000074F20000), size: 155648 (result: 0), SymType: '-deferred-', PDB: '', fileVersion: 3.1.0.1
C:\WINDOWS\System32\fwpuclnt.dll:fwpuclnt.dll (00007FFFF80E0000), size: 528384 (result: 0), SymType: '-deferred-', PDB: '', fileVersion: 10.0.22000.1455
C:\Windows\System32\rasadhlp.dll:rasadhlp.dll (00007FFFF2EB0000), size: 40960 (result: 0), SymType: '-deferred-', PDB: '', fileVersion: 10.0.22000.1
F:\Softwave\Unity\2021.3.16f1c1\Editor\NVUnityPlugin.DLL:NVUnityPlugin.DLL (00007FFF83D30000), size: 1536000 (result: 0), SymType: '-deferred-', PDB: ''
F:\Softwave\Unity\2021.3.16f1c1\Editor\Data\Tools\astcenc-avx2.dll:astcenc-avx2.dll (00007FFF8F910000), size: 561152 (result: 0), SymType: '-deferred-', PDB: ''
C:\WINDOWS\SYSTEM32\d3d11.dll:d3d11.dll (00007FFFF9380000), size: 2621440 (result: 0), SymType: '-deferred-', PDB: '', fileVersion: 10.0.22000.1042
C:\WINDOWS\SYSTEM32\dxgi.dll:dxgi.dll (00007FFFFD2C0000), size: 995328 (result: 0), SymType: '-deferred-', PDB: '', fileVersion: 10.0.22000.1042
C:\WINDOWS\SYSTEM32\directxdatabasehelper.dll:directxdatabasehelper.dll (00007FFFFB430000), size: 278528 (result: 0), SymType: '-deferred-', PDB: '', fileVersion: 10.0.22000.653
C:\WINDOWS\SYSTEM32\ntmarta.dll:ntmarta.dll (00007FFFFEFC0000), size: 212992 (result: 0), SymType: '-deferred-', PDB: '', fileVersion: 10.0.22000.1
C:\WINDOWS\System32\DriverStore\FileRepository\nvdmig.inf_amd64_7efdce2c583d3fe8\nvldumdx.dll:nvldumdx.dll (00007FFFF7110000), size: 1142784 (result: 0), SymType: '-deferred-', PDB: '', fileVersion: 31.0.15.1659
C:\WINDOWS\SYSTEM32\cryptnet.dll:cryptnet.dll (00007FFFF7BA0000), size: 200704 (result: 0), SymType: '-deferred-', PDB: '', fileVersion: 10.0.22000.1
C:\WINDOWS\SYSTEM32\drvstore.dll:drvstore.dll (00007FFFF7A50000), size: 1347584 (result: 0), SymType: '-deferred-', PDB: '', fileVersion: 10.0.22000.120
C:\WINDOWS\SYSTEM32\devobj.dll:devobj.dll (00007FFFFFBF0000), size: 180224 (result: 0), SymType: '-deferred-', PDB: '', fileVersion: 10.0.22000.1
C:\WINDOWS\SYSTEM32\wldp.dll:wldp.dll (00007FFFFF7F0000), size: 266240 (result: 0), SymType: '-deferred-', PDB: '', fileVersion: 10.0.22000.1281
C:\WINDOWS\System32\imagehlp.dll:imagehlp.dll (00007FF802920000), size: 126976 (result: 0), SymType: '-deferred-', PDB: '', fileVersion: 10.0.22000.1
C:\WINDOWS\System32\DriverStore\FileRepository\nvdmig.inf_amd64_7efdce2c583d3fe8\nvwgf2umx.dll:nvwgf2umx.dll (00007FFF6DC50000), size: 44015616 (result: 0), SymType: '-deferred-', PDB: '', fileVersion: 31.0.15.1659
C:\WINDOWS\system32\nvspcap64.dll:nvspcap64.dll (00007FFFB4C90000), size: 2912256 (result: 0), SymType: '-deferred-', PDB: '', fileVersion: 3.25.1.27
C:\WINDOWS\system32\wbem\wbemprox.dll:wbemprox.dll (00007FFFF70D0000), size: 65536 (result: 0), SymType: '-deferred-', PDB: '', fileVersion: 10.0.22000.1
C:\WINDOWS\SYSTEM32\wbemcomn.dll:wbemcomn.dll (00007FFFF30F0000), size: 532480 (result: 0), SymType: '-deferred-', PDB: '', fileVersion: 10.0.22000.1
C:\WINDOWS\system32\wbem\wbemsvc.dll:wbemsvc.dll (00007FFFF3030000), size: 81920 (result: 0), SymType: '-deferred-', PDB: '', fileVersion: 10.0.22000.1
C:\WINDOWS\system32\wbem\fastprox.dll:fastprox.dll (00007FFFF1690000), size: 1024000 (result: 0), SymType: '-deferred-', PDB: '', fileVersion: 10.0.22000.1
C:\WINDOWS\SYSTEM32\amsi.dll:amsi.dll (00007FFFE9850000), size: 143360 (result: 0), SymType: '-deferred-', PDB: '', fileVersion: 10.0.22000.1042
F:\Softwave\Unity\2021.3.16f1c1\Editor\cudart64_90.dll:cudart64_90.dll (00007FFF8E670000), size: 397312 (result: 0), SymType: '-deferred-', PDB: '', fileVersion: 6.14.11.9000
C:\WINDOWS\SYSTEM32\opencl.dll:opencl.dll (00007FFF83BC0000), size: 1474560 (result: 0), SymType: '-deferred-', PDB: '', fileVersion: 3.0.1.0
F:\Softwave\Unity\2021.3.16f1c1\Editor\radeonrays.dll:radeonrays.dll (00007FFF8E360000), size: 557056 (result: 0), SymType: '-deferred-', PDB: ''
F:\Softwave\Unity\2021.3.16f1c1\Editor\Data\MonoBleedingEdge\EmbedRuntime\mono-2.0-bdwgc.dll:mono-2.0-bdwgc.dll (00007FFF83180000), size: 10686464 (result: 0), SymType: '-deferred-', PDB: ''
C:\WINDOWS\SYSTEM32\dbghelp.dll:dbghelp.dll (00007FFFFD9A0000), size: 2232320 (result: 0), SymType: '-deferred-', PDB: '', fileVersion: 10.0.22000.1

========== OUTPUTTING STACK TRACE ==================

0x00007FF80048441C (KERNELBASE) RaiseException
0x00007FF6B3B4CF4B (Unity) EditorMonoConsole::LogToConsoleImplementation
0x00007FF6B3B4DA3D (Unity) EditorMonoConsole::LogToConsoleImplementation
0x00007FF6B477E217 (Unity) DebugStringToFilePostprocessedStacktrace
0x00007FF6B477D96D (Unity) DebugStringToFile
0x00007FF6B2D6CC13 (Unity) CachedReader::OutOfBoundsError
0x00007FF6B2D6DAB4 (Unity) CachedReader::UpdateReadCache
0x00007FF6B2FF6666 (Unity) ExecuteSerializationCommands<ConfigSettingsRead>
0x00007FF6B309DC12 (Unity) Transfer_ManagedObject<StreamedBinaryWrite,0>
0x00007FF6B2FF6666 (Unity) ExecuteSerializationCommands<ConfigSettingsRead>
0x00007FF6B309DC12 (Unity) Transfer_ManagedObject<StreamedBinaryWrite,0>
0x00007FF6B2FF6786 (Unity) ExecuteSerializationCommands<JSONRead>
0x00007FF6B300EBB8 (Unity) <lambda_580fa16bd23d18c3e466e7b58feca0a1>::operator()
0x00007FF6B3009771 (Unity) TransferScriptingObject<StreamedBinaryRead>
0x00007FF6B300ACEC (Unity) SerializableManagedRefTransfer::TransferScriptingObjectWithSerializedRefSupport<StreamedBinaryRead>
0x00007FF6B302055E (Unity) SerializableManagedRefTransfer::TransferBinaryInstanceOnly
0x00007FF6B2FF811F (Unity) SerializableManagedRefTransfer::RestoreBackupImpl<SerializableManagedRefBackupGenerator>
0x00007FF6B2FF7F45 (Unity) SerializableManagedRefTransfer::RestoreBackup<SerializableManagedRefBackupGenerator>
0x00007FF6B30BFB82 (Unity) SerializableManagedRefsUtilities::RestoreBackups
0x00007FF6B30133C0 (Unity) MonoManager::EndReloadAssembly
0x00007FF6B301AF78 (Unity) MonoManager::ReloadAssembly
0x00007FF6B3F7C112 (Unity) LoadDomainAndUserAssemblies
0x00007FF6B3F7C844 (Unity) LoadUserAssemblies
0x00007FF6B446E9AF (Unity) <lambda_0e96aaceb0751975388dc21aef21f656>::operator()
0x00007FF6B44B0B12 (Unity) asio::detail::completion_handler<core::mutable_function<void __cdecl(void)>,asio::io_context::basic_executor_type<std::allocator<void>,0> >::do_complete
0x00007FF6B449C9FE (Unity) asio::detail::win_iocp_io_context::do_one
0x00007FF6B449E664 (Unity) asio::detail::win_iocp_io_context::run
0x00007FF6B44AEEFE (Unity) IOService::Run
0x00007FF6B4481B0F (Unity) AssetImportWorkerClient::Run
0x00007FF6B444BB53 (Unity) RunAssetImportWorkerClientV2
0x00007FF6B444BBDB (Unity) RunAssetImporterV2
0x00007FF6B3C65C58 (Unity) Application::InitializeProject
0x00007FF6B40CBEE8 (Unity) WinMain
0x00007FF6B549E2DE (Unity) __scrt_common_main_seh
0x00007FF8012255A0 (KERNEL32) BaseThreadInitThunk
0x00007FF802A6485B (ntdll) RtlUserThreadStart

========== END OF STACKTRACE ===========

A crash has been intercepted by the crash handler. For call stack and other details, see the latest crash report generated in:
 * C:/Users/47459/AppData/Local/Temp/Unity/Editor/Crashes
