Using pre-set license
Built from 'HEAD' branch; Version is '2021.3.16f1c1 (56dbfdd6697f) revision 5692413'; Using compiler version '192829333'; Build Type 'Release'
OS: 'Windows 11  (10.0.22000) 64bit CoreCountrySpecific' Language: 'zh' Physical Memory: 32569 MB
BatchMode: 1, IsHumanControllingUs: 0, StartBugReporterOnCrash: 0, Is64bit: 1, IsPro: 1

COMMAND LINE ARGUMENTS:
F:\Softwave\Unity\2021.3.16f1c1\Editor\Unity.exe
-adb2
-batchMode
-noUpm
-name
AssetImportWorker0
-projectPath
F:/UnitySPRLearning/DrawCall
-logFile
Logs/AssetImportWorker0.log
-srvPort
54050
Successfully changed project path to: F:/UnitySPRLearning/DrawCall
F:/UnitySPRLearning/DrawCall
[UnityMemory] Configuration Parameters - Can be set up in boot.config
    "memorysetup-bucket-allocator-granularity=16"
    "memorysetup-bucket-allocator-bucket-count=8"
    "memorysetup-bucket-allocator-block-size=33554432"
    "memorysetup-bucket-allocator-block-count=8"
    "memorysetup-main-allocator-block-size=16777216"
    "memorysetup-thread-allocator-block-size=16777216"
    "memorysetup-gfx-main-allocator-block-size=16777216"
    "memorysetup-gfx-thread-allocator-block-size=16777216"
    "memorysetup-cache-allocator-block-size=4194304"
    "memorysetup-typetree-allocator-block-size=2097152"
    "memorysetup-profiler-bucket-allocator-granularity=16"
    "memorysetup-profiler-bucket-allocator-bucket-count=8"
    "memorysetup-profiler-bucket-allocator-block-size=33554432"
    "memorysetup-profiler-bucket-allocator-block-count=8"
    "memorysetup-profiler-allocator-block-size=16777216"
    "memorysetup-profiler-editor-allocator-block-size=1048576"
    "memorysetup-temp-allocator-size-main=16777216"
    "memorysetup-job-temp-allocator-block-size=2097152"
    "memorysetup-job-temp-allocator-block-size-background=1048576"
    "memorysetup-job-temp-allocator-reduction-small-platforms=262144"
    "memorysetup-temp-allocator-size-background-worker=32768"
    "memorysetup-temp-allocator-size-job-worker=262144"
    "memorysetup-temp-allocator-size-preload-manager=33554432"
    "memorysetup-temp-allocator-size-nav-mesh-worker=65536"
    "memorysetup-temp-allocator-size-audio-worker=65536"
    "memorysetup-temp-allocator-size-cloud-worker=32768"
    "memorysetup-temp-allocator-size-gi-baking-worker=262144"
    "memorysetup-temp-allocator-size-gfx=262144"
Player connection [24892] Host "[IP] 192.168.1.3 [Port] 0 [Flags] 2 [Guid] 3681891523 [EditorId] 3681891523 [Version] 1048832 [Id] WindowsEditor(7,DESKTOP-CP0T468) [Debug] 1 [PackageName] WindowsEditor [ProjectName] Editor" joined multi-casting on [225.0.0.222:54997]...

Player connection [24892] Host "[IP] 192.168.1.3 [Port] 0 [Flags] 2 [Guid] 3681891523 [EditorId] 3681891523 [Version] 1048832 [Id] WindowsEditor(7,DESKTOP-CP0T468) [Debug] 1 [PackageName] WindowsEditor [ProjectName] Editor" joined alternative multi-casting on [225.0.0.222:34997]...

AS: AutoStreaming module initializing.
Refreshing native plugins compatible for Editor in 92.74 ms, found 3 plugins.
Preloading 0 native plugins for Editor in 0.00 ms.
Initialize engine version: 2021.3.16f1c1 (56dbfdd6697f)
[Subsystems] Discovering subsystems at path F:/Softwave/Unity/2021.3.16f1c1/Editor/Data/Resources/UnitySubsystems
[Subsystems] Discovering subsystems at path F:/UnitySPRLearning/DrawCall/Assets
GfxDevice: creating device client; threaded=0; jobified=0
Direct3D:
    Version:  Direct3D 11.0 [level 11.1]
    Renderer: NVIDIA GeForce RTX 2080 (ID=0x1ed0)
    Vendor:   NVIDIA
    VRAM:     8011 MB
    Driver:   31.0.15.1659
Initialize mono
Mono path[0] = 'F:/Softwave/Unity/2021.3.16f1c1/Editor/Data/Managed'
Mono path[1] = 'F:/Softwave/Unity/2021.3.16f1c1/Editor/Data/MonoBleedingEdge/lib/mono/unityjit-win32'
Mono config path = 'F:/Softwave/Unity/2021.3.16f1c1/Editor/Data/MonoBleedingEdge/etc'
Using monoOptions --debugger-agent=transport=dt_socket,embedding=1,server=y,suspend=n,address=127.0.0.1:56936
Begin MonoManager ReloadAssembly
Registering precompiled unity dll's ...
Register platform support module: F:/Softwave/Unity/2021.3.16f1c1/Editor/Data/PlaybackEngines/WindowsStandaloneSupport/UnityEditor.WindowsStandalone.Extensions.dll
Registered in 0.003365 seconds.
Native extension for WindowsStandalone target not found
Refreshing native plugins compatible for Editor in 119.17 ms, found 3 plugins.
Preloading 0 native plugins for Editor in 0.00 ms.
Mono: successfully reloaded assembly
- Completed reload, in  0.717 seconds
Domain Reload Profiling:
	ReloadAssembly (718ms)
		BeginReloadAssembly (109ms)
			ExecutionOrderSort (0ms)
			DisableScriptedObjects (0ms)
			BackupInstance (0ms)
			ReleaseScriptingObjects (0ms)
			CreateAndSetChildDomain (1ms)
		EndReloadAssembly (490ms)
			LoadAssemblies (101ms)
			RebuildTransferFunctionScriptingTraits (0ms)
			SetupTypeCache (105ms)
			ReleaseScriptCaches (0ms)
			RebuildScriptCaches (27ms)
			SetupLoadedEditorAssemblies (296ms)
				LogAssemblyErrors (0ms)
				InitializePlatformSupportModulesInManaged (6ms)
				SetLoadedEditorAssemblies (0ms)
				RefreshPlugins (119ms)
				BeforeProcessingInitializeOnLoad (1ms)
				ProcessInitializeOnLoadAttributes (120ms)
				ProcessInitializeOnLoadMethodAttributes (49ms)
				AfterProcessingInitializeOnLoad (0ms)
				EditorAssembliesLoaded (0ms)
			ExecutionOrderSort2 (0ms)
			AwakeInstancesAfterBackupRestoration (0ms)
Platform modules already initialized, skipping
Registering precompiled user dll's ...
Registered in 0.014449 seconds.
Begin MonoManager ReloadAssembly
Symbol file LoadedFromMemory doesn't match image F:\UnitySPRLearning\DrawCall\Library\PackageCache\com.unity.visualscripting@1.7.8\Editor\VisualScripting.Core\Dependencies\YamlDotNet\Unity.VisualScripting.YamlDotNet.dll
Symbol file LoadedFromMemory doesn't match image F:\UnitySPRLearning\DrawCall\Library\PackageCache\com.unity.visualscripting@1.7.8\Editor\VisualScripting.Core\Dependencies\DotNetZip\Unity.VisualScripting.IonicZip.dll
Native extension for WindowsStandalone target not found
Refreshing native plugins compatible for Editor in 83.94 ms, found 3 plugins.
Preloading 0 native plugins for Editor in 0.00 ms.
Mono: successfully reloaded assembly
- Completed reload, in  1.292 seconds
Domain Reload Profiling:
	ReloadAssembly (1293ms)
		BeginReloadAssembly (140ms)
			ExecutionOrderSort (0ms)
			DisableScriptedObjects (5ms)
			BackupInstance (0ms)
			ReleaseScriptingObjects (0ms)
			CreateAndSetChildDomain (20ms)
		EndReloadAssembly (1016ms)
			LoadAssemblies (126ms)
			RebuildTransferFunctionScriptingTraits (0ms)
			SetupTypeCache (301ms)
			ReleaseScriptCaches (1ms)
			RebuildScriptCaches (53ms)
			SetupLoadedEditorAssemblies (502ms)
				LogAssemblyErrors (0ms)
				InitializePlatformSupportModulesInManaged (3ms)
				SetLoadedEditorAssemblies (0ms)
				RefreshPlugins (84ms)
				BeforeProcessingInitializeOnLoad (100ms)
				ProcessInitializeOnLoadAttributes (228ms)
				ProcessInitializeOnLoadMethodAttributes (71ms)
				AfterProcessingInitializeOnLoad (15ms)
				EditorAssembliesLoaded (0ms)
			ExecutionOrderSort2 (0ms)
			AwakeInstancesAfterBackupRestoration (7ms)
Platform modules already initialized, skipping
========================================================================
Worker process is ready to serve import requests
Launched and connected shader compiler UnityShaderCompiler.exe after 0.10 seconds
Refreshing native plugins compatible for Editor in 0.77 ms, found 3 plugins.
Preloading 0 native plugins for Editor in 0.00 ms.
Unloading 3638 Unused Serialized files (Serialized files now loaded: 0)
Unloading 29 unused Assets / (398.7 KB). Loaded Objects now: 4097.
Memory consumption went from 128.4 MB to 128.0 MB.
Total: 3.000300 ms (FindLiveObjects: 0.275200 ms CreateObjectMapping: 0.180600 ms MarkObjects: 2.412700 ms  DeleteObjects: 0.130600 ms)

AssetImportParameters requested are different than current active one (requested -> active):
  custom:video-decoder-ogg-theora: a1e56fd34408186e4bbccfd4996cb3dc -> 
  custom:container-muxer-webm: aa71ff27fc2769a1b78a27578f13a17b -> 
  custom:container-demuxer-webm: 4f35f7cbe854078d1ac9338744f61a02 -> 
  custom:video-encoder-webm-vp8: eb34c28f22e8b96e1ab97ce403110664 -> 
  custom:audio-encoder-webm-vorbis: bf7c407c2cedff20999df2af8eb42d56 -> 
  custom:framework-win-MediaFoundation: 216162199b28c13a410421893ffa2e32 -> 
  custom:container-demuxer-ogg: 62fdf1f143b41e24485cea50d1cbac27 -> 
  custom:video-decoder-webm-vp8: 9c59270c3fd7afecdb556c50c9e8de78 -> 
  custom:audio-decoder-ogg-vorbis: bf7c407c2cedff20999df2af8eb42d56 -> 
========================================================================
Received Import Request.
  Time since last request: 44452.259887 seconds.
  path: Assets/Scenes/Lesson/2/2.unity
  artifactKey: Guid(06bc85b3d5a90a04886ad8981ea0751f) Importer(815301076,1909f56bfc062723c751e8b465ee728b)
Start importing Assets/Scenes/Lesson/2/2.unity using Guid(06bc85b3d5a90a04886ad8981ea0751f) Importer(815301076,1909f56bfc062723c751e8b465ee728b)  -> (artifact id: '3335c1107400da2c12cd6e1a7de25adf') in 0.008238 seconds 
========================================================================
Received Import Request.
  Time since last request: 15.350309 seconds.
  path: Assets/CusotmRP/Shaders
  artifactKey: Guid(0d68f07fead36e34b98c378ce680ce77) Importer(815301076,1909f56bfc062723c751e8b465ee728b)
Start importing Assets/CusotmRP/Shaders using Guid(0d68f07fead36e34b98c378ce680ce77) Importer(815301076,1909f56bfc062723c751e8b465ee728b)  -> (artifact id: 'e021bf3a0652d46aa34eaf89090b4a82') in 0.002776 seconds 
========================================================================
Received Import Request.
  Time since last request: 12.646008 seconds.
  path: Assets/CusotmRP/Shaders/NewUnlitShader.shader
  artifactKey: Guid(876a9ce335c710a47acad2dad16ad255) Importer(815301076,1909f56bfc062723c751e8b465ee728b)
Start importing Assets/CusotmRP/Shaders/NewUnlitShader.shader using Guid(876a9ce335c710a47acad2dad16ad255) Importer(815301076,1909f56bfc062723c751e8b465ee728b)  -> (artifact id: '117acac557779c6a8b3dc199ff589743') in 0.036702 seconds 
========================================================================
Received Import Request.
  Time since last request: 19.130597 seconds.
  path: Assets/CusotmRP/Shaders/Unlit.shader
  artifactKey: Guid(876a9ce335c710a47acad2dad16ad255) Importer(815301076,1909f56bfc062723c751e8b465ee728b)
Start importing Assets/CusotmRP/Shaders/Unlit.shader using Guid(876a9ce335c710a47acad2dad16ad255) Importer(815301076,1909f56bfc062723c751e8b465ee728b)  -> (artifact id: '634e7cd7bb5a0dd092a0e5a73315f810') in 0.003351 seconds 
========================================================================
Received Import Request.
  Time since last request: 127.108467 seconds.
  path: Assets/Scenes/Lesson/2/Materials
  artifactKey: Guid(f03e5705f16993941b485b51cf8f6ea4) Importer(815301076,1909f56bfc062723c751e8b465ee728b)
Start importing Assets/Scenes/Lesson/2/Materials using Guid(f03e5705f16993941b485b51cf8f6ea4) Importer(815301076,1909f56bfc062723c751e8b465ee728b)  -> (artifact id: 'c8c521ff062e2041b2906f4a707a8e58') in 0.003664 seconds 
========================================================================
Received Import Request.
  Time since last request: 94.605238 seconds.
  path: Assets/CusotmRP/Shaders/UnlitPass.hlsl
  artifactKey: Guid(2a317903497eae942a6ac730d312fd59) Importer(815301076,1909f56bfc062723c751e8b465ee728b)
Start importing Assets/CusotmRP/Shaders/UnlitPass.hlsl using Guid(2a317903497eae942a6ac730d312fd59) Importer(815301076,1909f56bfc062723c751e8b465ee728b)  -> (artifact id: '758a3e3496165898c98d0e186a36452a') in 0.037837 seconds 
========================================================================
Received Import Request.
  Time since last request: 508.222907 seconds.
  path: Assets/CusotmRP/Shaders/UnlitPass.hlsl
  artifactKey: Guid(2a317903497eae942a6ac730d312fd59) Importer(815301076,1909f56bfc062723c751e8b465ee728b)
Start importing Assets/CusotmRP/Shaders/UnlitPass.hlsl using Guid(2a317903497eae942a6ac730d312fd59) Importer(815301076,1909f56bfc062723c751e8b465ee728b)  -> (artifact id: '2357d81c943af0b35c59c6c8be74a05c') in 0.002914 seconds 
========================================================================
Received Import Request.
  Time since last request: 3.992050 seconds.
  path: Assets/CusotmRP/Shaders/Unlit.shader
  artifactKey: Guid(876a9ce335c710a47acad2dad16ad255) Importer(815301076,1909f56bfc062723c751e8b465ee728b)
Start importing Assets/CusotmRP/Shaders/Unlit.shader using Guid(876a9ce335c710a47acad2dad16ad255) Importer(815301076,1909f56bfc062723c751e8b465ee728b)  -> (artifact id: 'f204c0b0dbefd453bb3567361fb13b2e') in 0.002842 seconds 
========================================================================
Received Import Request.
  Time since last request: 123.137321 seconds.
  path: Assets/CusotmRP/ShaderLibrary
  artifactKey: Guid(570a1ae4f904bcc4fa9a9d7c98af4f9c) Importer(815301076,1909f56bfc062723c751e8b465ee728b)
Start importing Assets/CusotmRP/ShaderLibrary using Guid(570a1ae4f904bcc4fa9a9d7c98af4f9c) Importer(815301076,1909f56bfc062723c751e8b465ee728b)  -> (artifact id: '84653b3addb4942528637455bfde6463') in 0.002744 seconds 
========================================================================
Received Import Request.
  Time since last request: 1.252937 seconds.
  path: Assets/CusotmRP/ShaderLibrary/UnityInput.hlsl
  artifactKey: Guid(cec5e8f4c4014cd4d8bf87743465b0d1) Importer(815301076,1909f56bfc062723c751e8b465ee728b)
Start importing Assets/CusotmRP/ShaderLibrary/UnityInput.hlsl using Guid(cec5e8f4c4014cd4d8bf87743465b0d1) Importer(815301076,1909f56bfc062723c751e8b465ee728b)  -> (artifact id: '31463127eff8cedb6ebf3c61b16c5443') in 0.003658 seconds 
========================================================================
Received Import Request.
  Time since last request: 559.194588 seconds.
  path: Assets/CusotmRP/ShaderLibrary/UnityInput.hlsl
  artifactKey: Guid(cec5e8f4c4014cd4d8bf87743465b0d1) Importer(815301076,1909f56bfc062723c751e8b465ee728b)
Start importing Assets/CusotmRP/ShaderLibrary/UnityInput.hlsl using Guid(cec5e8f4c4014cd4d8bf87743465b0d1) Importer(815301076,1909f56bfc062723c751e8b465ee728b)  -> (artifact id: '44f2fb0d37e0fdb98dff75090f67bd26') in 0.002616 seconds 
========================================================================
Received Import Request.
  Time since last request: 409.871652 seconds.
  path: Assets/CusotmRP/Shaders/Unlit.shader
  artifactKey: Guid(876a9ce335c710a47acad2dad16ad255) Importer(815301076,1909f56bfc062723c751e8b465ee728b)
Start importing Assets/CusotmRP/Shaders/Unlit.shader using Guid(876a9ce335c710a47acad2dad16ad255) Importer(815301076,1909f56bfc062723c751e8b465ee728b)  -> (artifact id: '2c1546d32d1bacda2b0fa7e620e4fe06') in 0.030722 seconds 
========================================================================
Received Import Request.
  Time since last request: 9.765415 seconds.
  path: Assets/CusotmRP/Shaders/Unlit.shader
  artifactKey: Guid(876a9ce335c710a47acad2dad16ad255) Importer(815301076,1909f56bfc062723c751e8b465ee728b)
Start importing Assets/CusotmRP/Shaders/Unlit.shader using Guid(876a9ce335c710a47acad2dad16ad255) Importer(815301076,1909f56bfc062723c751e8b465ee728b)  -> (artifact id: '0a96b28274e50c1546324c9aa6bfe3d0') in 0.002822 seconds 
========================================================================
Received Import Request.
  Time since last request: 269.712637 seconds.
  path: Assets/CusotmRP/Shaders/Unlit.shader
  artifactKey: Guid(876a9ce335c710a47acad2dad16ad255) Importer(815301076,1909f56bfc062723c751e8b465ee728b)
Start importing Assets/CusotmRP/Shaders/Unlit.shader using Guid(876a9ce335c710a47acad2dad16ad255) Importer(815301076,1909f56bfc062723c751e8b465ee728b)  -> (artifact id: 'ff1c5c45ddc2f8a63f96bdaa7dfa20c1') in 0.002982 seconds 
========================================================================
Received Import Request.
  Time since last request: 87.680910 seconds.
  path: Assets/CusotmRP/Shaders/Unlit.shader
  artifactKey: Guid(876a9ce335c710a47acad2dad16ad255) Importer(815301076,1909f56bfc062723c751e8b465ee728b)
Start importing Assets/CusotmRP/Shaders/Unlit.shader using Guid(876a9ce335c710a47acad2dad16ad255) Importer(815301076,1909f56bfc062723c751e8b465ee728b)  -> (artifact id: '1ed9ac9779a1056f412ad00ec793f5e0') in 0.003409 seconds 
========================================================================
Received Import Request.
  Time since last request: 470.477852 seconds.
  path: Assets/CusotmRP/Shaders/Unlit.shader
  artifactKey: Guid(876a9ce335c710a47acad2dad16ad255) Importer(815301076,1909f56bfc062723c751e8b465ee728b)
Start importing Assets/CusotmRP/Shaders/Unlit.shader using Guid(876a9ce335c710a47acad2dad16ad255) Importer(815301076,1909f56bfc062723c751e8b465ee728b)  -> (artifact id: 'e192e527b3ffbd2dec6bae3eae0862ad') in 0.003149 seconds 
========================================================================
Received Import Request.
  Time since last request: 54.237152 seconds.
  path: Assets/CusotmRP/Shaders/Unlit.shader
  artifactKey: Guid(876a9ce335c710a47acad2dad16ad255) Importer(815301076,1909f56bfc062723c751e8b465ee728b)
Start importing Assets/CusotmRP/Shaders/Unlit.shader using Guid(876a9ce335c710a47acad2dad16ad255) Importer(815301076,1909f56bfc062723c751e8b465ee728b)  -> (artifact id: 'edc99509272213007cdbe01dacd48b2c') in 0.002835 seconds 
========================================================================
Received Import Request.
  Time since last request: 87.399470 seconds.
  path: Assets/CusotmRP/Shaders/Unlit.shader
  artifactKey: Guid(876a9ce335c710a47acad2dad16ad255) Importer(815301076,1909f56bfc062723c751e8b465ee728b)
Start importing Assets/CusotmRP/Shaders/Unlit.shader using Guid(876a9ce335c710a47acad2dad16ad255) Importer(815301076,1909f56bfc062723c751e8b465ee728b)  -> (artifact id: '2ce0c8aa560814163ac7f788b21b0692') in 0.002637 seconds 
========================================================================
Received Import Request.
  Time since last request: 20.019853 seconds.
  path: Assets/CusotmRP/Shaders/Unlit.shader
  artifactKey: Guid(876a9ce335c710a47acad2dad16ad255) Importer(815301076,1909f56bfc062723c751e8b465ee728b)
Start importing Assets/CusotmRP/Shaders/Unlit.shader using Guid(876a9ce335c710a47acad2dad16ad255) Importer(815301076,1909f56bfc062723c751e8b465ee728b)  -> (artifact id: 'de8e419842c221ec20497686d8df362e') in 0.002656 seconds 
========================================================================
Received Import Request.
  Time since last request: 87.449660 seconds.
  path: Assets/CusotmRP/Shaders/Unlit.shader
  artifactKey: Guid(876a9ce335c710a47acad2dad16ad255) Importer(815301076,1909f56bfc062723c751e8b465ee728b)
Start importing Assets/CusotmRP/Shaders/Unlit.shader using Guid(876a9ce335c710a47acad2dad16ad255) Importer(815301076,1909f56bfc062723c751e8b465ee728b)  -> (artifact id: '87a7591fd9197b342440bc63949739b2') in 0.002765 seconds 
========================================================================
Received Import Request.
  Time since last request: 182.416706 seconds.
  path: Assets/CusotmRP/Shaders/Unlit.shader
  artifactKey: Guid(876a9ce335c710a47acad2dad16ad255) Importer(815301076,1909f56bfc062723c751e8b465ee728b)
Start importing Assets/CusotmRP/Shaders/Unlit.shader using Guid(876a9ce335c710a47acad2dad16ad255) Importer(815301076,1909f56bfc062723c751e8b465ee728b)  -> (artifact id: '04c69f32fc51de18f442408195821fbc') in 0.002902 seconds 
========================================================================
Received Import Request.
  Time since last request: 60.829410 seconds.
  path: Assets/CusotmRP/Shaders/Unlit.shader
  artifactKey: Guid(876a9ce335c710a47acad2dad16ad255) Importer(815301076,1909f56bfc062723c751e8b465ee728b)
Start importing Assets/CusotmRP/Shaders/Unlit.shader using Guid(876a9ce335c710a47acad2dad16ad255) Importer(815301076,1909f56bfc062723c751e8b465ee728b)  -> (artifact id: '3f3f66140f0e790e5b470091d934e427') in 0.002759 seconds 
========================================================================
Received Import Request.
  Time since last request: 37.541502 seconds.
  path: Assets/CusotmRP/Shaders/Unlit.shader
  artifactKey: Guid(876a9ce335c710a47acad2dad16ad255) Importer(815301076,1909f56bfc062723c751e8b465ee728b)
Start importing Assets/CusotmRP/Shaders/Unlit.shader using Guid(876a9ce335c710a47acad2dad16ad255) Importer(815301076,1909f56bfc062723c751e8b465ee728b)  -> (artifact id: '1a4e3f8d1c091774d0e40d20894c821f') in 0.002783 seconds 
========================================================================
Received Import Request.
  Time since last request: 33.816298 seconds.
  path: Assets/CusotmRP/Shaders/Unlit.shader
  artifactKey: Guid(876a9ce335c710a47acad2dad16ad255) Importer(815301076,1909f56bfc062723c751e8b465ee728b)
Start importing Assets/CusotmRP/Shaders/Unlit.shader using Guid(876a9ce335c710a47acad2dad16ad255) Importer(815301076,1909f56bfc062723c751e8b465ee728b)  -> (artifact id: '27bb071a24665f5ab42ab34951dd07b3') in 0.002694 seconds 
========================================================================
Received Import Request.
  Time since last request: 19.824952 seconds.
  path: Assets/CusotmRP/Shaders/Unlit.shader
  artifactKey: Guid(876a9ce335c710a47acad2dad16ad255) Importer(815301076,1909f56bfc062723c751e8b465ee728b)
Start importing Assets/CusotmRP/Shaders/Unlit.shader using Guid(876a9ce335c710a47acad2dad16ad255) Importer(815301076,1909f56bfc062723c751e8b465ee728b)  -> (artifact id: '6eef2834b05635b0e6561cbde7ce69e5') in 0.002695 seconds 
========================================================================
Received Import Request.
  Time since last request: 29.722394 seconds.
  path: Assets/CusotmRP/Shaders/Unlit.shader
  artifactKey: Guid(876a9ce335c710a47acad2dad16ad255) Importer(815301076,1909f56bfc062723c751e8b465ee728b)
Start importing Assets/CusotmRP/Shaders/Unlit.shader using Guid(876a9ce335c710a47acad2dad16ad255) Importer(815301076,1909f56bfc062723c751e8b465ee728b)  -> (artifact id: '05b7c078713b3592a60d5b7fa23a04dd') in 0.002827 seconds 
========================================================================
Received Import Request.
  Time since last request: 256.692255 seconds.
  path: Assets/CusotmRP/Shaders/Unlit.shader
  artifactKey: Guid(876a9ce335c710a47acad2dad16ad255) Importer(815301076,1909f56bfc062723c751e8b465ee728b)
Start importing Assets/CusotmRP/Shaders/Unlit.shader using Guid(876a9ce335c710a47acad2dad16ad255) Importer(815301076,1909f56bfc062723c751e8b465ee728b)  -> (artifact id: '412701a7f7411edc2c1462d0bdc6adbd') in 0.002953 seconds 
========================================================================
Received Import Request.
  Time since last request: 109.205936 seconds.
  path: Assets/CusotmRP/Shaders/Unlit.shader
  artifactKey: Guid(876a9ce335c710a47acad2dad16ad255) Importer(815301076,1909f56bfc062723c751e8b465ee728b)
Start importing Assets/CusotmRP/Shaders/Unlit.shader using Guid(876a9ce335c710a47acad2dad16ad255) Importer(815301076,1909f56bfc062723c751e8b465ee728b)  -> (artifact id: '624589ef670a5de8359c038b9a4b3da9') in 0.002849 seconds 
========================================================================
Received Import Request.
  Time since last request: 207.798515 seconds.
  path: Assets/CusotmRP/Shaders/Unlit.shader
  artifactKey: Guid(876a9ce335c710a47acad2dad16ad255) Importer(815301076,1909f56bfc062723c751e8b465ee728b)
Start importing Assets/CusotmRP/Shaders/Unlit.shader using Guid(876a9ce335c710a47acad2dad16ad255) Importer(815301076,1909f56bfc062723c751e8b465ee728b)  -> (artifact id: '989a4cb4a5bd15fbb2cfeb6c612d7365') in 0.002864 seconds 
========================================================================
Received Import Request.
  Time since last request: 45.965343 seconds.
  path: Assets/CusotmRP/Shaders/Unlit.shader
  artifactKey: Guid(876a9ce335c710a47acad2dad16ad255) Importer(815301076,1909f56bfc062723c751e8b465ee728b)
Start importing Assets/CusotmRP/Shaders/Unlit.shader using Guid(876a9ce335c710a47acad2dad16ad255) Importer(815301076,1909f56bfc062723c751e8b465ee728b)  -> (artifact id: '42f4965bd2badb793246456a7047e2d8') in 0.002840 seconds 
========================================================================
Received Prepare
Registering precompiled user dll's ...
Registered in 0.015144 seconds.
Begin MonoManager ReloadAssembly
Symbol file LoadedFromMemory doesn't match image F:\UnitySPRLearning\DrawCall\Library\PackageCache\com.unity.visualscripting@1.7.8\Editor\VisualScripting.Core\Dependencies\YamlDotNet\Unity.VisualScripting.YamlDotNet.dll
Symbol file LoadedFromMemory doesn't match image F:\UnitySPRLearning\DrawCall\Library\PackageCache\com.unity.visualscripting@1.7.8\Editor\VisualScripting.Core\Dependencies\DotNetZip\Unity.VisualScripting.IonicZip.dll
Native extension for WindowsStandalone target not found
Refreshing native plugins compatible for Editor in 0.57 ms, found 3 plugins.
Preloading 0 native plugins for Editor in 0.00 ms.
Mono: successfully reloaded assembly
- Completed reload, in  1.116 seconds
Domain Reload Profiling:
	ReloadAssembly (1117ms)
		BeginReloadAssembly (176ms)
			ExecutionOrderSort (0ms)
			DisableScriptedObjects (6ms)
			BackupInstance (0ms)
			ReleaseScriptingObjects (0ms)
			CreateAndSetChildDomain (39ms)
		EndReloadAssembly (818ms)
			LoadAssemblies (127ms)
			RebuildTransferFunctionScriptingTraits (0ms)
			SetupTypeCache (263ms)
			ReleaseScriptCaches (1ms)
			RebuildScriptCaches (46ms)
			SetupLoadedEditorAssemblies (357ms)
				LogAssemblyErrors (0ms)
				InitializePlatformSupportModulesInManaged (11ms)
				SetLoadedEditorAssemblies (0ms)
				RefreshPlugins (1ms)
				BeforeProcessingInitializeOnLoad (66ms)
				ProcessInitializeOnLoadAttributes (195ms)
				ProcessInitializeOnLoadMethodAttributes (65ms)
				AfterProcessingInitializeOnLoad (19ms)
				EditorAssembliesLoaded (0ms)
			ExecutionOrderSort2 (0ms)
			AwakeInstancesAfterBackupRestoration (7ms)
Platform modules already initialized, skipping
Refreshing native plugins compatible for Editor in 2.65 ms, found 3 plugins.
Preloading 0 native plugins for Editor in 0.00 ms.
Unloading 3627 Unused Serialized files (Serialized files now loaded: 0)
Unloading 23 unused Assets / (387.1 KB). Loaded Objects now: 4101.
Memory consumption went from 127.9 MB to 127.5 MB.
Total: 2.956600 ms (FindLiveObjects: 0.241400 ms CreateObjectMapping: 0.151100 ms MarkObjects: 2.442300 ms  DeleteObjects: 0.120900 ms)

AssetImportParameters requested are different than current active one (requested -> active):
  custom:video-decoder-ogg-theora: a1e56fd34408186e4bbccfd4996cb3dc -> 
  custom:container-muxer-webm: aa71ff27fc2769a1b78a27578f13a17b -> 
  custom:container-demuxer-webm: 4f35f7cbe854078d1ac9338744f61a02 -> 
  custom:video-encoder-webm-vp8: eb34c28f22e8b96e1ab97ce403110664 -> 
  custom:audio-encoder-webm-vorbis: bf7c407c2cedff20999df2af8eb42d56 -> 
  custom:framework-win-MediaFoundation: 216162199b28c13a410421893ffa2e32 -> 
  custom:container-demuxer-ogg: 62fdf1f143b41e24485cea50d1cbac27 -> 
  custom:video-decoder-webm-vp8: 9c59270c3fd7afecdb556c50c9e8de78 -> 
  custom:audio-decoder-ogg-vorbis: bf7c407c2cedff20999df2af8eb42d56 -> 
========================================================================
Received Import Request.
  Time since last request: 64.377022 seconds.
  path: Assets/CusotmRP/Shaders/Unlit.shader
  artifactKey: Guid(876a9ce335c710a47acad2dad16ad255) Importer(815301076,1909f56bfc062723c751e8b465ee728b)
Start importing Assets/CusotmRP/Shaders/Unlit.shader using Guid(876a9ce335c710a47acad2dad16ad255) Importer(815301076,1909f56bfc062723c751e8b465ee728b)  -> (artifact id: '9cd18f2793cc6d9ed7dea75213931cd2') in 0.016761 seconds 
========================================================================
Received Import Request.
  Time since last request: 41.936671 seconds.
  path: Assets/CusotmRP/Shaders/Unlit.shader
  artifactKey: Guid(876a9ce335c710a47acad2dad16ad255) Importer(815301076,1909f56bfc062723c751e8b465ee728b)
Start importing Assets/CusotmRP/Shaders/Unlit.shader using Guid(876a9ce335c710a47acad2dad16ad255) Importer(815301076,1909f56bfc062723c751e8b465ee728b)  -> (artifact id: '08dd9cad13eeeb693a7fea2d2f5403f1') in 0.002934 seconds 
========================================================================
Received Import Request.
  Time since last request: 170.526025 seconds.
  path: Assets/CusotmRP/Shaders/Unlit.shader
  artifactKey: Guid(876a9ce335c710a47acad2dad16ad255) Importer(815301076,1909f56bfc062723c751e8b465ee728b)
Start importing Assets/CusotmRP/Shaders/Unlit.shader using Guid(876a9ce335c710a47acad2dad16ad255) Importer(815301076,1909f56bfc062723c751e8b465ee728b)  -> (artifact id: '1689eb24678c0656bfe29157d22f9578') in 0.002851 seconds 
========================================================================
Received Import Request.
  Time since last request: 78.622648 seconds.
  path: Assets/CusotmRP/Shaders/Unlit.shader
  artifactKey: Guid(876a9ce335c710a47acad2dad16ad255) Importer(815301076,1909f56bfc062723c751e8b465ee728b)
Start importing Assets/CusotmRP/Shaders/Unlit.shader using Guid(876a9ce335c710a47acad2dad16ad255) Importer(815301076,1909f56bfc062723c751e8b465ee728b)  -> (artifact id: 'af422c6b9c51ae4ef8fc1e242838ad76') in 0.002858 seconds 
========================================================================
Received Import Request.
  Time since last request: 72.764877 seconds.
  path: Assets/CusotmRP/Shaders/Unlit.shader
  artifactKey: Guid(876a9ce335c710a47acad2dad16ad255) Importer(815301076,1909f56bfc062723c751e8b465ee728b)
Start importing Assets/CusotmRP/Shaders/Unlit.shader using Guid(876a9ce335c710a47acad2dad16ad255) Importer(815301076,1909f56bfc062723c751e8b465ee728b)  -> (artifact id: 'bf0e2430b7039fd1cdbf5a0d0450b48f') in 0.002825 seconds 
========================================================================
Received Import Request.
  Time since last request: 27.060643 seconds.
  path: Assets/CusotmRP/Shaders/Unlit.shader
  artifactKey: Guid(876a9ce335c710a47acad2dad16ad255) Importer(815301076,1909f56bfc062723c751e8b465ee728b)
Start importing Assets/CusotmRP/Shaders/Unlit.shader using Guid(876a9ce335c710a47acad2dad16ad255) Importer(815301076,1909f56bfc062723c751e8b465ee728b)  -> (artifact id: '29f522499bc3bd4917c5812ebe90e8eb') in 0.002815 seconds 
========================================================================
Received Import Request.
  Time since last request: 159.530571 seconds.
  path: Assets/CusotmRP/Shaders/Unlit.shader
  artifactKey: Guid(876a9ce335c710a47acad2dad16ad255) Importer(815301076,1909f56bfc062723c751e8b465ee728b)
Start importing Assets/CusotmRP/Shaders/Unlit.shader using Guid(876a9ce335c710a47acad2dad16ad255) Importer(815301076,1909f56bfc062723c751e8b465ee728b)  -> (artifact id: '19bdb62741692782f0d3fa8491fabb8c') in 0.003037 seconds 
========================================================================
Received Import Request.
  Time since last request: 85.429312 seconds.
  path: Assets/CusotmRP/Shaders/Unlit.shader
  artifactKey: Guid(876a9ce335c710a47acad2dad16ad255) Importer(815301076,1909f56bfc062723c751e8b465ee728b)
Start importing Assets/CusotmRP/Shaders/Unlit.shader using Guid(876a9ce335c710a47acad2dad16ad255) Importer(815301076,1909f56bfc062723c751e8b465ee728b)  -> (artifact id: '5fbfb80cc8fbef577456a6f74ad52375') in 0.002823 seconds 
========================================================================
Received Import Request.
  Time since last request: 55.601110 seconds.
  path: Assets/CusotmRP/Shaders/Unlit.shader
  artifactKey: Guid(876a9ce335c710a47acad2dad16ad255) Importer(815301076,1909f56bfc062723c751e8b465ee728b)
Start importing Assets/CusotmRP/Shaders/Unlit.shader using Guid(876a9ce335c710a47acad2dad16ad255) Importer(815301076,1909f56bfc062723c751e8b465ee728b)  -> (artifact id: '57e8170d9f9b3950608e86c4bc8753dc') in 0.003218 seconds 
========================================================================
Received Import Request.
  Time since last request: 357.980716 seconds.
  path: Assets/CusotmRP/Shaders/Unlit.shader
  artifactKey: Guid(876a9ce335c710a47acad2dad16ad255) Importer(815301076,1909f56bfc062723c751e8b465ee728b)
Start importing Assets/CusotmRP/Shaders/Unlit.shader using Guid(876a9ce335c710a47acad2dad16ad255) Importer(815301076,1909f56bfc062723c751e8b465ee728b)  -> (artifact id: '840b9d4574e0346a0efc6b34558c1aa4') in 0.003058 seconds 
========================================================================
Received Import Request.
  Time since last request: 73.855410 seconds.
  path: Assets/CusotmRP/Shaders/Unlit.shader
  artifactKey: Guid(876a9ce335c710a47acad2dad16ad255) Importer(815301076,1909f56bfc062723c751e8b465ee728b)
Start importing Assets/CusotmRP/Shaders/Unlit.shader using Guid(876a9ce335c710a47acad2dad16ad255) Importer(815301076,1909f56bfc062723c751e8b465ee728b)  -> (artifact id: 'e0416ceb9812eac9f374324389dc94ea') in 0.002871 seconds 
========================================================================
Received Prepare
Registering precompiled user dll's ...
Registered in 0.013242 seconds.
Begin MonoManager ReloadAssembly
Symbol file LoadedFromMemory doesn't match image F:\UnitySPRLearning\DrawCall\Library\PackageCache\com.unity.visualscripting@1.7.8\Editor\VisualScripting.Core\Dependencies\YamlDotNet\Unity.VisualScripting.YamlDotNet.dll
Symbol file LoadedFromMemory doesn't match image F:\UnitySPRLearning\DrawCall\Library\PackageCache\com.unity.visualscripting@1.7.8\Editor\VisualScripting.Core\Dependencies\DotNetZip\Unity.VisualScripting.IonicZip.dll
Native extension for WindowsStandalone target not found
Refreshing native plugins compatible for Editor in 0.58 ms, found 3 plugins.
Preloading 0 native plugins for Editor in 0.00 ms.
Mono: successfully reloaded assembly
- Completed reload, in  1.085 seconds
Domain Reload Profiling:
	ReloadAssembly (1085ms)
		BeginReloadAssembly (178ms)
			ExecutionOrderSort (0ms)
			DisableScriptedObjects (7ms)
			BackupInstance (0ms)
			ReleaseScriptingObjects (0ms)
			CreateAndSetChildDomain (39ms)
		EndReloadAssembly (774ms)
			LoadAssemblies (127ms)
			RebuildTransferFunctionScriptingTraits (0ms)
			SetupTypeCache (252ms)
			ReleaseScriptCaches (1ms)
			RebuildScriptCaches (37ms)
			SetupLoadedEditorAssemblies (338ms)
				LogAssemblyErrors (0ms)
				InitializePlatformSupportModulesInManaged (11ms)
				SetLoadedEditorAssemblies (1ms)
				RefreshPlugins (1ms)
				BeforeProcessingInitializeOnLoad (67ms)
				ProcessInitializeOnLoadAttributes (181ms)
				ProcessInitializeOnLoadMethodAttributes (62ms)
				AfterProcessingInitializeOnLoad (14ms)
				EditorAssembliesLoaded (0ms)
			ExecutionOrderSort2 (0ms)
			AwakeInstancesAfterBackupRestoration (8ms)
Platform modules already initialized, skipping
Refreshing native plugins compatible for Editor in 2.85 ms, found 3 plugins.
Preloading 0 native plugins for Editor in 0.00 ms.
Unloading 3627 Unused Serialized files (Serialized files now loaded: 0)
Unloading 23 unused Assets / (387.1 KB). Loaded Objects now: 4104.
Memory consumption went from 127.9 MB to 127.5 MB.
Total: 3.901400 ms (FindLiveObjects: 0.256300 ms CreateObjectMapping: 0.150500 ms MarkObjects: 3.363400 ms  DeleteObjects: 0.130400 ms)

AssetImportParameters requested are different than current active one (requested -> active):
  custom:video-decoder-ogg-theora: a1e56fd34408186e4bbccfd4996cb3dc -> 
  custom:container-muxer-webm: aa71ff27fc2769a1b78a27578f13a17b -> 
  custom:container-demuxer-webm: 4f35f7cbe854078d1ac9338744f61a02 -> 
  custom:video-encoder-webm-vp8: eb34c28f22e8b96e1ab97ce403110664 -> 
  custom:audio-encoder-webm-vorbis: bf7c407c2cedff20999df2af8eb42d56 -> 
  custom:framework-win-MediaFoundation: 216162199b28c13a410421893ffa2e32 -> 
  custom:container-demuxer-ogg: 62fdf1f143b41e24485cea50d1cbac27 -> 
  custom:video-decoder-webm-vp8: 9c59270c3fd7afecdb556c50c9e8de78 -> 
  custom:audio-decoder-ogg-vorbis: bf7c407c2cedff20999df2af8eb42d56 -> 
========================================================================
Received Import Request.
  Time since last request: 326.240510 seconds.
  path: Assets/CusotmRP/Runtime/CustomRenderPipeline.cs
  artifactKey: Guid(d9024e20a7f6963478b5a0af38e20ca7) Importer(815301076,1909f56bfc062723c751e8b465ee728b)
Start importing Assets/CusotmRP/Runtime/CustomRenderPipeline.cs using Guid(d9024e20a7f6963478b5a0af38e20ca7) Importer(815301076,1909f56bfc062723c751e8b465ee728b)  -> (artifact id: '2673c60e86cc92380fef51e8a727d3f3') in 0.033579 seconds 
========================================================================
Received Import Request.
  Time since last request: 21.217219 seconds.
  path: Assets/CusotmRP/Examples
  artifactKey: Guid(853f6ef6f4fd57c4e87dff72677ec3d2) Importer(815301076,1909f56bfc062723c751e8b465ee728b)
Start importing Assets/CusotmRP/Examples using Guid(853f6ef6f4fd57c4e87dff72677ec3d2) Importer(815301076,1909f56bfc062723c751e8b465ee728b)  -> (artifact id: '0ef50e61e25426a6c7802770992baaaa') in 0.002786 seconds 
========================================================================
Received Import Request.
  Time since last request: 18.751253 seconds.
  path: Assets/CusotmRP/Examples/PerObjectMaterialProperties.cs
  artifactKey: Guid(c1d57783bc0527e408ddbbf1fdfd93fd) Importer(815301076,1909f56bfc062723c751e8b465ee728b)
Start importing Assets/CusotmRP/Examples/PerObjectMaterialProperties.cs using Guid(c1d57783bc0527e408ddbbf1fdfd93fd) Importer(815301076,1909f56bfc062723c751e8b465ee728b)  -> (artifact id: '9c592383422da260c21544fed164ee8d') in 0.002500 seconds 
========================================================================
Received Prepare
Registering precompiled user dll's ...
Registered in 0.013271 seconds.
Begin MonoManager ReloadAssembly
Symbol file LoadedFromMemory doesn't match image F:\UnitySPRLearning\DrawCall\Library\PackageCache\com.unity.visualscripting@1.7.8\Editor\VisualScripting.Core\Dependencies\YamlDotNet\Unity.VisualScripting.YamlDotNet.dll
Symbol file LoadedFromMemory doesn't match image F:\UnitySPRLearning\DrawCall\Library\PackageCache\com.unity.visualscripting@1.7.8\Editor\VisualScripting.Core\Dependencies\DotNetZip\Unity.VisualScripting.IonicZip.dll
Native extension for WindowsStandalone target not found
Refreshing native plugins compatible for Editor in 0.60 ms, found 3 plugins.
Preloading 0 native plugins for Editor in 0.00 ms.
Mono: successfully reloaded assembly
- Completed reload, in  1.112 seconds
Domain Reload Profiling:
	ReloadAssembly (1113ms)
		BeginReloadAssembly (176ms)
			ExecutionOrderSort (0ms)
			DisableScriptedObjects (6ms)
			BackupInstance (0ms)
			ReleaseScriptingObjects (0ms)
			CreateAndSetChildDomain (39ms)
		EndReloadAssembly (814ms)
			LoadAssemblies (123ms)
			RebuildTransferFunctionScriptingTraits (0ms)
			SetupTypeCache (260ms)
			ReleaseScriptCaches (1ms)
			RebuildScriptCaches (43ms)
			SetupLoadedEditorAssemblies (357ms)
				LogAssemblyErrors (0ms)
				InitializePlatformSupportModulesInManaged (11ms)
				SetLoadedEditorAssemblies (0ms)
				RefreshPlugins (1ms)
				BeforeProcessingInitializeOnLoad (73ms)
				ProcessInitializeOnLoadAttributes (187ms)
				ProcessInitializeOnLoadMethodAttributes (67ms)
				AfterProcessingInitializeOnLoad (18ms)
				EditorAssembliesLoaded (0ms)
			ExecutionOrderSort2 (0ms)
			AwakeInstancesAfterBackupRestoration (8ms)
Platform modules already initialized, skipping
Refreshing native plugins compatible for Editor in 2.63 ms, found 3 plugins.
Preloading 0 native plugins for Editor in 0.00 ms.
Unloading 3628 Unused Serialized files (Serialized files now loaded: 0)
Unloading 23 unused Assets / (387.3 KB). Loaded Objects now: 4108.
Memory consumption went from 128.0 MB to 127.6 MB.
Total: 2.778200 ms (FindLiveObjects: 0.247100 ms CreateObjectMapping: 0.150100 ms MarkObjects: 2.256700 ms  DeleteObjects: 0.123400 ms)

AssetImportParameters requested are different than current active one (requested -> active):
  custom:video-decoder-ogg-theora: a1e56fd34408186e4bbccfd4996cb3dc -> 
  custom:container-muxer-webm: aa71ff27fc2769a1b78a27578f13a17b -> 
  custom:container-demuxer-webm: 4f35f7cbe854078d1ac9338744f61a02 -> 
  custom:video-encoder-webm-vp8: eb34c28f22e8b96e1ab97ce403110664 -> 
  custom:audio-encoder-webm-vorbis: bf7c407c2cedff20999df2af8eb42d56 -> 
  custom:framework-win-MediaFoundation: 216162199b28c13a410421893ffa2e32 -> 
  custom:container-demuxer-ogg: 62fdf1f143b41e24485cea50d1cbac27 -> 
  custom:video-decoder-webm-vp8: 9c59270c3fd7afecdb556c50c9e8de78 -> 
  custom:audio-decoder-ogg-vorbis: bf7c407c2cedff20999df2af8eb42d56 -> 
========================================================================
Received Import Request.
  Time since last request: 256.631523 seconds.
  path: Assets/CusotmRP/Examples/PerObjectMaterialProperties.cs
  artifactKey: Guid(c1d57783bc0527e408ddbbf1fdfd93fd) Importer(815301076,1909f56bfc062723c751e8b465ee728b)
Start importing Assets/CusotmRP/Examples/PerObjectMaterialProperties.cs using Guid(c1d57783bc0527e408ddbbf1fdfd93fd) Importer(815301076,1909f56bfc062723c751e8b465ee728b)  -> (artifact id: '2a6bf529435752d9e7b9d243294381a0') in 0.007957 seconds 
========================================================================
Received Prepare
Registering precompiled user dll's ...
Registered in 0.017473 seconds.
Begin MonoManager ReloadAssembly
Symbol file LoadedFromMemory doesn't match image F:\UnitySPRLearning\DrawCall\Library\PackageCache\com.unity.visualscripting@1.7.8\Editor\VisualScripting.Core\Dependencies\YamlDotNet\Unity.VisualScripting.YamlDotNet.dll
Symbol file LoadedFromMemory doesn't match image F:\UnitySPRLearning\DrawCall\Library\PackageCache\com.unity.visualscripting@1.7.8\Editor\VisualScripting.Core\Dependencies\DotNetZip\Unity.VisualScripting.IonicZip.dll
Native extension for WindowsStandalone target not found
Refreshing native plugins compatible for Editor in 0.57 ms, found 3 plugins.
Preloading 0 native plugins for Editor in 0.00 ms.
Mono: successfully reloaded assembly
- Completed reload, in  1.088 seconds
Domain Reload Profiling:
	ReloadAssembly (1089ms)
		BeginReloadAssembly (165ms)
			ExecutionOrderSort (0ms)
			DisableScriptedObjects (6ms)
			BackupInstance (0ms)
			ReleaseScriptingObjects (0ms)
			CreateAndSetChildDomain (35ms)
		EndReloadAssembly (792ms)
			LoadAssemblies (124ms)
			RebuildTransferFunctionScriptingTraits (0ms)
			SetupTypeCache (257ms)
			ReleaseScriptCaches (1ms)
			RebuildScriptCaches (39ms)
			SetupLoadedEditorAssemblies (345ms)
				LogAssemblyErrors (0ms)
				InitializePlatformSupportModulesInManaged (11ms)
				SetLoadedEditorAssemblies (0ms)
				RefreshPlugins (1ms)
				BeforeProcessingInitializeOnLoad (70ms)
				ProcessInitializeOnLoadAttributes (180ms)
				ProcessInitializeOnLoadMethodAttributes (67ms)
				AfterProcessingInitializeOnLoad (17ms)
				EditorAssembliesLoaded (0ms)
			ExecutionOrderSort2 (0ms)
			AwakeInstancesAfterBackupRestoration (7ms)
Platform modules already initialized, skipping
Refreshing native plugins compatible for Editor in 2.64 ms, found 3 plugins.
Preloading 0 native plugins for Editor in 0.00 ms.
Unloading 3628 Unused Serialized files (Serialized files now loaded: 0)
Unloading 23 unused Assets / (387.2 KB). Loaded Objects now: 4111.
Memory consumption went from 128.0 MB to 127.6 MB.
Total: 3.029700 ms (FindLiveObjects: 0.259700 ms CreateObjectMapping: 0.169500 ms MarkObjects: 2.459200 ms  DeleteObjects: 0.140000 ms)

AssetImportParameters requested are different than current active one (requested -> active):
  custom:video-decoder-ogg-theora: a1e56fd34408186e4bbccfd4996cb3dc -> 
  custom:container-muxer-webm: aa71ff27fc2769a1b78a27578f13a17b -> 
  custom:container-demuxer-webm: 4f35f7cbe854078d1ac9338744f61a02 -> 
  custom:video-encoder-webm-vp8: eb34c28f22e8b96e1ab97ce403110664 -> 
  custom:audio-encoder-webm-vorbis: bf7c407c2cedff20999df2af8eb42d56 -> 
  custom:framework-win-MediaFoundation: 216162199b28c13a410421893ffa2e32 -> 
  custom:container-demuxer-ogg: 62fdf1f143b41e24485cea50d1cbac27 -> 
  custom:video-decoder-webm-vp8: 9c59270c3fd7afecdb556c50c9e8de78 -> 
  custom:audio-decoder-ogg-vorbis: bf7c407c2cedff20999df2af8eb42d56 -> 
========================================================================
Received Prepare
Registering precompiled user dll's ...
Registered in 0.013607 seconds.
Begin MonoManager ReloadAssembly
Symbol file LoadedFromMemory doesn't match image F:\UnitySPRLearning\DrawCall\Library\PackageCache\com.unity.visualscripting@1.7.8\Editor\VisualScripting.Core\Dependencies\YamlDotNet\Unity.VisualScripting.YamlDotNet.dll
Symbol file LoadedFromMemory doesn't match image F:\UnitySPRLearning\DrawCall\Library\PackageCache\com.unity.visualscripting@1.7.8\Editor\VisualScripting.Core\Dependencies\DotNetZip\Unity.VisualScripting.IonicZip.dll
Native extension for WindowsStandalone target not found
Refreshing native plugins compatible for Editor in 0.74 ms, found 3 plugins.
Preloading 0 native plugins for Editor in 0.00 ms.
Mono: successfully reloaded assembly
- Completed reload, in  1.186 seconds
Domain Reload Profiling:
	ReloadAssembly (1187ms)
		BeginReloadAssembly (181ms)
			ExecutionOrderSort (0ms)
			DisableScriptedObjects (6ms)
			BackupInstance (0ms)
			ReleaseScriptingObjects (0ms)
			CreateAndSetChildDomain (37ms)
		EndReloadAssembly (884ms)
			LoadAssemblies (118ms)
			RebuildTransferFunctionScriptingTraits (0ms)
			SetupTypeCache (290ms)
			ReleaseScriptCaches (1ms)
			RebuildScriptCaches (42ms)
			SetupLoadedEditorAssemblies (390ms)
				LogAssemblyErrors (0ms)
				InitializePlatformSupportModulesInManaged (12ms)
				SetLoadedEditorAssemblies (0ms)
				RefreshPlugins (1ms)
				BeforeProcessingInitializeOnLoad (77ms)
				ProcessInitializeOnLoadAttributes (206ms)
				ProcessInitializeOnLoadMethodAttributes (76ms)
				AfterProcessingInitializeOnLoad (17ms)
				EditorAssembliesLoaded (0ms)
			ExecutionOrderSort2 (0ms)
			AwakeInstancesAfterBackupRestoration (7ms)
Platform modules already initialized, skipping
Refreshing native plugins compatible for Editor in 2.64 ms, found 3 plugins.
Preloading 0 native plugins for Editor in 0.00 ms.
Unloading 3628 Unused Serialized files (Serialized files now loaded: 0)
Unloading 23 unused Assets / (387.0 KB). Loaded Objects now: 4114.
Memory consumption went from 128.0 MB to 127.6 MB.
Total: 2.816900 ms (FindLiveObjects: 0.245700 ms CreateObjectMapping: 0.152900 ms MarkObjects: 2.295300 ms  DeleteObjects: 0.122100 ms)

AssetImportParameters requested are different than current active one (requested -> active):
  custom:video-decoder-ogg-theora: a1e56fd34408186e4bbccfd4996cb3dc -> 
  custom:container-muxer-webm: aa71ff27fc2769a1b78a27578f13a17b -> 
  custom:container-demuxer-webm: 4f35f7cbe854078d1ac9338744f61a02 -> 
  custom:video-encoder-webm-vp8: eb34c28f22e8b96e1ab97ce403110664 -> 
  custom:audio-encoder-webm-vorbis: bf7c407c2cedff20999df2af8eb42d56 -> 
  custom:framework-win-MediaFoundation: 216162199b28c13a410421893ffa2e32 -> 
  custom:container-demuxer-ogg: 62fdf1f143b41e24485cea50d1cbac27 -> 
  custom:video-decoder-webm-vp8: 9c59270c3fd7afecdb556c50c9e8de78 -> 
  custom:audio-decoder-ogg-vorbis: bf7c407c2cedff20999df2af8eb42d56 -> 
========================================================================
Received Import Request.
  Time since last request: 1413.288397 seconds.
  path: Assets/CusotmRP/Shaders/Unlit.shader
  artifactKey: Guid(876a9ce335c710a47acad2dad16ad255) Importer(815301076,1909f56bfc062723c751e8b465ee728b)
Start importing Assets/CusotmRP/Shaders/Unlit.shader using Guid(876a9ce335c710a47acad2dad16ad255) Importer(815301076,1909f56bfc062723c751e8b465ee728b)  -> (artifact id: '6815aec398aeaa9510f709eb3278737c') in 0.015730 seconds 
========================================================================
Received Import Request.
  Time since last request: 34.950093 seconds.
  path: Assets/CusotmRP/Shaders/Unlit.shader
  artifactKey: Guid(876a9ce335c710a47acad2dad16ad255) Importer(815301076,1909f56bfc062723c751e8b465ee728b)
Start importing Assets/CusotmRP/Shaders/Unlit.shader using Guid(876a9ce335c710a47acad2dad16ad255) Importer(815301076,1909f56bfc062723c751e8b465ee728b)  -> (artifact id: '4fce7f1729054facca6197f2e239f6da') in 0.003334 seconds 
========================================================================
Received Import Request.
  Time since last request: 73.552046 seconds.
  path: Assets/CusotmRP/Shaders/Unlit.shader
  artifactKey: Guid(876a9ce335c710a47acad2dad16ad255) Importer(815301076,1909f56bfc062723c751e8b465ee728b)
Start importing Assets/CusotmRP/Shaders/Unlit.shader using Guid(876a9ce335c710a47acad2dad16ad255) Importer(815301076,1909f56bfc062723c751e8b465ee728b)  -> (artifact id: '856764542ee18da2c66b880f12c388a2') in 0.002896 seconds 
========================================================================
Received Import Request.
  Time since last request: 51.659601 seconds.
  path: Assets/CusotmRP/Shaders/Unlit.shader
  artifactKey: Guid(876a9ce335c710a47acad2dad16ad255) Importer(815301076,1909f56bfc062723c751e8b465ee728b)
Start importing Assets/CusotmRP/Shaders/Unlit.shader using Guid(876a9ce335c710a47acad2dad16ad255) Importer(815301076,1909f56bfc062723c751e8b465ee728b)  -> (artifact id: '9179a0c0659412a0bbf7016e2c11038d') in 0.002797 seconds 
========================================================================
Received Import Request.
  Time since last request: 35.676675 seconds.
  path: Assets/CusotmRP/Shaders/Unlit.shader
  artifactKey: Guid(876a9ce335c710a47acad2dad16ad255) Importer(815301076,1909f56bfc062723c751e8b465ee728b)
Start importing Assets/CusotmRP/Shaders/Unlit.shader using Guid(876a9ce335c710a47acad2dad16ad255) Importer(815301076,1909f56bfc062723c751e8b465ee728b)  -> (artifact id: 'f1f38f69f4ea079d707ebf6d7e1e8d38') in 0.002998 seconds 
========================================================================
Received Import Request.
  Time since last request: 30.276391 seconds.
  path: Assets/CusotmRP/Shaders/Unlit.shader
  artifactKey: Guid(876a9ce335c710a47acad2dad16ad255) Importer(815301076,1909f56bfc062723c751e8b465ee728b)
Start importing Assets/CusotmRP/Shaders/Unlit.shader using Guid(876a9ce335c710a47acad2dad16ad255) Importer(815301076,1909f56bfc062723c751e8b465ee728b)  -> (artifact id: '9e7b1d1b0d7e432e4d8eb4d4fdab0831') in 0.003480 seconds 
========================================================================
Received Prepare
Registering precompiled user dll's ...
Registered in 0.013049 seconds.
Begin MonoManager ReloadAssembly
Symbol file LoadedFromMemory doesn't match image F:\UnitySPRLearning\DrawCall\Library\PackageCache\com.unity.visualscripting@1.7.8\Editor\VisualScripting.Core\Dependencies\YamlDotNet\Unity.VisualScripting.YamlDotNet.dll
Symbol file LoadedFromMemory doesn't match image F:\UnitySPRLearning\DrawCall\Library\PackageCache\com.unity.visualscripting@1.7.8\Editor\VisualScripting.Core\Dependencies\DotNetZip\Unity.VisualScripting.IonicZip.dll
Native extension for WindowsStandalone target not found
Refreshing native plugins compatible for Editor in 0.93 ms, found 3 plugins.
Preloading 0 native plugins for Editor in 0.00 ms.
Mono: successfully reloaded assembly
- Completed reload, in  1.175 seconds
Domain Reload Profiling:
	ReloadAssembly (1175ms)
		BeginReloadAssembly (186ms)
			ExecutionOrderSort (0ms)
			DisableScriptedObjects (6ms)
			BackupInstance (0ms)
			ReleaseScriptingObjects (0ms)
			CreateAndSetChildDomain (39ms)
		EndReloadAssembly (863ms)
			LoadAssemblies (130ms)
			RebuildTransferFunctionScriptingTraits (0ms)
			SetupTypeCache (291ms)
			ReleaseScriptCaches (1ms)
			RebuildScriptCaches (45ms)
			SetupLoadedEditorAssemblies (359ms)
				LogAssemblyErrors (0ms)
				InitializePlatformSupportModulesInManaged (12ms)
				SetLoadedEditorAssemblies (0ms)
				RefreshPlugins (1ms)
				BeforeProcessingInitializeOnLoad (78ms)
				ProcessInitializeOnLoadAttributes (189ms)
				ProcessInitializeOnLoadMethodAttributes (63ms)
				AfterProcessingInitializeOnLoad (14ms)
				EditorAssembliesLoaded (0ms)
			ExecutionOrderSort2 (0ms)
			AwakeInstancesAfterBackupRestoration (7ms)
Platform modules already initialized, skipping
Refreshing native plugins compatible for Editor in 3.01 ms, found 3 plugins.
Preloading 0 native plugins for Editor in 0.00 ms.
Unloading 3628 Unused Serialized files (Serialized files now loaded: 0)
Unloading 23 unused Assets / (387.4 KB). Loaded Objects now: 4117.
Memory consumption went from 128.0 MB to 127.6 MB.
Total: 3.926200 ms (FindLiveObjects: 0.256800 ms CreateObjectMapping: 0.162600 ms MarkObjects: 3.362900 ms  DeleteObjects: 0.142400 ms)

AssetImportParameters requested are different than current active one (requested -> active):
  custom:video-decoder-ogg-theora: a1e56fd34408186e4bbccfd4996cb3dc -> 
  custom:container-muxer-webm: aa71ff27fc2769a1b78a27578f13a17b -> 
  custom:container-demuxer-webm: 4f35f7cbe854078d1ac9338744f61a02 -> 
  custom:video-encoder-webm-vp8: eb34c28f22e8b96e1ab97ce403110664 -> 
  custom:audio-encoder-webm-vorbis: bf7c407c2cedff20999df2af8eb42d56 -> 
  custom:framework-win-MediaFoundation: 216162199b28c13a410421893ffa2e32 -> 
  custom:container-demuxer-ogg: 62fdf1f143b41e24485cea50d1cbac27 -> 
  custom:video-decoder-webm-vp8: 9c59270c3fd7afecdb556c50c9e8de78 -> 
  custom:audio-decoder-ogg-vorbis: bf7c407c2cedff20999df2af8eb42d56 -> 
========================================================================
Received Prepare
Registering precompiled user dll's ...
Registered in 0.014930 seconds.
Begin MonoManager ReloadAssembly
Symbol file LoadedFromMemory doesn't match image F:\UnitySPRLearning\DrawCall\Library\PackageCache\com.unity.visualscripting@1.7.8\Editor\VisualScripting.Core\Dependencies\YamlDotNet\Unity.VisualScripting.YamlDotNet.dll
Symbol file LoadedFromMemory doesn't match image F:\UnitySPRLearning\DrawCall\Library\PackageCache\com.unity.visualscripting@1.7.8\Editor\VisualScripting.Core\Dependencies\DotNetZip\Unity.VisualScripting.IonicZip.dll
Native extension for WindowsStandalone target not found
Refreshing native plugins compatible for Editor in 0.57 ms, found 3 plugins.
Preloading 0 native plugins for Editor in 0.00 ms.
Mono: successfully reloaded assembly
- Completed reload, in  1.100 seconds
Domain Reload Profiling:
	ReloadAssembly (1101ms)
		BeginReloadAssembly (190ms)
			ExecutionOrderSort (0ms)
			DisableScriptedObjects (5ms)
			BackupInstance (0ms)
			ReleaseScriptingObjects (0ms)
			CreateAndSetChildDomain (38ms)
		EndReloadAssembly (795ms)
			LoadAssemblies (120ms)
			RebuildTransferFunctionScriptingTraits (0ms)
			SetupTypeCache (262ms)
			ReleaseScriptCaches (1ms)
			RebuildScriptCaches (40ms)
			SetupLoadedEditorAssemblies (347ms)
				LogAssemblyErrors (0ms)
				InitializePlatformSupportModulesInManaged (11ms)
				SetLoadedEditorAssemblies (0ms)
				RefreshPlugins (1ms)
				BeforeProcessingInitializeOnLoad (69ms)
				ProcessInitializeOnLoadAttributes (186ms)
				ProcessInitializeOnLoadMethodAttributes (65ms)
				AfterProcessingInitializeOnLoad (15ms)
				EditorAssembliesLoaded (0ms)
			ExecutionOrderSort2 (0ms)
			AwakeInstancesAfterBackupRestoration (7ms)
Platform modules already initialized, skipping
Refreshing native plugins compatible for Editor in 5.21 ms, found 3 plugins.
Preloading 0 native plugins for Editor in 0.00 ms.
Unloading 3629 Unused Serialized files (Serialized files now loaded: 0)
Unloading 23 unused Assets / (387.4 KB). Loaded Objects now: 4121.
Memory consumption went from 128.0 MB to 127.6 MB.
Total: 3.813400 ms (FindLiveObjects: 0.251500 ms CreateObjectMapping: 0.156100 ms MarkObjects: 3.273800 ms  DeleteObjects: 0.130900 ms)

AssetImportParameters requested are different than current active one (requested -> active):
  custom:video-decoder-ogg-theora: a1e56fd34408186e4bbccfd4996cb3dc -> 
  custom:container-muxer-webm: aa71ff27fc2769a1b78a27578f13a17b -> 
  custom:container-demuxer-webm: 4f35f7cbe854078d1ac9338744f61a02 -> 
  custom:video-encoder-webm-vp8: eb34c28f22e8b96e1ab97ce403110664 -> 
  custom:audio-encoder-webm-vorbis: bf7c407c2cedff20999df2af8eb42d56 -> 
  custom:framework-win-MediaFoundation: 216162199b28c13a410421893ffa2e32 -> 
  custom:container-demuxer-ogg: 62fdf1f143b41e24485cea50d1cbac27 -> 
  custom:video-decoder-webm-vp8: 9c59270c3fd7afecdb556c50c9e8de78 -> 
  custom:audio-decoder-ogg-vorbis: bf7c407c2cedff20999df2af8eb42d56 -> 
========================================================================
Received Prepare
Registering precompiled user dll's ...
Registered in 0.018122 seconds.
Begin MonoManager ReloadAssembly
Symbol file LoadedFromMemory doesn't match image F:\UnitySPRLearning\DrawCall\Library\PackageCache\com.unity.visualscripting@1.7.8\Editor\VisualScripting.Core\Dependencies\YamlDotNet\Unity.VisualScripting.YamlDotNet.dll
Symbol file LoadedFromMemory doesn't match image F:\UnitySPRLearning\DrawCall\Library\PackageCache\com.unity.visualscripting@1.7.8\Editor\VisualScripting.Core\Dependencies\DotNetZip\Unity.VisualScripting.IonicZip.dll
Native extension for WindowsStandalone target not found
Refreshing native plugins compatible for Editor in 0.62 ms, found 3 plugins.
Preloading 0 native plugins for Editor in 0.00 ms.
Mono: successfully reloaded assembly
- Completed reload, in  1.226 seconds
Domain Reload Profiling:
	ReloadAssembly (1227ms)
		BeginReloadAssembly (170ms)
			ExecutionOrderSort (0ms)
			DisableScriptedObjects (7ms)
			BackupInstance (0ms)
			ReleaseScriptingObjects (0ms)
			CreateAndSetChildDomain (38ms)
		EndReloadAssembly (933ms)
			LoadAssemblies (127ms)
			RebuildTransferFunctionScriptingTraits (0ms)
			SetupTypeCache (327ms)
			ReleaseScriptCaches (1ms)
			RebuildScriptCaches (43ms)
			SetupLoadedEditorAssemblies (392ms)
				LogAssemblyErrors (0ms)
				InitializePlatformSupportModulesInManaged (42ms)
				SetLoadedEditorAssemblies (0ms)
				RefreshPlugins (1ms)
				BeforeProcessingInitializeOnLoad (74ms)
				ProcessInitializeOnLoadAttributes (191ms)
				ProcessInitializeOnLoadMethodAttributes (69ms)
				AfterProcessingInitializeOnLoad (15ms)
				EditorAssembliesLoaded (0ms)
			ExecutionOrderSort2 (0ms)
			AwakeInstancesAfterBackupRestoration (8ms)
Platform modules already initialized, skipping
Refreshing native plugins compatible for Editor in 2.82 ms, found 3 plugins.
Preloading 0 native plugins for Editor in 0.00 ms.
Unloading 3629 Unused Serialized files (Serialized files now loaded: 0)
Unloading 23 unused Assets / (387.6 KB). Loaded Objects now: 4124.
Memory consumption went from 128.0 MB to 127.7 MB.
Total: 3.500800 ms (FindLiveObjects: 0.255200 ms CreateObjectMapping: 0.144700 ms MarkObjects: 2.958700 ms  DeleteObjects: 0.141400 ms)

AssetImportParameters requested are different than current active one (requested -> active):
  custom:video-decoder-ogg-theora: a1e56fd34408186e4bbccfd4996cb3dc -> 
  custom:container-muxer-webm: aa71ff27fc2769a1b78a27578f13a17b -> 
  custom:container-demuxer-webm: 4f35f7cbe854078d1ac9338744f61a02 -> 
  custom:video-encoder-webm-vp8: eb34c28f22e8b96e1ab97ce403110664 -> 
  custom:audio-encoder-webm-vorbis: bf7c407c2cedff20999df2af8eb42d56 -> 
  custom:framework-win-MediaFoundation: 216162199b28c13a410421893ffa2e32 -> 
  custom:container-demuxer-ogg: 62fdf1f143b41e24485cea50d1cbac27 -> 
  custom:video-decoder-webm-vp8: 9c59270c3fd7afecdb556c50c9e8de78 -> 
  custom:audio-decoder-ogg-vorbis: bf7c407c2cedff20999df2af8eb42d56 -> 
========================================================================
Received Import Request.
  Time since last request: 1101.513671 seconds.
  path: Assets/CusotmRP/Examples/MeshBall.cs
  artifactKey: Guid(8a369542d7aa7a34cbd0da5fbd9923de) Importer(815301076,1909f56bfc062723c751e8b465ee728b)
Start importing Assets/CusotmRP/Examples/MeshBall.cs using Guid(8a369542d7aa7a34cbd0da5fbd9923de) Importer(815301076,1909f56bfc062723c751e8b465ee728b)  -> (artifact id: '8d389051fc351eb7f7b9dafa337e9ae3') in 0.006416 seconds 
========================================================================
Received Import Request.
  Time since last request: 0.663740 seconds.
  path: Assets/CusotmRP/Examples/PerObjectMaterialProperties.cs
  artifactKey: Guid(c1d57783bc0527e408ddbbf1fdfd93fd) Importer(815301076,1909f56bfc062723c751e8b465ee728b)
Start importing Assets/CusotmRP/Examples/PerObjectMaterialProperties.cs using Guid(c1d57783bc0527e408ddbbf1fdfd93fd) Importer(815301076,1909f56bfc062723c751e8b465ee728b)  -> (artifact id: '23a8ef44179823ae51689a6350546a64') in 0.001996 seconds 
========================================================================
Received Prepare
Registering precompiled user dll's ...
Registered in 0.015918 seconds.
Begin MonoManager ReloadAssembly
Symbol file LoadedFromMemory doesn't match image F:\UnitySPRLearning\DrawCall\Library\PackageCache\com.unity.visualscripting@1.7.8\Editor\VisualScripting.Core\Dependencies\YamlDotNet\Unity.VisualScripting.YamlDotNet.dll
Symbol file LoadedFromMemory doesn't match image F:\UnitySPRLearning\DrawCall\Library\PackageCache\com.unity.visualscripting@1.7.8\Editor\VisualScripting.Core\Dependencies\DotNetZip\Unity.VisualScripting.IonicZip.dll
Native extension for WindowsStandalone target not found
Refreshing native plugins compatible for Editor in 0.68 ms, found 3 plugins.
Preloading 0 native plugins for Editor in 0.00 ms.
Mono: successfully reloaded assembly
- Completed reload, in  1.197 seconds
Domain Reload Profiling:
	ReloadAssembly (1197ms)
		BeginReloadAssembly (183ms)
			ExecutionOrderSort (0ms)
			DisableScriptedObjects (6ms)
			BackupInstance (0ms)
			ReleaseScriptingObjects (0ms)
			CreateAndSetChildDomain (35ms)
		EndReloadAssembly (884ms)
			LoadAssemblies (122ms)
			RebuildTransferFunctionScriptingTraits (0ms)
			SetupTypeCache (300ms)
			ReleaseScriptCaches (1ms)
			RebuildScriptCaches (45ms)
			SetupLoadedEditorAssemblies (382ms)
				LogAssemblyErrors (0ms)
				InitializePlatformSupportModulesInManaged (11ms)
				SetLoadedEditorAssemblies (0ms)
				RefreshPlugins (1ms)
				BeforeProcessingInitializeOnLoad (73ms)
				ProcessInitializeOnLoadAttributes (209ms)
				ProcessInitializeOnLoadMethodAttributes (73ms)
				AfterProcessingInitializeOnLoad (15ms)
				EditorAssembliesLoaded (0ms)
			ExecutionOrderSort2 (0ms)
			AwakeInstancesAfterBackupRestoration (7ms)
Platform modules already initialized, skipping
Refreshing native plugins compatible for Editor in 2.76 ms, found 3 plugins.
Preloading 0 native plugins for Editor in 0.00 ms.
Unloading 3629 Unused Serialized files (Serialized files now loaded: 0)
Unloading 23 unused Assets / (387.5 KB). Loaded Objects now: 4127.
Memory consumption went from 128.0 MB to 127.7 MB.
Total: 4.916500 ms (FindLiveObjects: 0.266100 ms CreateObjectMapping: 0.160300 ms MarkObjects: 4.350000 ms  DeleteObjects: 0.138600 ms)

AssetImportParameters requested are different than current active one (requested -> active):
  custom:video-decoder-ogg-theora: a1e56fd34408186e4bbccfd4996cb3dc -> 
  custom:container-muxer-webm: aa71ff27fc2769a1b78a27578f13a17b -> 
  custom:container-demuxer-webm: 4f35f7cbe854078d1ac9338744f61a02 -> 
  custom:video-encoder-webm-vp8: eb34c28f22e8b96e1ab97ce403110664 -> 
  custom:audio-encoder-webm-vorbis: bf7c407c2cedff20999df2af8eb42d56 -> 
  custom:framework-win-MediaFoundation: 216162199b28c13a410421893ffa2e32 -> 
  custom:container-demuxer-ogg: 62fdf1f143b41e24485cea50d1cbac27 -> 
  custom:video-decoder-webm-vp8: 9c59270c3fd7afecdb556c50c9e8de78 -> 
  custom:audio-decoder-ogg-vorbis: bf7c407c2cedff20999df2af8eb42d56 -> 
========================================================================
Received Prepare
Registering precompiled user dll's ...
Registered in 0.017875 seconds.
Begin MonoManager ReloadAssembly
Symbol file LoadedFromMemory doesn't match image F:\UnitySPRLearning\DrawCall\Library\PackageCache\com.unity.visualscripting@1.7.8\Editor\VisualScripting.Core\Dependencies\YamlDotNet\Unity.VisualScripting.YamlDotNet.dll
Symbol file LoadedFromMemory doesn't match image F:\UnitySPRLearning\DrawCall\Library\PackageCache\com.unity.visualscripting@1.7.8\Editor\VisualScripting.Core\Dependencies\DotNetZip\Unity.VisualScripting.IonicZip.dll
The file 'MemoryStream' is corrupted! Remove it and launch unity again!
[Position out of bounds!]
Fatal Error! The file 'MemoryStream' is corrupted! Remove it and launch unity again!
[Position out of bounds!]
Crash!!!
SymInit: Symbol-SearchPath: 'F:/Softwave/Unity/2021.3.16f1c1/Editor/Data/Mono;.;F:\UnitySPRLearning\DrawCall;F:\UnitySPRLearning\DrawCall\Library\BurstCache\JIT;F:\Softwave\Unity\2021.3.16f1c1\Editor;C:\WINDOWS;C:\WINDOWS\system32;', symOptions: 534, UserName: '47459'
OS-Version: 10.0.0
F:\Softwave\Unity\2021.3.16f1c1\Editor\Unity.exe:Unity.exe (00007FF6E8AC0000), size: 80973824 (result: 0), SymType: '-deferred-', PDB: '', fileVersion: 2021.3.16.56317
C:\WINDOWS\SYSTEM32\ntdll.dll:ntdll.dll (00007FFB280E0000), size: 2134016 (result: 0), SymType: '-deferred-', PDB: '', fileVersion: 10.0.22000.918
C:\WINDOWS\System32\KERNEL32.DLL:KERNEL32.DLL (00007FFB26050000), size: 778240 (result: 0), SymType: '-deferred-', PDB: '', fileVersion: 10.0.22000.1335
C:\WINDOWS\System32\KERNELBASE.dll:KERNELBASE.dll (00007FFB25840000), size: 3649536 (result: 0), SymType: '-deferred-', PDB: '', fileVersion: 10.0.22000.1335
C:\WINDOWS\System32\user32.dll:user32.dll (00007FFB26C60000), size: 1757184 (result: 0), SymType: '-deferred-', PDB: '', fileVersion: 10.0.22000.1455
C:\WINDOWS\System32\win32u.dll:win32u.dll (00007FFB25E70000), size: 155648 (result: 0), SymType: '-deferred-', PDB: '', fileVersion: 10.0.22000.1455
C:\WINDOWS\System32\GDI32.dll:GDI32.dll (00007FFB27AA0000), size: 167936 (result: 0), SymType: '-deferred-', PDB: '', fileVersion: 10.0.22000.832
C:\WINDOWS\System32\gdi32full.dll:gdi32full.dll (00007FFB25BC0000), size: 1146880 (result: 0), SymType: '-deferred-', PDB: '', fileVersion: 10.0.22000.1335
C:\WINDOWS\System32\msvcp_win.dll:msvcp_win.dll (00007FFB25D50000), size: 643072 (result: 0), SymType: '-deferred-', PDB: '', fileVersion: 10.0.22000.1
C:\WINDOWS\System32\ucrtbase.dll:ucrtbase.dll (00007FFB25720000), size: 1118208 (result: 0), SymType: '-deferred-', PDB: '', fileVersion: 10.0.22000.1
C:\WINDOWS\System32\advapi32.dll:advapi32.dll (00007FFB26E20000), size: 712704 (result: 0), SymType: '-deferred-', PDB: '', fileVersion: 10.0.22000.1098
C:\WINDOWS\System32\msvcrt.dll:msvcrt.dll (00007FFB27C70000), size: 667648 (result: 0), SymType: '-deferred-', PDB: '', fileVersion: 7.0.22000.1
C:\WINDOWS\System32\sechost.dll:sechost.dll (00007FFB26110000), size: 647168 (result: 0), SymType: '-deferred-', PDB: '', fileVersion: 10.0.22000.708
C:\WINDOWS\System32\RPCRT4.dll:RPCRT4.dll (00007FFB26850000), size: 1179648 (result: 0), SymType: '-deferred-', PDB: '', fileVersion: 10.0.22000.1455
C:\WINDOWS\System32\shell32.dll:shell32.dll (00007FFB26EE0000), size: 8089600 (result: 0), SymType: '-deferred-', PDB: '', fileVersion: 10.0.22000.1455
C:\WINDOWS\System32\setupapi.dll:setupapi.dll (00007FFB262B0000), size: 4636672 (result: 0), SymType: '-deferred-', PDB: '', fileVersion: 10.0.22000.469
C:\WINDOWS\SYSTEM32\iphlpapi.dll:iphlpapi.dll (00007FFB24160000), size: 184320 (result: 0), SymType: '-deferred-', PDB: '', fileVersion: 10.0.22000.282
C:\WINDOWS\System32\psapi.dll:psapi.dll (00007FFB26970000), size: 32768 (result: 0), SymType: '-deferred-', PDB: '', fileVersion: 10.0.22000.1
C:\WINDOWS\SYSTEM32\hid.dll:hid.dll (00007FFB23F10000), size: 57344 (result: 0), SymType: '-deferred-', PDB: '', fileVersion: 10.0.22000.1
C:\WINDOWS\System32\WS2_32.dll:WS2_32.dll (00007FFB26980000), size: 454656 (result: 0), SymType: '-deferred-', PDB: '', fileVersion: 10.0.22000.1
C:\WINDOWS\System32\WINTRUST.dll:WINTRUST.dll (00007FFB25CE0000), size: 425984 (result: 0), SymType: '-deferred-', PDB: '', fileVersion: 10.0.22000.1281
C:\WINDOWS\SYSTEM32\dhcpcsvc.dll:dhcpcsvc.dll (00007FFB1EDE0000), size: 122880 (result: 0), SymType: '-deferred-', PDB: '', fileVersion: 10.0.22000.1098
C:\WINDOWS\SYSTEM32\dhcpcsvc6.dll:dhcpcsvc6.dll (00007FFB1EA40000), size: 102400 (result: 0), SymType: '-deferred-', PDB: '', fileVersion: 10.0.22000.1098
C:\WINDOWS\SYSTEM32\wsock32.dll:wsock32.dll (00007FFB0CC40000), size: 36864 (result: 0), SymType: '-deferred-', PDB: '', fileVersion: 10.0.22000.1
C:\WINDOWS\System32\OLEAUT32.dll:OLEAUT32.dll (00007FFB261D0000), size: 876544 (result: 0), SymType: '-deferred-', PDB: '', fileVersion: 10.0.22000.1
C:\WINDOWS\System32\combase.dll:combase.dll (00007FFB27D20000), size: 3637248 (result: 0), SymType: '-deferred-', PDB: '', fileVersion: 10.0.22000.1165
F:\Softwave\Unity\2021.3.16f1c1\Editor\libfbxsdk.dll:libfbxsdk.dll (00007FFABACF0000), size: 10215424 (result: 0), SymType: '-deferred-', PDB: '', fileVersion: 2020.2.0.0
F:\Softwave\Unity\2021.3.16f1c1\Editor\optix.6.0.0.dll:optix.6.0.0.dll (00007FFB15C40000), size: 208896 (result: 0), SymType: '-deferred-', PDB: '', fileVersion: 6.0.0.0
F:\Softwave\Unity\2021.3.16f1c1\Editor\s3tcompress.dll:s3tcompress.dll (00007FFB20E30000), size: 180224 (result: 0), SymType: '-deferred-', PDB: ''
C:\WINDOWS\System32\IMM32.dll:IMM32.dll (00007FFB26810000), size: 204800 (result: 0), SymType: '-deferred-', PDB: '', fileVersion: 10.0.22000.1165
C:\WINDOWS\System32\ole32.dll:ole32.dll (00007FFB27AD0000), size: 1679360 (result: 0), SymType: '-deferred-', PDB: '', fileVersion: 10.0.22000.120
F:\Softwave\Unity\2021.3.16f1c1\Editor\etccompress.dll:etccompress.dll (00007FFABBD20000), size: 5066752 (result: 0), SymType: '-deferred-', PDB: ''
C:\WINDOWS\System32\SHLWAPI.dll:SHLWAPI.dll (00007FFB27A40000), size: 380928 (result: 0), SymType: '-deferred-', PDB: '', fileVersion: 10.0.22000.1
C:\WINDOWS\System32\CRYPT32.dll:CRYPT32.dll (00007FFB255B0000), size: 1449984 (result: 0), SymType: '-deferred-', PDB: '', fileVersion: 10.0.22000.1098
F:\Softwave\Unity\2021.3.16f1c1\Editor\ispc_texcomp.dll:ispc_texcomp.dll (00007FFAE7BB0000), size: 1740800 (result: 0), SymType: '-deferred-', PDB: ''
F:\Softwave\Unity\2021.3.16f1c1\Editor\compress_bc7e.dll:compress_bc7e.dll (00007FFB05990000), size: 1441792 (result: 0), SymType: '-deferred-', PDB: ''
F:\Softwave\Unity\2021.3.16f1c1\Editor\FreeImage.dll:FreeImage.dll (0000000180000000), size: 6582272 (result: 0), SymType: '-deferred-', PDB: '', fileVersion: 3.18.0.0
F:\Softwave\Unity\2021.3.16f1c1\Editor\OpenImageDenoise.dll:OpenImageDenoise.dll (00007FFA91890000), size: 48848896 (result: 0), SymType: '-deferred-', PDB: '', fileVersion: 1.4.2.0
F:\Softwave\Unity\2021.3.16f1c1\Editor\WinPixEventRuntime.dll:WinPixEventRuntime.dll (00007FFB1AA00000), size: 45056 (result: 0), SymType: '-deferred-', PDB: '', fileVersion: 1.0.1812.6001
F:\Softwave\Unity\2021.3.16f1c1\Editor\umbraoptimizer64.dll:umbraoptimizer64.dll (00007FFABD110000), size: 1187840 (result: 0), SymType: '-deferred-', PDB: ''
F:\Softwave\Unity\2021.3.16f1c1\Editor\RadeonImageFilters.dll:RadeonImageFilters.dll (00007FFABA130000), size: 2961408 (result: 0), SymType: '-deferred-', PDB: '', fileVersion: 1.7.0.0
F:\Softwave\Unity\2021.3.16f1c1\Editor\SketchUpAPI.dll:SketchUpAPI.dll (00007FFABA410000), size: 9306112 (result: 0), SymType: '-deferred-', PDB: '', fileVersion: 20.2.172.0
C:\WINDOWS\SYSTEM32\VERSION.dll:VERSION.dll (00007FFB1E920000), size: 40960 (result: 0), SymType: '-deferred-', PDB: '', fileVersion: 10.0.22000.1
C:\WINDOWS\SYSTEM32\dwmapi.dll:dwmapi.dll (00007FFB22B70000), size: 192512 (result: 0), SymType: '-deferred-', PDB: '', fileVersion: 10.0.22000.41
C:\WINDOWS\SYSTEM32\bcrypt.dll:bcrypt.dll (00007FFB24F90000), size: 159744 (result: 0), SymType: '-deferred-', PDB: '', fileVersion: 10.0.22000.1455
C:\WINDOWS\SYSTEM32\WINMM.dll:WINMM.dll (00007FFB1F090000), size: 208896 (result: 0), SymType: '-deferred-', PDB: '', fileVersion: 10.0.22000.1
C:\WINDOWS\SYSTEM32\WINHTTP.dll:WINHTTP.dll (00007FFB1E030000), size: 1130496 (result: 0), SymType: '-deferred-', PDB: '', fileVersion: 10.0.22000.1165
C:\WINDOWS\SYSTEM32\GLU32.dll:GLU32.dll (00007FFB03160000), size: 184320 (result: 0), SymType: '-deferred-', PDB: '', fileVersion: 10.0.22000.1042
C:\WINDOWS\SYSTEM32\OPENGL32.dll:OPENGL32.dll (00007FFAFCDC0000), size: 1052672 (result: 0), SymType: '-deferred-', PDB: '', fileVersion: 10.0.22000.1042
C:\WINDOWS\SYSTEM32\MSVCP140.dll:MSVCP140.dll (00007FFB11D20000), size: 581632 (result: 0), SymType: '-deferred-', PDB: '', fileVersion: 14.34.31931.0
C:\WINDOWS\SYSTEM32\VCRUNTIME140.dll:VCRUNTIME140.dll (00007FFB11DB0000), size: 110592 (result: 0), SymType: '-deferred-', PDB: '', fileVersion: 14.34.31931.0
F:\Softwave\Unity\2021.3.16f1c1\Editor\tbb12.dll:tbb12.dll (00007FFABD020000), size: 434176 (result: 0), SymType: '-deferred-', PDB: ''
F:\Softwave\Unity\2021.3.16f1c1\Editor\SketchUpCommonPreferences.dll:SketchUpCommonPreferences.dll (00007FFABD090000), size: 479232 (result: 0), SymType: '-deferred-', PDB: '', fileVersion: 20.2.172.37
F:\Softwave\Unity\2021.3.16f1c1\Editor\RadeonML.dll:RadeonML.dll (00007FFB14460000), size: 94208 (result: 0), SymType: '-deferred-', PDB: '', fileVersion: 0.9.11.0
C:\WINDOWS\SYSTEM32\Secur32.dll:Secur32.dll (00007FFB11CE0000), size: 49152 (result: 0), SymType: '-deferred-', PDB: '', fileVersion: 10.0.22000.675
F:\Softwave\Unity\2021.3.16f1c1\Editor\tbbmalloc.dll:tbbmalloc.dll (00007FFABBCD0000), size: 282624 (result: 0), SymType: '-deferred-', PDB: ''
C:\WINDOWS\SYSTEM32\VCRUNTIME140_1.dll:VCRUNTIME140_1.dll (00007FFB11D10000), size: 49152 (result: 0), SymType: '-deferred-', PDB: '', fileVersion: 14.34.31931.0
C:\WINDOWS\SYSTEM32\dxcore.dll:dxcore.dll (00007FFB228E0000), size: 229376 (result: 0), SymType: '-deferred-', PDB: '', fileVersion: 10.0.22000.653
C:\WINDOWS\SYSTEM32\SSPICLI.DLL:SSPICLI.DLL (00007FFB248C0000), size: 270336 (result: 0), SymType: '-deferred-', PDB: '', fileVersion: 10.0.22000.1098
F:\Softwave\Unity\2021.3.16f1c1\Editor\OpenRL.dll:OpenRL.dll (0000020799A00000), size: 12779520 (result: 0), SymType: '-deferred-', PDB: '', fileVersion: 1.5.0.2907
C:\WINDOWS\SYSTEM32\MSVCR100.dll:MSVCR100.dll (000000005B740000), size: 860160 (result: 0), SymType: '-deferred-', PDB: '', fileVersion: 10.0.40219.325
C:\WINDOWS\SYSTEM32\MSVCP100.dll:MSVCP100.dll (000000005B820000), size: 622592 (result: 0), SymType: '-deferred-', PDB: '', fileVersion: 10.0.40219.325
F:\Softwave\Unity\2021.3.16f1c1\Editor\embree.dll:embree.dll (00007FFA908A0000), size: 16711680 (result: 0), SymType: '-deferred-', PDB: '', fileVersion: 2.14.0.0
F:\Softwave\Unity\2021.3.16f1c1\Editor\tbb.dll:tbb.dll (00007FFABA0C0000), size: 413696 (result: 0), SymType: '-deferred-', PDB: '', fileVersion: 2017.0.2016.1004
C:\WINDOWS\SYSTEM32\MSVCP120.dll:MSVCP120.dll (00007FFABA010000), size: 679936 (result: 0), SymType: '-deferred-', PDB: '', fileVersion: 12.0.40664.0
C:\WINDOWS\SYSTEM32\MSVCR120.dll:MSVCR120.dll (00007FFAB9F20000), size: 978944 (result: 0), SymType: '-deferred-', PDB: '', fileVersion: 12.0.40664.0
F:\Softwave\Unity\2021.3.16f1c1\Editor\OpenRL_pthread.dll:OpenRL_pthread.dll (000002079A650000), size: 61440 (result: 0), SymType: '-deferred-', PDB: '', fileVersion: 2.9.0.0
C:\WINDOWS\SYSTEM32\MSASN1.dll:MSASN1.dll (00007FFB24DE0000), size: 73728 (result: 0), SymType: '-deferred-', PDB: '', fileVersion: 10.0.22000.1219
C:\WINDOWS\SYSTEM32\CRYPTSP.dll:CRYPTSP.dll (00007FFB24D80000), size: 98304 (result: 0), SymType: '-deferred-', PDB: '', fileVersion: 10.0.22000.1
C:\WINDOWS\system32\rsaenh.dll:rsaenh.dll (00007FFB24590000), size: 217088 (result: 0), SymType: '-deferred-', PDB: '', fileVersion: 10.0.22000.282
C:\WINDOWS\SYSTEM32\CRYPTBASE.dll:CRYPTBASE.dll (00007FFB24DA0000), size: 49152 (result: 0), SymType: '-deferred-', PDB: '', fileVersion: 10.0.22000.1
C:\WINDOWS\System32\bcryptPrimitives.dll:bcryptPrimitives.dll (00007FFB25DF0000), size: 520192 (result: 0), SymType: '-deferred-', PDB: '', fileVersion: 10.0.22000.1455
C:\WINDOWS\SYSTEM32\MSWSOCK.DLL:MSWSOCK.DLL (00007FFB24AD0000), size: 421888 (result: 0), SymType: '-deferred-', PDB: '', fileVersion: 10.0.22000.1
C:\WINDOWS\SYSTEM32\cfgmgr32.DLL:cfgmgr32.DLL (00007FFB25280000), size: 311296 (result: 0), SymType: '-deferred-', PDB: '', fileVersion: 10.0.22000.1
C:\WINDOWS\SYSTEM32\kernel.appcore.dll:kernel.appcore.dll (00007FFB24630000), size: 98304 (result: 0), SymType: '-deferred-', PDB: '', fileVersion: 10.0.22000.71
C:\WINDOWS\system32\uxtheme.dll:uxtheme.dll (00007FFB227D0000), size: 704512 (result: 0), SymType: '-deferred-', PDB: '', fileVersion: 10.0.22000.832
C:\WINDOWS\System32\shcore.dll:shcore.dll (00007FFB25F60000), size: 958464 (result: 0), SymType: '-deferred-', PDB: '', fileVersion: 10.0.22000.613
C:\WINDOWS\SYSTEM32\windows.storage.dll:windows.storage.dll (00007FFB236A0000), size: 8802304 (result: 0), SymType: '-deferred-', PDB: '', fileVersion: 10.0.22000.1281
C:\WINDOWS\SYSTEM32\wintypes.dll:wintypes.dll (00007FFB23530000), size: 1466368 (result: 0), SymType: '-deferred-', PDB: '', fileVersion: 10.0.22000.1165
C:\WINDOWS\SYSTEM32\profapi.dll:profapi.dll (00007FFB254E0000), size: 135168 (result: 0), SymType: '-deferred-', PDB: '', fileVersion: 10.0.22000.1
C:\WINDOWS\system32\IconCodecService.dll:IconCodecService.dll (00007FFB15CD0000), size: 36864 (result: 0), SymType: '-deferred-', PDB: '', fileVersion: 10.0.22000.1
C:\WINDOWS\SYSTEM32\WindowsCodecs.dll:WindowsCodecs.dll (00007FFB1DDB0000), size: 1761280 (result: 0), SymType: '-deferred-', PDB: '', fileVersion: 10.0.22000.1042
C:\WINDOWS\System32\clbcatq.dll:clbcatq.dll (00007FFB27860000), size: 741376 (result: 0), SymType: '-deferred-', PDB: '', fileVersion: 2001.12.10941.16384
C:\WINDOWS\System32\netprofm.dll:netprofm.dll (00007FFB20B00000), size: 462848 (result: 0), SymType: '-deferred-', PDB: '', fileVersion: 10.0.22000.1281
C:\WINDOWS\System32\npmproxy.dll:npmproxy.dll (00007FFB1D870000), size: 73728 (result: 0), SymType: '-deferred-', PDB: '', fileVersion: 10.0.22000.1281
C:\WINDOWS\System32\NSI.dll:NSI.dll (00007FFB26E10000), size: 36864 (result: 0), SymType: '-deferred-', PDB: '', fileVersion: 10.0.22000.1
C:\WINDOWS\SYSTEM32\DNSAPI.dll:DNSAPI.dll (00007FFB24190000), size: 950272 (result: 0), SymType: '-deferred-', PDB: '', fileVersion: 10.0.22000.1165
C:\WINDOWS\system32\napinsp.dll:napinsp.dll (00007FFB0B330000), size: 94208 (result: 0), SymType: '-deferred-', PDB: '', fileVersion: 10.0.22000.1
C:\WINDOWS\system32\pnrpnsp.dll:pnrpnsp.dll (00007FFB0B310000), size: 110592 (result: 0), SymType: '-deferred-', PDB: '', fileVersion: 10.0.22000.1
C:\WINDOWS\System32\winrnr.dll:winrnr.dll (00007FFB0B2F0000), size: 73728 (result: 0), SymType: '-deferred-', PDB: '', fileVersion: 10.0.22000.1
C:\WINDOWS\system32\wshbth.dll:wshbth.dll (00007FFB0B170000), size: 86016 (result: 0), SymType: '-deferred-', PDB: '', fileVersion: 10.0.22000.653
C:\WINDOWS\system32\nlansp_c.dll:nlansp_c.dll (00007FFB0B150000), size: 126976 (result: 0), SymType: '-deferred-', PDB: '', fileVersion: 10.0.22000.653
C:\Program Files\Bonjour\mdnsNSP.dll:mdnsNSP.dll (000000005CDD0000), size: 155648 (result: 0), SymType: '-deferred-', PDB: '', fileVersion: 3.1.0.1
C:\WINDOWS\System32\fwpuclnt.dll:fwpuclnt.dll (00007FFB1D970000), size: 528384 (result: 0), SymType: '-deferred-', PDB: '', fileVersion: 10.0.22000.1455
C:\Windows\System32\rasadhlp.dll:rasadhlp.dll (00007FFB19E80000), size: 40960 (result: 0), SymType: '-deferred-', PDB: '', fileVersion: 10.0.22000.1
F:\Softwave\Unity\2021.3.16f1c1\Editor\NVUnityPlugin.DLL:NVUnityPlugin.DLL (00007FFAB9DA0000), size: 1536000 (result: 0), SymType: '-deferred-', PDB: ''
F:\Softwave\Unity\2021.3.16f1c1\Editor\Data\Tools\astcenc-avx2.dll:astcenc-avx2.dll (00007FFAB9D10000), size: 561152 (result: 0), SymType: '-deferred-', PDB: ''
C:\WINDOWS\SYSTEM32\d3d11.dll:d3d11.dll (00007FFB1EA60000), size: 2621440 (result: 0), SymType: '-deferred-', PDB: '', fileVersion: 10.0.22000.1042
C:\WINDOWS\SYSTEM32\dxgi.dll:dxgi.dll (00007FFB22930000), size: 995328 (result: 0), SymType: '-deferred-', PDB: '', fileVersion: 10.0.22000.1042
C:\WINDOWS\SYSTEM32\directxdatabasehelper.dll:directxdatabasehelper.dll (00007FFB20AB0000), size: 278528 (result: 0), SymType: '-deferred-', PDB: '', fileVersion: 10.0.22000.653
C:\WINDOWS\SYSTEM32\ntmarta.dll:ntmarta.dll (00007FFB24650000), size: 212992 (result: 0), SymType: '-deferred-', PDB: '', fileVersion: 10.0.22000.1
C:\WINDOWS\System32\DriverStore\FileRepository\nvdmig.inf_amd64_7efdce2c583d3fe8\nvldumdx.dll:nvldumdx.dll (00007FFB1D180000), size: 1142784 (result: 0), SymType: '-deferred-', PDB: '', fileVersion: 31.0.15.1659
C:\WINDOWS\SYSTEM32\cryptnet.dll:cryptnet.dll (00007FFB1D140000), size: 200704 (result: 0), SymType: '-deferred-', PDB: '', fileVersion: 10.0.22000.1
C:\WINDOWS\SYSTEM32\drvstore.dll:drvstore.dll (00007FFB1CFF0000), size: 1347584 (result: 0), SymType: '-deferred-', PDB: '', fileVersion: 10.0.22000.120
C:\WINDOWS\SYSTEM32\devobj.dll:devobj.dll (00007FFB252D0000), size: 180224 (result: 0), SymType: '-deferred-', PDB: '', fileVersion: 10.0.22000.1
C:\WINDOWS\SYSTEM32\wldp.dll:wldp.dll (00007FFB24E80000), size: 266240 (result: 0), SymType: '-deferred-', PDB: '', fileVersion: 10.0.22000.1281
C:\WINDOWS\System32\imagehlp.dll:imagehlp.dll (00007FFB261B0000), size: 126976 (result: 0), SymType: '-deferred-', PDB: '', fileVersion: 10.0.22000.1
C:\WINDOWS\System32\DriverStore\FileRepository\nvdmig.inf_amd64_7efdce2c583d3fe8\nvwgf2umx.dll:nvwgf2umx.dll (00007FFAA1C30000), size: 44015616 (result: 0), SymType: '-deferred-', PDB: '', fileVersion: 31.0.15.1659
C:\WINDOWS\system32\nvspcap64.dll:nvspcap64.dll (00007FFADDE50000), size: 2912256 (result: 0), SymType: '-deferred-', PDB: '', fileVersion: 3.25.1.27
C:\WINDOWS\system32\wbem\wbemprox.dll:wbemprox.dll (00007FFB1D790000), size: 65536 (result: 0), SymType: '-deferred-', PDB: '', fileVersion: 10.0.22000.1
C:\WINDOWS\SYSTEM32\wbemcomn.dll:wbemcomn.dll (00007FFB1C740000), size: 532480 (result: 0), SymType: '-deferred-', PDB: '', fileVersion: 10.0.22000.1
C:\WINDOWS\system32\wbem\wbemsvc.dll:wbemsvc.dll (00007FFB1B4B0000), size: 81920 (result: 0), SymType: '-deferred-', PDB: '', fileVersion: 10.0.22000.1
C:\WINDOWS\system32\wbem\fastprox.dll:fastprox.dll (00007FFB1AAD0000), size: 1024000 (result: 0), SymType: '-deferred-', PDB: '', fileVersion: 10.0.22000.1
C:\WINDOWS\SYSTEM32\amsi.dll:amsi.dll (00007FFB1AC60000), size: 143360 (result: 0), SymType: '-deferred-', PDB: '', fileVersion: 10.0.22000.1042
F:\Softwave\Unity\2021.3.16f1c1\Editor\cudart64_90.dll:cudart64_90.dll (00007FFAB9CA0000), size: 397312 (result: 0), SymType: '-deferred-', PDB: '', fileVersion: 6.14.11.9000
C:\WINDOWS\SYSTEM32\opencl.dll:opencl.dll (00007FFAB9B30000), size: 1474560 (result: 0), SymType: '-deferred-', PDB: '', fileVersion: 3.0.1.0
F:\Softwave\Unity\2021.3.16f1c1\Editor\radeonrays.dll:radeonrays.dll (00007FFAAD200000), size: 557056 (result: 0), SymType: '-deferred-', PDB: ''
F:\Softwave\Unity\2021.3.16f1c1\Editor\Data\MonoBleedingEdge\EmbedRuntime\mono-2.0-bdwgc.dll:mono-2.0-bdwgc.dll (00007FFA8FE60000), size: 10686464 (result: 0), SymType: '-deferred-', PDB: ''
C:\WINDOWS\SYSTEM32\PROPSYS.dll:PROPSYS.dll (00007FFB23240000), size: 1011712 (result: 0), SymType: '-deferred-', PDB: '', fileVersion: 7.0.22000.37
C:\WINDOWS\WinSxS\amd64_microsoft.windows.common-controls_6595b64144ccf1df_6.0.22000.120_none_9d947278b86cc467\comctl32.dll:comctl32.dll (00007FFB06340000), size: 2772992 (result: 0), SymType: '-deferred-', PDB: '', fileVersion: 6.10.22000.120
C:\Windows\System32\thumbcache.dll:thumbcache.dll (00007FFAFF400000), size: 417792 (result: 0), SymType: '-deferred-', PDB: '', fileVersion: 10.0.22000.51
C:\WINDOWS\SYSTEM32\policymanager.dll:policymanager.dll (00007FFB1DCE0000), size: 659456 (result: 0), SymType: '-deferred-', PDB: '', fileVersion: 10.0.22000.1281
C:\WINDOWS\SYSTEM32\msvcp110_win.dll:msvcp110_win.dll (00007FFB1DC40000), size: 598016 (result: 0), SymType: '-deferred-', PDB: '', fileVersion: 10.0.22000.1
C:\Windows\System32\Windows.System.Launcher.dll:Windows.System.Launcher.dll (00007FFB19B50000), size: 1286144 (result: 0), SymType: '-deferred-', PDB: '', fileVersion: 10.0.22000.1165
C:\WINDOWS\SYSTEM32\windows.staterepositorycore.dll:windows.staterepositorycore.dll (00007FFB1E930000), size: 110592 (result: 0), SymType: '-deferred-', PDB: '', fileVersion: 10.0.22000.1281
C:\WINDOWS\SYSTEM32\dbghelp.dll:dbghelp.dll (00007FFB22FF0000), size: 2232320 (result: 0), SymType: '-deferred-', PDB: '', fileVersion: 10.0.22000.1

========== OUTPUTTING STACK TRACE ==================

0x00007FFB2588441C (KERNELBASE) RaiseException
0x00007FF6EA50CF4B (Unity) EditorMonoConsole::LogToConsoleImplementation
0x00007FF6EA50DA3D (Unity) EditorMonoConsole::LogToConsoleImplementation
0x00007FF6EB13E217 (Unity) DebugStringToFilePostprocessedStacktrace
0x00007FF6EB13D96D (Unity) DebugStringToFile
0x00007FF6E972CC13 (Unity) CachedReader::OutOfBoundsError
0x00007FF6E972DAB4 (Unity) CachedReader::UpdateReadCache
0x00007FF6E9A5CA81 (Unity) Transfer_Blittable_SingleValueField<StreamedBinaryRead,signed char>
0x00007FF6E99B6786 (Unity) ExecuteSerializationCommands<JSONRead>
0x00007FF6E99CEBB8 (Unity) <lambda_580fa16bd23d18c3e466e7b58feca0a1>::operator()
0x00007FF6E99C9771 (Unity) TransferScriptingObject<StreamedBinaryRead>
0x00007FF6E99CACEC (Unity) SerializableManagedRefTransfer::TransferScriptingObjectWithSerializedRefSupport<StreamedBinaryRead>
0x00007FF6E99E055E (Unity) SerializableManagedRefTransfer::TransferBinaryInstanceOnly
0x00007FF6E99B811F (Unity) SerializableManagedRefTransfer::RestoreBackupImpl<SerializableManagedRefBackupGenerator>
0x00007FF6E99B7F45 (Unity) SerializableManagedRefTransfer::RestoreBackup<SerializableManagedRefBackupGenerator>
0x00007FF6E9A7FB82 (Unity) SerializableManagedRefsUtilities::RestoreBackups
0x00007FF6E99D33C0 (Unity) MonoManager::EndReloadAssembly
0x00007FF6E99DAF78 (Unity) MonoManager::ReloadAssembly
0x00007FF6EA93C112 (Unity) LoadDomainAndUserAssemblies
0x00007FF6EA93C844 (Unity) LoadUserAssemblies
0x00007FF6EAE2E9AF (Unity) <lambda_0e96aaceb0751975388dc21aef21f656>::operator()
0x00007FF6EAE70B12 (Unity) asio::detail::completion_handler<core::mutable_function<void __cdecl(void)>,asio::io_context::basic_executor_type<std::allocator<void>,0> >::do_complete
0x00007FF6EAE5C9FE (Unity) asio::detail::win_iocp_io_context::do_one
0x00007FF6EAE5E664 (Unity) asio::detail::win_iocp_io_context::run
0x00007FF6EAE6EEFE (Unity) IOService::Run
0x00007FF6EAE41B0F (Unity) AssetImportWorkerClient::Run
0x00007FF6EAE0BB53 (Unity) RunAssetImportWorkerClientV2
0x00007FF6EAE0BBDB (Unity) RunAssetImporterV2
0x00007FF6EA625C58 (Unity) Application::InitializeProject
0x00007FF6EAA8BEE8 (Unity) WinMain
0x00007FF6EBE5E2DE (Unity) __scrt_common_main_seh
0x00007FFB260655A0 (KERNEL32) BaseThreadInitThunk
0x00007FFB280E485B (ntdll) RtlUserThreadStart

========== END OF STACKTRACE ===========

A crash has been intercepted by the crash handler. For call stack and other details, see the latest crash report generated in:
 * C:/Users/47459/AppData/Local/Temp/Unity/Editor/Crashes
